[2026-02-27 17:00] 开始搜索...
  搜索 Twitter...
  搜索 News...
  推送到Telegram...
✅ 推送成功
[2026-02-27 17:00] 完成
[2026-02-27 18:00] 开始搜索...
  搜索 Twitter...
  搜索 News...
  推送到Telegram...
✅ 推送成功
[2026-02-27 18:00] 完成
[2026-02-27 19:00] 开始搜索...
  搜索 Twitter...
  搜索 News...
  推送到Telegram...
✅ 推送成功
[2026-02-27 19:00] 完成
[2026-02-27 20:00] 开始搜索...
  搜索 Twitter...
  搜索 News...
  推送到Telegram...
✅ 推送成功
[2026-02-27 20:00] 完成
[2026-02-27 21:00] 开始搜索...
  搜索 Twitter...
  搜索 News...
  推送到Telegram...
✅ 推送成功
[2026-02-27 21:00] 完成
[2026-02-27 22:00] 开始搜索...
  搜索 Twitter...
  搜索 News...
  推送到Telegram...
✅ 推送成功
[2026-02-27 22:00] 完成
[2026-02-27 23:00] 开始搜索...
  搜索 Twitter...
  搜索 News...
  推送到Telegram...
✅ 推送成功
[2026-02-27 23:00] 完成
[2026-02-28 00:00] 跳过（不在9-23点）
[2026-02-28 01:00] 跳过（不在9-23点）
[2026-02-28 02:00] 跳过（不在9-23点）
[2026-02-28 03:00] 跳过（不在9-23点）
[2026-02-28 04:00] 跳过（不在9-23点）
[2026-02-28 05:00] 跳过（不在9-23点）
[2026-02-28 06:00] 跳过（不在9-23点）
[2026-02-28 07:00] 跳过（不在9-23点）
