2026-02-12 09:05:15,300 [INFO] 🔌 正在初始化【幸存者联盟】交易所...
2026-02-12 09:05:15,300 [INFO] 🔌 正在初始化【幸存者联盟】交易所...
2026-02-12 09:05:15,318 [INFO] ✅ 加载成功: OKX
2026-02-12 09:05:15,318 [INFO] ✅ 加载成功: OKX
2026-02-12 09:05:15,335 [INFO] ✅ 加载成功: BITGET
2026-02-12 09:05:15,335 [INFO] ✅ 加载成功: BITGET
2026-02-12 09:05:15,342 [INFO] ✅ 加载成功: MEXC
2026-02-12 09:05:15,342 [INFO] ✅ 加载成功: MEXC
2026-02-12 09:05:15,351 [INFO] ✅ 加载成功: GATE
2026-02-12 09:05:15,351 [INFO] ✅ 加载成功: GATE
2026-02-12 09:05:15,352 [INFO] 🔄 数据库恢复完成: 0 个盯盘任务.
2026-02-12 09:05:15,352 [INFO] 🔄 数据库恢复完成: 0 个盯盘任务.
2026-02-12 09:05:15,352 [INFO] 📡 开始拉取全市场数据 (OKX/MEXC/Bitget/Gate)...
2026-02-12 09:05:15,352 [INFO] 📡 开始拉取全市场数据 (OKX/MEXC/Bitget/Gate)...
2026-02-12 09:05:16,882 [INFO]   - MEXC: 提取了 0 个活跃标的
2026-02-12 09:05:16,882 [INFO]   - MEXC: 提取了 0 个活跃标的
2026-02-12 09:05:17,327 [INFO]   - OKX: 提取了 0 个活跃标的
2026-02-12 09:05:17,327 [INFO]   - OKX: 提取了 0 个活跃标的
2026-02-12 09:05:18,490 [INFO]   - BITGET: 提取了 0 个活跃标的
2026-02-12 09:05:18,490 [INFO]   - BITGET: 提取了 0 个活跃标的
2026-02-12 09:05:22,637 [INFO]   - GATE: 提取了 0 个活跃标的
2026-02-12 09:05:22,637 [INFO]   - GATE: 提取了 0 个活跃标的
2026-02-12 09:09:09,159 [INFO] 🔌 正在初始化【幸存者联盟】交易所...
2026-02-12 09:09:09,159 [INFO] 🔌 正在初始化【幸存者联盟】交易所...
2026-02-12 09:09:09,172 [INFO] ✅ 加载成功: OKX
2026-02-12 09:09:09,172 [INFO] ✅ 加载成功: OKX
2026-02-12 09:09:09,186 [INFO] ✅ 加载成功: BITGET
2026-02-12 09:09:09,186 [INFO] ✅ 加载成功: BITGET
2026-02-12 09:09:09,195 [INFO] ✅ 加载成功: MEXC
2026-02-12 09:09:09,195 [INFO] ✅ 加载成功: MEXC
2026-02-12 09:09:09,205 [INFO] ✅ 加载成功: GATE
2026-02-12 09:09:09,205 [INFO] ✅ 加载成功: GATE
2026-02-12 09:09:09,206 [INFO] 🔄 数据库恢复完成: 0 个盯盘任务.
2026-02-12 09:09:09,206 [INFO] 🔄 数据库恢复完成: 0 个盯盘任务.
2026-02-12 09:09:09,207 [INFO] 📡 开始拉取全市场数据 (OKX/MEXC/BITGET/GATE)...
2026-02-12 09:09:09,207 [INFO] 📡 开始拉取全市场数据 (OKX/MEXC/BITGET/GATE)...
2026-02-12 09:09:09,207 [INFO]   📡 OKX: 加载市场...
2026-02-12 09:09:09,207 [INFO]   📡 OKX: 加载市场...
2026-02-12 09:09:10,307 [INFO]      找到 551 个 USDT 合约
2026-02-12 09:09:10,307 [INFO]      找到 551 个 USDT 合约
2026-02-12 09:09:21,471 [INFO]   - OKX: 19 个符合成交量要求
2026-02-12 09:09:21,471 [INFO]   - OKX: 19 个符合成交量要求
2026-02-12 09:09:21,472 [INFO]   📡 BITGET: 加载市场...
2026-02-12 09:09:21,472 [INFO]   📡 BITGET: 加载市场...
2026-02-12 09:09:23,335 [INFO]      找到 1172 个 USDT 合约
2026-02-12 09:09:23,335 [INFO]      找到 1172 个 USDT 合约
2026-02-12 09:09:28,476 [INFO]   - BITGET: 7 个符合成交量要求
2026-02-12 09:09:28,476 [INFO]   - BITGET: 7 个符合成交量要求
2026-02-12 09:09:28,477 [INFO]   📡 MEXC: 加载市场...
2026-02-12 09:09:28,477 [INFO]   📡 MEXC: 加载市场...
2026-02-12 09:09:29,693 [INFO]      找到 2777 个 USDT 合约
2026-02-12 09:09:29,693 [INFO]      找到 2777 个 USDT 合约
2026-02-12 09:09:39,798 [INFO]   - MEXC: 3 个符合成交量要求
2026-02-12 09:09:39,798 [INFO]   - MEXC: 3 个符合成交量要求
2026-02-12 09:09:39,798 [INFO]   📡 GATE: 加载市场...
2026-02-12 09:09:39,798 [INFO]   📡 GATE: 加载市场...
2026-02-12 09:09:46,143 [INFO]      找到 2949 个 USDT 合约
2026-02-12 09:09:46,143 [INFO]      找到 2949 个 USDT 合约
2026-02-12 09:09:51,289 [INFO]   - GATE: 2 个符合成交量要求
2026-02-12 09:09:51,289 [INFO]   - GATE: 2 个符合成交量要求
2026-02-12 09:09:51,289 [INFO] 💎 全域大并集构建完毕，总计: 31 个标的
2026-02-12 09:09:51,289 [INFO] 💎 全域大并集构建完毕，总计: 31 个标的
2026-02-12 09:09:51,290 [INFO] 🔍 开始并发扫描 31 个标的...
2026-02-12 09:09:51,290 [INFO] 🔍 开始并发扫描 31 个标的...
2026-02-12 09:09:51,488 [INFO] 🎯 锁定目标: [GATE] XRP/USDT
2026-02-12 09:09:51,488 [INFO] 🎯 锁定目标: [GATE] XRP/USDT
2026-02-12 09:09:51,591 [INFO] 🎯 锁定目标: [OKX] BTC/USDT
2026-02-12 09:09:51,591 [INFO] 🎯 锁定目标: [OKX] BTC/USDT
2026-02-12 09:09:51,747 [INFO] 🎯 锁定目标: [BITGET] XAUT/USDT
2026-02-12 09:09:51,747 [INFO] 🎯 锁定目标: [BITGET] XAUT/USDT
2026-02-12 09:09:51,767 [INFO] 🎯 锁定目标: [OKX] XRP/USDT
2026-02-12 09:09:51,767 [INFO] 🎯 锁定目标: [OKX] XRP/USDT
2026-02-12 09:09:51,966 [INFO] 🎯 锁定目标: [GATE] PAXG/USDT
2026-02-12 09:09:51,966 [INFO] 🎯 锁定目标: [GATE] PAXG/USDT
2026-02-12 09:09:52,126 [INFO] 🎯 锁定目标: [OKX] OKB/USDT
2026-02-12 09:09:52,126 [INFO] 🎯 锁定目标: [OKX] OKB/USDT
2026-02-12 09:09:52,238 [INFO] 🎯 锁定目标: [OKX] AVAX/USDT
2026-02-12 09:09:52,238 [INFO] 🎯 锁定目标: [OKX] AVAX/USDT
2026-02-12 09:09:52,565 [INFO] ✅ 全域雷达扫描完成。
2026-02-12 09:09:52,565 [INFO] ✅ 全域雷达扫描完成。
2026-02-12 09:09:54,505 [INFO] 📧 邮件已发送: 【发现】XRP/USDT 在 OKX 收敛
2026-02-12 09:09:54,505 [INFO] 📧 邮件已发送: 【发现】XRP/USDT 在 OKX 收敛
2026-02-12 09:09:54,511 [INFO] 📧 邮件已发送: 【发现】BTC/USDT 在 OKX 收敛
2026-02-12 09:09:54,511 [INFO] 📧 邮件已发送: 【发现】BTC/USDT 在 OKX 收敛
2026-02-12 09:09:54,561 [INFO] 📧 邮件已发送: 【发现】XRP/USDT 在 GATE 收敛
2026-02-12 09:09:54,561 [INFO] 📧 邮件已发送: 【发现】XRP/USDT 在 GATE 收敛
2026-02-12 09:09:54,724 [INFO] 📧 邮件已发送: 【发现】XAUT/USDT 在 BITGET 收敛
2026-02-12 09:09:54,724 [INFO] 📧 邮件已发送: 【发现】XAUT/USDT 在 BITGET 收敛
2026-02-12 09:09:54,861 [INFO] 📧 邮件已发送: 【发现】OKB/USDT 在 OKX 收敛
2026-02-12 09:09:54,861 [INFO] 📧 邮件已发送: 【发现】OKB/USDT 在 OKX 收敛
2026-02-12 09:09:54,980 [INFO] 📧 邮件已发送: 【发现】PAXG/USDT 在 GATE 收敛
2026-02-12 09:09:54,980 [INFO] 📧 邮件已发送: 【发现】PAXG/USDT 在 GATE 收敛
2026-02-12 09:09:57,361 [INFO] 📧 邮件已发送: 【发现】AVAX/USDT 在 OKX 收敛
2026-02-12 09:09:57,361 [INFO] 📧 邮件已发送: 【发现】AVAX/USDT 在 OKX 收敛
2026-02-12 09:35:07,054 [INFO] 🔌 正在初始化【幸存者联盟】交易所...
2026-02-12 09:35:07,054 [INFO] 🔌 正在初始化【幸存者联盟】交易所...
2026-02-12 09:35:07,065 [INFO] ✅ 加载成功: OKX
2026-02-12 09:35:07,065 [INFO] ✅ 加载成功: OKX
2026-02-12 09:35:07,078 [INFO] ✅ 加载成功: BITGET
2026-02-12 09:35:07,078 [INFO] ✅ 加载成功: BITGET
2026-02-12 09:35:07,085 [INFO] ✅ 加载成功: MEXC
2026-02-12 09:35:07,085 [INFO] ✅ 加载成功: MEXC
2026-02-12 09:35:07,096 [INFO] ✅ 加载成功: GATE
2026-02-12 09:35:07,096 [INFO] ✅ 加载成功: GATE
2026-02-12 09:35:07,098 [INFO] 🔄 数据库恢复完成: 7 个盯盘任务.
2026-02-12 09:35:07,098 [INFO] 🔄 数据库恢复完成: 7 个盯盘任务.
2026-02-12 09:35:07,098 [INFO] 📡 开始拉取全市场数据 (OKX/MEXC/BITGET/GATE)...
2026-02-12 09:35:07,098 [INFO] 📡 开始拉取全市场数据 (OKX/MEXC/BITGET/GATE)...
2026-02-12 09:35:07,098 [INFO]   📡 OKX: 加载市场...
2026-02-12 09:35:07,098 [INFO]   📡 OKX: 加载市场...
2026-02-12 09:35:08,569 [INFO]      找到 551 个 USDT 合约
2026-02-12 09:35:08,569 [INFO]      找到 551 个 USDT 合约
2026-02-12 09:35:21,568 [INFO]   - OKX: 19 个符合成交量要求
2026-02-12 09:35:21,568 [INFO]   - OKX: 19 个符合成交量要求
2026-02-12 09:35:21,569 [INFO]   📡 BITGET: 加载市场...
2026-02-12 09:35:21,569 [INFO]   📡 BITGET: 加载市场...
2026-02-12 09:35:21,571 [INFO]      找到 1172 个 USDT 合约
2026-02-12 09:35:21,571 [INFO]      找到 1172 个 USDT 合约
2026-02-12 09:35:26,663 [INFO]   - BITGET: 8 个符合成交量要求
2026-02-12 09:35:26,663 [INFO]   - BITGET: 8 个符合成交量要求
2026-02-12 09:35:26,664 [INFO]   📡 MEXC: 加载市场...
2026-02-12 09:35:26,664 [INFO]   📡 MEXC: 加载市场...
2026-02-12 09:35:27,848 [INFO]      找到 2778 个 USDT 合约
2026-02-12 09:35:27,848 [INFO]      找到 2778 个 USDT 合约
2026-02-12 09:35:37,954 [INFO]   - MEXC: 3 个符合成交量要求
2026-02-12 09:35:37,954 [INFO]   - MEXC: 3 个符合成交量要求
2026-02-12 09:35:37,954 [INFO]   📡 GATE: 加载市场...
2026-02-12 09:35:37,954 [INFO]   📡 GATE: 加载市场...
2026-02-12 09:35:37,959 [INFO]      找到 2949 个 USDT 合约
2026-02-12 09:35:37,959 [INFO]      找到 2949 个 USDT 合约
2026-02-12 09:35:43,079 [INFO]   - GATE: 2 个符合成交量要求
2026-02-12 09:35:43,079 [INFO]   - GATE: 2 个符合成交量要求
2026-02-12 09:35:43,079 [INFO] 💎 全域大并集构建完毕，总计: 32 个标的
2026-02-12 09:35:43,079 [INFO] 💎 全域大并集构建完毕，总计: 32 个标的
2026-02-12 09:35:43,080 [INFO] 🔍 开始并发扫描 32 个标的 (需满足 3次触及+1次拒绝)...
2026-02-12 09:35:43,080 [INFO] 🔍 开始并发扫描 32 个标的 (需满足 3次触及+1次拒绝)...
2026-02-12 09:35:43,543 [INFO] 🎯 完美结构锁定: [BITGET] MORPHO/USDT
2026-02-12 09:35:43,543 [INFO] 🎯 完美结构锁定: [BITGET] MORPHO/USDT
2026-02-12 09:35:43,605 [INFO] 🎯 完美结构锁定: [OKX] BNB/USDT
2026-02-12 09:35:43,605 [INFO] 🎯 完美结构锁定: [OKX] BNB/USDT
2026-02-12 09:35:43,779 [INFO] 🎯 完美结构锁定: [BITGET] LINK/USDT
2026-02-12 09:35:43,779 [INFO] 🎯 完美结构锁定: [BITGET] LINK/USDT
2026-02-12 09:35:44,103 [INFO] 🎯 完美结构锁定: [OKX] AAVE/USDT
2026-02-12 09:35:44,103 [INFO] 🎯 完美结构锁定: [OKX] AAVE/USDT
2026-02-12 09:35:44,149 [INFO] ✅ 全域雷达扫描完成。
2026-02-12 09:35:44,149 [INFO] ✅ 全域雷达扫描完成。
2026-02-12 09:35:46,385 [INFO] 📧 邮件已发送: 【完美结构】MORPHO/USDT 在 BITGET 收敛
2026-02-12 09:35:46,385 [INFO] 📧 邮件已发送: 【完美结构】MORPHO/USDT 在 BITGET 收敛
2026-02-12 09:35:46,609 [INFO] 📧 邮件已发送: 【完美结构】LINK/USDT 在 BITGET 收敛
2026-02-12 09:35:46,609 [INFO] 📧 邮件已发送: 【完美结构】LINK/USDT 在 BITGET 收敛
2026-02-12 09:35:47,227 [INFO] 📧 邮件已发送: 【完美结构】AAVE/USDT 在 OKX 收敛
2026-02-12 09:35:47,227 [INFO] 📧 邮件已发送: 【完美结构】AAVE/USDT 在 OKX 收敛
2026-02-12 09:35:48,242 [INFO] 📧 邮件已发送: 【完美结构】BNB/USDT 在 OKX 收敛
2026-02-12 09:35:48,242 [INFO] 📧 邮件已发送: 【完美结构】BNB/USDT 在 OKX 收敛
2026-02-12 10:13:27,161 [INFO] 🔌 初始化交易所 (CEX严格模式 + DEX无限制模式)...
2026-02-12 10:13:27,173 [INFO] ✅ OKX 就绪
2026-02-12 10:13:27,188 [INFO] ✅ BITGET 就绪
2026-02-12 10:13:27,197 [INFO] ✅ MEXC 就绪
2026-02-12 10:13:27,210 [INFO] ✅ GATE 就绪
2026-02-12 10:13:27,217 [INFO] ✅ HYPERLIQUID 就绪
2026-02-12 10:13:27,219 [INFO] 🔄 数据库恢复: 0 个任务.
2026-02-12 10:13:27,219 [INFO] 📡 拉取全市场数据...
2026-02-12 10:13:27,219 [INFO]   📡 OKX: 加载市场...
2026-02-12 10:13:28,327 [INFO]   - OKX: 提取 0 个标的 (CEX严格)
2026-02-12 10:13:28,327 [INFO]   📡 BITGET: 加载市场...
2026-02-12 10:13:30,204 [INFO]   - BITGET: 提取 0 个标的 (CEX严格)
2026-02-12 10:13:30,205 [INFO]   📡 MEXC: 加载市场...
2026-02-12 10:13:31,389 [INFO]   - MEXC: 提取 0 个标的 (CEX严格)
2026-02-12 10:13:31,390 [INFO]   📡 GATE: 加载市场...
2026-02-12 10:13:37,247 [INFO]   - GATE: 提取 0 个标的 (CEX严格)
2026-02-12 10:13:37,247 [INFO]   📡 HYPERLIQUID: 加载市场...
2026-02-12 10:13:48,193 [INFO]   - HYPERLIQUID: 提取 0 个标的 (DEX无限制)
2026-02-12 10:17:44,427 [INFO] 🔌 初始化交易所...
2026-02-12 10:17:44,439 [INFO] ✅ OKX 就绪
2026-02-12 10:17:44,457 [INFO] ✅ BITGET 就绪
2026-02-12 10:17:44,465 [INFO] ✅ MEXC 就绪
2026-02-12 10:17:44,474 [INFO] ✅ GATE 就绪
2026-02-12 10:17:44,479 [INFO] ✅ HYPERLIQUID 就绪
2026-02-12 10:17:44,480 [INFO] 🔄 数据库恢复: 0 个任务.
2026-02-12 10:17:44,480 [INFO] 📡 拉取全市场实时行情 (fetch_tickers)...
2026-02-12 10:17:44,481 [INFO]   📡 OKX: 加载市场...
2026-02-12 10:17:45,878 [INFO]   - OKX: 筛选出 0 个活跃标的
2026-02-12 10:17:45,878 [INFO]   📡 BITGET: 加载市场...
2026-02-12 10:17:48,040 [INFO]   - BITGET: 筛选出 106 个活跃标的
2026-02-12 10:17:48,041 [INFO]   📡 MEXC: 加载市场...
2026-02-12 10:17:54,566 [INFO]   - MEXC: 筛选出 139 个活跃标的
2026-02-12 10:17:54,567 [INFO]   📡 GATE: 加载市场...
2026-02-12 10:18:00,602 [WARNING]   - GATE fetch_tickers 失败: gate fetchTickers() not support self market type, provide symbols or set params["defaultType"] to one from spot/margin/swap/future/option
2026-02-12 10:18:00,603 [INFO]   📡 HYPERLIQUID: 加载市场...
2026-02-12 10:18:22,082 [INFO]   - HYPERLIQUID: 筛选出 350 个活跃标的
2026-02-12 10:18:22,084 [INFO] 🔍 扫描 595 个标的...
2026-02-12 10:18:22,350 [INFO] 🎯 锁定: [BITGET] BTC/USDT:USDT
2026-02-12 10:18:22,432 [INFO] 🎯 锁定: [BITGET] XRP/USDT:USDT
2026-02-12 10:18:22,475 [INFO] 🎯 锁定: [BITGET] BCH/USDT:USDT
2026-02-12 10:18:22,680 [INFO] 🎯 锁定: [BITGET] DOT/USDT:USDT
2026-02-12 10:18:22,809 [INFO] 🎯 锁定: [BITGET] BNB/USDT:USDT
2026-02-12 10:18:22,970 [INFO] 🎯 锁定: [BITGET] AAVE/USDT:USDT
2026-02-12 10:18:23,203 [INFO] 🎯 锁定: [BITGET] AVAX/USDT:USDT
2026-02-12 10:18:24,707 [INFO] 🎯 锁定: [BITGET] PAXG/USDT:USDT
2026-02-12 10:18:24,818 [INFO] 🎯 锁定: [BITGET] HMSTR/USDT:USDT
2026-02-12 10:18:25,157 [INFO] 📧 邮件发送: 【发现】BTC/USDT:USDT 在 BITGET 收敛
2026-02-12 10:18:25,234 [INFO] 📧 邮件发送: 【发现】XRP/USDT:USDT 在 BITGET 收敛
2026-02-12 10:18:25,412 [INFO] 📧 邮件发送: 【发现】BCH/USDT:USDT 在 BITGET 收敛
2026-02-12 10:18:25,503 [INFO] 📧 邮件发送: 【发现】BNB/USDT:USDT 在 BITGET 收敛
2026-02-12 10:18:25,624 [INFO] 📧 邮件发送: 【发现】DOT/USDT:USDT 在 BITGET 收敛
2026-02-12 10:18:26,008 [INFO] 🎯 锁定: [BITGET] XAUT/USDT:USDT
2026-02-12 10:18:26,019 [INFO] 📧 邮件发送: 【发现】AAVE/USDT:USDT 在 BITGET 收敛
2026-02-12 10:18:26,309 [INFO] 🎯 锁定: [BITGET] TSLA/USDT:USDT
2026-02-12 10:18:26,521 [INFO] 🎯 锁定: [BITGET] GOOGL/USDT:USDT
2026-02-12 10:18:26,558 [INFO] 🎯 锁定: [BITGET] AMZN/USDT:USDT
2026-02-12 10:18:26,850 [INFO] 🎯 锁定: [BITGET] PLTR/USDT:USDT
2026-02-12 10:18:27,051 [INFO] 🎯 锁定: [BITGET] MSFT/USDT:USDT
2026-02-12 10:18:27,726 [INFO] 🎯 锁定: [MEXC] BTC/USDT:USDT
2026-02-12 10:18:27,902 [INFO] 🎯 锁定: [BITGET] XAU/USDT:USDT
2026-02-12 10:18:27,941 [INFO] 🎯 锁定: [MEXC] XAUT/USDT:USDT
2026-02-12 10:18:27,970 [INFO] 🎯 锁定: [MEXC] SILVER/USDT:USDT
2026-02-12 10:18:27,987 [INFO] 🎯 锁定: [BITGET] XAG/USDT:USDT
2026-02-12 10:18:28,372 [INFO] 🎯 锁定: [MEXC] XRP/USDT:USDT
2026-02-12 10:18:28,457 [INFO] 📧 邮件发送: 【发现】AVAX/USDT:USDT 在 BITGET 收敛
2026-02-12 10:18:28,567 [INFO] 🎯 锁定: [MEXC] XRP/USD:XRP
2026-02-12 10:18:28,673 [INFO] 📧 邮件发送: 【发现】HMSTR/USDT:USDT 在 BITGET 收敛
2026-02-12 10:18:28,725 [INFO] 📧 邮件发送: 【发现】PAXG/USDT:USDT 在 BITGET 收敛
2026-02-12 10:18:29,107 [INFO] 📧 邮件发送: 【发现】XAUT/USDT:USDT 在 BITGET 收敛
2026-02-12 10:18:29,345 [INFO] 📧 邮件发送: 【发现】TSLA/USDT:USDT 在 BITGET 收敛
2026-02-12 10:18:29,781 [INFO] 📧 邮件发送: 【发现】GOOGL/USDT:USDT 在 BITGET 收敛
2026-02-12 10:18:30,068 [ERROR] ❌ 邮件失败: Connection unexpectedly closed
2026-02-12 10:18:30,266 [ERROR] ❌ 邮件失败: Connection unexpectedly closed
2026-02-12 10:18:30,309 [ERROR] ❌ 邮件失败: Connection unexpectedly closed
2026-02-12 10:18:30,785 [ERROR] ❌ 邮件失败: Connection unexpectedly closed
2026-02-12 10:18:30,995 [ERROR] ❌ 邮件失败: Connection unexpectedly closed
2026-02-12 10:18:31,318 [ERROR] ❌ 邮件失败: Connection unexpectedly closed
2026-02-12 10:18:31,400 [INFO] 🎯 锁定: [MEXC] BNB/USDT:USDT
2026-02-12 10:18:31,589 [INFO] 🎯 锁定: [MEXC] LTC/USDT:USDT
2026-02-12 10:18:31,835 [ERROR] ❌ 邮件失败: Connection unexpectedly closed
2026-02-12 10:18:31,838 [INFO] 🎯 锁定: [MEXC] AVAX/USDT:USDT
2026-02-12 10:18:31,886 [ERROR] ❌ 邮件失败: Connection unexpectedly closed
2026-02-12 10:18:31,905 [ERROR] ❌ 邮件失败: Connection unexpectedly closed
2026-02-12 10:18:32,076 [INFO] 🎯 锁定: [MEXC] BCH/USDT:USDT
2026-02-12 10:18:32,483 [ERROR] ❌ 邮件失败: Connection unexpectedly closed
2026-02-12 10:18:32,871 [INFO] 🎯 锁定: [MEXC] AAVE/USDT:USDT
2026-02-12 10:18:33,062 [ERROR] ❌ 邮件失败: Connection unexpectedly closed
2026-02-12 10:18:33,191 [INFO] 🎯 锁定: [MEXC] DOT/USDT:USDT
2026-02-12 10:18:33,247 [ERROR] ❌ 邮件失败: Connection unexpectedly closed
2026-02-12 10:18:33,413 [ERROR] ❌ 邮件失败: Connection unexpectedly closed
2026-02-12 10:18:33,678 [INFO] 🎯 锁定: [MEXC] BTC/USDC:USDC
2026-02-12 10:18:33,758 [ERROR] ❌ 邮件失败: Connection unexpectedly closed
2026-02-12 10:18:34,371 [INFO] 🎯 锁定: [MEXC] PAXG/USDT:USDT
2026-02-12 10:18:34,581 [ERROR] ❌ 邮件失败: Connection unexpectedly closed
2026-02-12 10:18:34,829 [ERROR] ❌ 邮件失败: Connection unexpectedly closed
2026-02-12 10:18:35,366 [ERROR] ❌ 邮件失败: Connection unexpectedly closed
2026-02-12 10:18:35,930 [ERROR] ❌ 邮件失败: Connection unexpectedly closed
2026-02-12 10:18:37,916 [INFO] 🎯 锁定: [MEXC] NAS100/USDT:USDT
2026-02-12 10:18:38,328 [INFO] 🎯 锁定: [MEXC] QNT/USDT:USDT
2026-02-12 10:18:38,571 [INFO] 🎯 锁定: [MEXC] XRP/USDC:USDC
2026-02-12 10:18:38,752 [INFO] 🎯 锁定: [MEXC] GOOGLSTOCK/USDT:USDT
2026-02-12 10:18:39,206 [INFO] 🎯 锁定: [MEXC] SILVER/USDC:USDC
2026-02-12 10:18:39,490 [ERROR] ❌ 邮件失败: Connection unexpectedly closed
2026-02-12 10:18:39,852 [INFO] 🎯 锁定: [MEXC] AMZNSTOCK/USDT:USDT
2026-02-12 10:18:39,895 [ERROR] ❌ 邮件失败: Connection unexpectedly closed
2026-02-12 10:18:40,068 [INFO] 🎯 锁定: [MEXC] HMSTR/USDT:USDT
2026-02-12 10:18:40,186 [INFO] 🎯 锁定: [MEXC] BNB/USDC:USDC
2026-02-12 10:18:40,263 [INFO] 🎯 锁定: [MEXC] MSFTSTOCK/USDT:USDT
2026-02-12 10:18:40,282 [ERROR] ❌ 邮件失败: Connection unexpectedly closed
2026-02-12 10:18:40,359 [ERROR] ❌ 邮件失败: Connection unexpectedly closed
2026-02-12 10:18:40,762 [ERROR] ❌ 邮件失败: Connection unexpectedly closed
2026-02-12 10:18:41,418 [ERROR] ❌ 邮件失败: Connection unexpectedly closed
2026-02-12 10:18:41,712 [ERROR] ❌ 邮件失败: Connection unexpectedly closed
2026-02-12 10:18:41,886 [ERROR] ❌ 邮件失败: Connection unexpectedly closed
2026-02-12 10:18:42,034 [ERROR] ❌ 邮件失败: Connection unexpectedly closed
2026-02-12 10:18:43,100 [INFO] 🎯 锁定: [HYPERLIQUID] BTC/USDC
2026-02-12 10:18:44,750 [ERROR] ❌ 邮件失败: Connection unexpectedly closed
2026-02-12 10:18:44,903 [INFO] 🎯 锁定: [HYPERLIQUID] XAUT/USDC
2026-02-12 10:18:45,506 [INFO] 🎯 锁定: [HYPERLIQUID] SPX/USDC
2026-02-12 10:18:46,300 [INFO] 🎯 锁定: [HYPERLIQUID] THBILL/USDC
2026-02-12 10:18:46,546 [ERROR] ❌ 邮件失败: Connection unexpectedly closed
2026-02-12 10:18:46,897 [INFO] 🎯 锁定: [HYPERLIQUID] XAUT/USDT
2026-02-12 10:18:47,068 [ERROR] ❌ 邮件失败: Connection unexpectedly closed
2026-02-12 10:18:47,985 [ERROR] ❌ 邮件失败: Connection unexpectedly closed
2026-02-12 10:18:48,581 [ERROR] ❌ 邮件失败: Connection unexpectedly closed
2026-02-12 10:18:50,418 [INFO] 🎯 锁定: [HYPERLIQUID] LINK0/USDC
2026-02-12 10:18:50,563 [INFO] 🎯 锁定: [HYPERLIQUID] WMNT/USDC
2026-02-12 10:18:51,900 [INFO] 🎯 锁定: [HYPERLIQUID] BTC/USDH
2026-02-12 10:18:52,082 [ERROR] ❌ 邮件失败: Connection unexpectedly closed
2026-02-12 10:18:52,170 [ERROR] ❌ 邮件失败: Connection unexpectedly closed
2026-02-12 10:18:53,486 [ERROR] ❌ 邮件失败: Connection unexpectedly closed
2026-02-12 10:19:01,809 [INFO] 🎯 锁定: [HYPERLIQUID] BNB1/USDC
2026-02-12 10:19:02,422 [INFO] 🎯 锁定: [HYPERLIQUID] GLD/USDC
2026-02-12 10:19:03,303 [INFO] 🎯 锁定: [HYPERLIQUID] BTC/USDC:USDC
2026-02-12 10:19:03,371 [ERROR] ❌ 邮件失败: Connection unexpectedly closed
2026-02-12 10:19:04,387 [ERROR] ❌ 邮件失败: Connection unexpectedly closed
2026-02-12 10:19:04,435 [INFO] 🎯 锁定: [HYPERLIQUID] AVAX/USDC:USDC
2026-02-12 10:19:04,657 [INFO] 🎯 锁定: [HYPERLIQUID] BNB/USDC:USDC
2026-02-12 10:19:04,957 [ERROR] ❌ 邮件失败: Connection unexpectedly closed
2026-02-12 10:19:05,158 [INFO] 🎯 锁定: [HYPERLIQUID] LTC/USDC:USDC
2026-02-12 10:19:06,102 [ERROR] ❌ 邮件失败: Connection unexpectedly closed
2026-02-12 10:19:06,293 [ERROR] ❌ 邮件失败: Connection unexpectedly closed
2026-02-12 10:19:06,821 [ERROR] ❌ 邮件失败: Connection unexpectedly closed
2026-02-12 10:19:07,504 [INFO] 🎯 锁定: [HYPERLIQUID] SNX/USDC:USDC
2026-02-12 10:19:07,733 [INFO] 🎯 锁定: [HYPERLIQUID] XRP/USDC:USDC
2026-02-12 10:19:08,009 [INFO] 🎯 锁定: [HYPERLIQUID] BCH/USDC:USDC
2026-02-12 10:19:08,430 [INFO] 🎯 锁定: [HYPERLIQUID] AAVE/USDC:USDC
2026-02-12 10:19:09,207 [INFO] 🎯 锁定: [HYPERLIQUID] TRX/USDC:USDC
2026-02-12 10:19:09,263 [ERROR] ❌ 邮件失败: Connection unexpectedly closed
2026-02-12 10:19:09,575 [ERROR] ❌ 邮件失败: Connection unexpectedly closed
2026-02-12 10:19:09,827 [ERROR] ❌ 邮件失败: Connection unexpectedly closed
2026-02-12 10:19:10,026 [ERROR] ❌ 邮件失败: Connection unexpectedly closed
2026-02-12 10:19:10,310 [INFO] 🎯 锁定: [HYPERLIQUID] DOT/USDC:USDC
2026-02-12 10:19:10,496 [INFO] 🎯 锁定: [HYPERLIQUID] BANANA/USDC:USDC
2026-02-12 10:19:10,783 [ERROR] ❌ 邮件失败: Connection unexpectedly closed
2026-02-12 10:19:11,851 [ERROR] ❌ 邮件失败: Connection unexpectedly closed
2026-02-12 10:19:12,103 [INFO] 🎯 锁定: [HYPERLIQUID] BSV/USDC:USDC
2026-02-12 10:19:12,266 [ERROR] ❌ 邮件失败: Connection unexpectedly closed
2026-02-12 10:19:13,414 [INFO] 🎯 锁定: [HYPERLIQUID] PENDLE/USDC:USDC
2026-02-12 10:19:14,188 [ERROR] ❌ 邮件失败: Connection unexpectedly closed
2026-02-12 10:19:14,953 [ERROR] ❌ 邮件失败: Connection unexpectedly closed
2026-02-12 10:19:16,207 [INFO] 🎯 锁定: [HYPERLIQUID] USTC/USDC:USDC
2026-02-12 10:19:16,614 [INFO] 🎯 锁定: [HYPERLIQUID] KLUNC/USDC:USDC
2026-02-12 10:19:17,838 [ERROR] ❌ 邮件失败: Connection unexpectedly closed
2026-02-12 10:19:18,276 [ERROR] ❌ 邮件失败: Connection unexpectedly closed
2026-02-12 10:19:23,117 [INFO] 🎯 锁定: [HYPERLIQUID] EIGEN/USDC:USDC
2026-02-12 10:19:23,604 [INFO] 🎯 锁定: [HYPERLIQUID] NOT/USDC:USDC
2026-02-12 10:19:24,676 [ERROR] ❌ 邮件失败: Connection unexpectedly closed
2026-02-12 10:19:25,217 [ERROR] ❌ 邮件失败: Connection unexpectedly closed
2026-02-12 10:19:25,614 [INFO] 🎯 锁定: [HYPERLIQUID] HMSTR/USDC:USDC
2026-02-12 10:19:27,159 [ERROR] ❌ 邮件失败: Connection unexpectedly closed
2026-02-12 10:19:31,804 [INFO] 🎯 锁定: [HYPERLIQUID] VVV/USDC:USDC
2026-02-12 10:19:33,395 [ERROR] ❌ 邮件失败: Connection unexpectedly closed
2026-02-12 10:19:34,407 [INFO] 🎯 锁定: [HYPERLIQUID] ZORA/USDC:USDC
2026-02-12 10:19:36,018 [ERROR] ❌ 邮件失败: Connection unexpectedly closed
2026-02-12 10:19:41,607 [INFO] 🎯 锁定: [HYPERLIQUID] XYZ-XYZ100/USDC:USDC
2026-02-12 10:19:43,152 [ERROR] ❌ 邮件失败: Connection unexpectedly closed
2026-02-12 10:21:19,203 [INFO] 🎯 锁定: [HYPERLIQUID] FLX-TSLA/USDH:USDH
2026-02-12 10:21:19,435 [INFO] 🎯 锁定: [HYPERLIQUID] FLX-NVDA/USDH:USDH
2026-02-12 10:21:20,343 [INFO] 🎯 锁定: [HYPERLIQUID] FLX-GOLD/USDH:USDH
2026-02-12 10:21:20,459 [INFO] 🎯 锁定: [HYPERLIQUID] FLX-SILVER/USDH:USDH
2026-02-12 10:21:20,712 [INFO] 🎯 锁定: [HYPERLIQUID] FLX-COPPER/USDH:USDH
2026-02-12 10:21:20,850 [ERROR] ❌ 邮件失败: Connection unexpectedly closed
2026-02-12 10:21:21,114 [ERROR] ❌ 邮件失败: Connection unexpectedly closed
2026-02-12 10:21:21,204 [INFO] 🎯 锁定: [HYPERLIQUID] FLX-PLATINUM/USDH:USDH
2026-02-12 10:21:21,430 [INFO] 🎯 锁定: [HYPERLIQUID] VNTL-SPACEX/USDH:USDH
2026-02-12 10:21:22,002 [ERROR] ❌ 邮件失败: Connection unexpectedly closed
2026-02-12 10:21:22,049 [ERROR] ❌ 邮件失败: Connection unexpectedly closed
2026-02-12 10:21:22,294 [ERROR] ❌ 邮件失败: Connection unexpectedly closed
2026-02-12 10:21:22,822 [ERROR] ❌ 邮件失败: Connection unexpectedly closed
2026-02-12 10:21:23,003 [ERROR] ❌ 邮件失败: Connection unexpectedly closed
2026-02-12 10:23:26,528 [WARNING] 🚀 BSV/USDC:USDC 突破! 现价:14.7405
2026-02-12 10:23:28,154 [ERROR] ❌ 邮件失败: Connection unexpectedly closed
2026-02-12 10:24:24,023 [INFO] 🎯 锁定: [HYPERLIQUID] VNTL-MAG7/USDH:USDH
2026-02-12 10:24:24,210 [INFO] 🎯 锁定: [HYPERLIQUID] VNTL-SEMIS/USDH:USDH
2026-02-12 10:24:24,419 [INFO] 🎯 锁定: [HYPERLIQUID] VNTL-ROBOT/USDH:USDH
2026-02-12 10:24:24,502 [INFO] 🎯 锁定: [HYPERLIQUID] VNTL-INFOTECH/USDH:USDH
2026-02-12 10:24:25,011 [INFO] 🎯 锁定: [HYPERLIQUID] VNTL-DEFENSE/USDH:USDH
2026-02-12 10:24:25,102 [INFO] 🎯 锁定: [HYPERLIQUID] VNTL-ENERGY/USDH:USDH
2026-02-12 10:24:25,613 [INFO] 🎯 锁定: [HYPERLIQUID] HYNA-BTC/USDE:USDE
2026-02-12 10:24:25,668 [ERROR] ❌ 邮件失败: Connection unexpectedly closed
2026-02-12 10:24:25,862 [ERROR] ❌ 邮件失败: Connection unexpectedly closed
2026-02-12 10:24:26,081 [ERROR] ❌ 邮件失败: Connection unexpectedly closed
2026-02-12 10:24:26,100 [ERROR] ❌ 邮件失败: Connection unexpectedly closed
2026-02-12 10:24:26,607 [ERROR] ❌ 邮件失败: Connection unexpectedly closed
2026-02-12 10:24:26,655 [ERROR] ❌ 邮件失败: Connection unexpectedly closed
2026-02-12 10:24:27,204 [ERROR] ❌ 邮件失败: Connection unexpectedly closed
2026-02-12 10:26:01,513 [INFO] 🎯 锁定: [HYPERLIQUID] HYNA-XRP/USDE:USDE
2026-02-12 10:26:01,941 [INFO] 🎯 锁定: [HYPERLIQUID] HYNA-BNB/USDE:USDE
2026-02-12 10:26:03,180 [ERROR] ❌ 邮件失败: Connection unexpectedly closed
2026-02-12 10:26:03,527 [ERROR] ❌ 邮件失败: Connection unexpectedly closed
2026-02-12 10:30:24,419 [INFO] 🎯 锁定: [HYPERLIQUID] KM-SMALL2000/USDH:USDH
2026-02-12 10:30:24,618 [INFO] 🎯 锁定: [HYPERLIQUID] KM-USTECH/USDH:USDH
2026-02-12 10:30:25,404 [INFO] 🎯 锁定: [HYPERLIQUID] KM-SILVER/USDH:USDH
2026-02-12 10:30:25,538 [INFO] 🎯 锁定: [HYPERLIQUID] KM-USOIL/USDH:USDH
2026-02-12 10:30:25,996 [INFO] 🎯 锁定: [HYPERLIQUID] KM-TSLA/USDH:USDH
2026-02-12 10:30:26,018 [INFO] 🎯 锁定: [HYPERLIQUID] KM-GOOGL/USDH:USDH
2026-02-12 10:30:26,613 [INFO] 🎯 锁定: [HYPERLIQUID] CASH-TSLA/USDT0:USDT0
2026-02-12 10:30:27,368 [INFO] 📧 邮件发送: 【发现】KM-SMALL2000/USDH:USDH 在 HYPERLIQUID 收敛
2026-02-12 10:30:27,520 [INFO] 📧 邮件发送: 【发现】KM-USTECH/USDH:USDH 在 HYPERLIQUID 收敛
2026-02-12 10:30:28,531 [INFO] 📧 邮件发送: 【发现】KM-SILVER/USDH:USDH 在 HYPERLIQUID 收敛
2026-02-12 10:30:28,587 [INFO] 📧 邮件发送: 【发现】KM-USOIL/USDH:USDH 在 HYPERLIQUID 收敛
2026-02-12 10:30:29,020 [INFO] 📧 邮件发送: 【发现】KM-GOOGL/USDH:USDH 在 HYPERLIQUID 收敛
2026-02-12 10:30:29,070 [INFO] 📧 邮件发送: 【发现】KM-TSLA/USDH:USDH 在 HYPERLIQUID 收敛
2026-02-12 10:30:30,233 [INFO] 📧 邮件发送: 【发现】CASH-TSLA/USDT0:USDT0 在 HYPERLIQUID 收敛
2026-02-12 10:32:11,315 [INFO] 🎯 锁定: [HYPERLIQUID] CASH-NVDA/USDT0:USDT0
2026-02-12 10:32:11,412 [INFO] 🎯 锁定: [HYPERLIQUID] CASH-INTC/USDT0:USDT0
2026-02-12 10:32:11,615 [INFO] 🎯 锁定: [HYPERLIQUID] CASH-AMZN/USDT0:USDT0
2026-02-12 10:32:11,828 [INFO] 🎯 锁定: [HYPERLIQUID] CASH-GOOGL/USDT0:USDT0
2026-02-12 10:32:11,900 [INFO] 🎯 锁定: [HYPERLIQUID] CASH-META/USDT0:USDT0
2026-02-12 10:32:12,249 [INFO] 🎯 锁定: [HYPERLIQUID] CASH-GOLD/USDT0:USDT0
2026-02-12 10:32:12,348 [INFO] ✅ 本轮扫描完成.
2026-02-12 10:32:14,269 [INFO] 📧 邮件发送: 【发现】CASH-INTC/USDT0:USDT0 在 HYPERLIQUID 收敛
2026-02-12 10:32:14,331 [INFO] 📧 邮件发送: 【发现】CASH-NVDA/USDT0:USDT0 在 HYPERLIQUID 收敛
2026-02-12 10:32:14,600 [INFO] 📧 邮件发送: 【发现】CASH-AMZN/USDT0:USDT0 在 HYPERLIQUID 收敛
2026-02-12 10:32:14,801 [INFO] 📧 邮件发送: 【发现】CASH-META/USDT0:USDT0 在 HYPERLIQUID 收敛
2026-02-12 10:32:14,807 [INFO] 📧 邮件发送: 【发现】CASH-GOOGL/USDT0:USDT0 在 HYPERLIQUID 收敛
2026-02-12 10:32:14,966 [INFO] 📧 邮件发送: 【发现】CASH-GOLD/USDT0:USDT0 在 HYPERLIQUID 收敛
2026-02-12 10:40:41,007 [INFO] 🔌 初始化交易所...
2026-02-12 10:40:41,020 [INFO] ✅ OKX 就绪
2026-02-12 10:40:41,033 [INFO] ✅ BITGET 就绪
2026-02-12 10:40:41,040 [INFO] ✅ MEXC 就绪
2026-02-12 10:40:41,051 [INFO] ✅ GATE 就绪
2026-02-12 10:40:41,057 [INFO] ✅ HYPERLIQUID 就绪
2026-02-12 10:40:41,058 [INFO] 🔄 数据库恢复: 0 个任务.
2026-02-12 10:40:41,058 [INFO] 📡 拉取全市场实时行情 (fetch_tickers)...
2026-02-12 10:40:41,059 [INFO]   📡 OKX: 加载市场...
2026-02-12 10:40:42,461 [INFO]   - OKX: 筛选出 0 个活跃标的
2026-02-12 10:40:42,462 [INFO]   📡 BITGET: 加载市场...
2026-02-12 10:40:44,395 [INFO]   - BITGET: 筛选出 105 个活跃标的
2026-02-12 10:40:44,396 [INFO]   📡 MEXC: 加载市场...
2026-02-12 10:40:50,887 [INFO]   - MEXC: 筛选出 139 个活跃标的
2026-02-12 10:40:50,887 [INFO]   📡 GATE: 加载市场...
2026-02-12 10:40:57,328 [INFO]   - GATE: 筛选出 87 个活跃标的
2026-02-12 10:40:57,329 [INFO]   📡 HYPERLIQUID: 加载市场...
2026-02-12 10:41:18,641 [INFO]   - HYPERLIQUID: 筛选出 350 个活跃标的
2026-02-12 10:41:18,642 [INFO] 🔍 扫描 681 个标的...
2026-02-12 10:42:51,834 [INFO] 🎯 锁定新目标: BITGET BTC/USDT:USDT
2026-02-12 10:42:51,839 [INFO] 🎯 锁定新目标: BITGET XRP/USDT:USDT
2026-02-12 10:42:51,843 [INFO] 🎯 锁定新目标: BITGET BCH/USDT:USDT
2026-02-12 10:42:51,846 [INFO] 🎯 锁定新目标: BITGET DOT/USDT:USDT
2026-02-12 10:42:51,849 [INFO] 🎯 锁定新目标: BITGET BNB/USDT:USDT
2026-02-12 10:42:51,852 [INFO] 🎯 锁定新目标: BITGET AAVE/USDT:USDT
2026-02-12 10:42:51,855 [INFO] 🎯 锁定新目标: BITGET AVAX/USDT:USDT
2026-02-12 10:42:51,857 [INFO] 🎯 锁定新目标: BITGET PAXG/USDT:USDT
2026-02-12 10:42:51,860 [INFO] 🎯 锁定新目标: BITGET HMSTR/USDT:USDT
2026-02-12 10:42:51,862 [INFO] 🎯 锁定新目标: BITGET XAUT/USDT:USDT
2026-02-12 10:42:51,865 [INFO] 🎯 锁定新目标: BITGET TSLA/USDT:USDT
2026-02-12 10:42:51,867 [INFO] 🎯 锁定新目标: BITGET GOOGL/USDT:USDT
2026-02-12 10:42:51,870 [INFO] 🎯 锁定新目标: BITGET AMZN/USDT:USDT
2026-02-12 10:42:51,872 [INFO] 🎯 锁定新目标: BITGET PLTR/USDT:USDT
2026-02-12 10:42:51,875 [INFO] 🎯 锁定新目标: BITGET MSFT/USDT:USDT
2026-02-12 10:42:51,879 [INFO] 🎯 锁定新目标: BITGET XAU/USDT:USDT
2026-02-12 10:42:51,881 [INFO] 🎯 锁定新目标: BITGET XAG/USDT:USDT
2026-02-12 10:42:51,884 [INFO] 🎯 锁定新目标: MEXC BTC/USDT:USDT
2026-02-12 10:42:51,886 [INFO] 🎯 锁定新目标: MEXC XAUT/USDT:USDT
2026-02-12 10:42:51,888 [INFO] 🎯 锁定新目标: MEXC SILVER/USDT:USDT
2026-02-12 10:42:51,891 [INFO] 🎯 锁定新目标: MEXC XRP/USDT:USDT
2026-02-12 10:42:51,893 [INFO] 🎯 锁定新目标: MEXC XRP/USD:XRP
2026-02-12 10:42:51,895 [INFO] 🎯 锁定新目标: MEXC BNB/USDT:USDT
2026-02-12 10:42:51,898 [INFO] 🎯 锁定新目标: MEXC LTC/USDT:USDT
2026-02-12 10:42:51,900 [INFO] 🎯 锁定新目标: MEXC AVAX/USDT:USDT
2026-02-12 10:42:51,903 [INFO] 🎯 锁定新目标: MEXC BCH/USDT:USDT
2026-02-12 10:42:51,905 [INFO] 🎯 锁定新目标: MEXC AAVE/USDT:USDT
2026-02-12 10:42:51,907 [INFO] 🎯 锁定新目标: MEXC DOT/USDT:USDT
2026-02-12 10:42:51,909 [INFO] 🎯 锁定新目标: MEXC BTC/USDC:USDC
2026-02-12 10:42:51,911 [INFO] 🎯 锁定新目标: MEXC PAXG/USDT:USDT
2026-02-12 10:42:51,914 [INFO] 🎯 锁定新目标: MEXC NAS100/USDT:USDT
2026-02-12 10:42:51,916 [INFO] 🎯 锁定新目标: MEXC QNT/USDT:USDT
2026-02-12 10:42:51,918 [INFO] 🎯 锁定新目标: MEXC XRP/USDC:USDC
2026-02-12 10:42:51,920 [INFO] 🎯 锁定新目标: MEXC GOOGLSTOCK/USDT:USDT
2026-02-12 10:42:51,923 [INFO] 🎯 锁定新目标: MEXC SILVER/USDC:USDC
2026-02-12 10:42:51,925 [INFO] 🎯 锁定新目标: MEXC AMZNSTOCK/USDT:USDT
2026-02-12 10:42:51,927 [INFO] 🎯 锁定新目标: MEXC HMSTR/USDT:USDT
2026-02-12 10:42:51,929 [INFO] 🎯 锁定新目标: MEXC BNB/USDC:USDC
2026-02-12 10:42:51,931 [INFO] 🎯 锁定新目标: MEXC MSFTSTOCK/USDT:USDT
2026-02-12 10:42:51,933 [INFO] 🎯 锁定新目标: GATE TSLAX/USDT:USDT
2026-02-12 10:42:51,935 [INFO] 🎯 锁定新目标: GATE DOT/USDT:USDT
2026-02-12 10:42:51,937 [INFO] 🎯 锁定新目标: GATE NVDAX/USDT:USDT
2026-02-12 10:42:51,939 [INFO] 🎯 锁定新目标: GATE BNB/USDT:USDT
2026-02-12 10:42:51,941 [INFO] 🎯 锁定新目标: GATE XAG/USDT:USDT
2026-02-12 10:42:51,944 [INFO] 🎯 锁定新目标: GATE MSFT/USDT:USDT
2026-02-12 10:42:51,946 [INFO] 🎯 锁定新目标: GATE HMSTR/USDT:USDT
2026-02-12 10:42:51,948 [INFO] 🎯 锁定新目标: GATE XAUT/USDT:USDT
2026-02-12 10:42:51,950 [INFO] 🎯 锁定新目标: GATE BCH/USDT:USDT
2026-02-12 10:42:51,952 [INFO] 🎯 锁定新目标: GATE XAU/USDT:USDT
2026-02-12 10:42:51,954 [INFO] 🎯 锁定新目标: GATE AMZNX/USDT:USDT
2026-02-12 10:42:51,956 [INFO] 🎯 锁定新目标: GATE GOOGLX/USDT:USDT
2026-02-12 10:42:51,959 [INFO] 🎯 锁定新目标: GATE BTC/USDT:USDT
2026-02-12 10:42:51,961 [INFO] 🎯 锁定新目标: GATE NAS100/USDT:USDT
2026-02-12 10:42:51,963 [INFO] 🎯 锁定新目标: GATE AVAX/USDT:USDT
2026-02-12 10:42:51,965 [INFO] 🎯 锁定新目标: GATE XRP/USDT:USDT
2026-02-12 10:42:51,967 [INFO] 🎯 锁定新目标: GATE XPT/USDT:USDT
2026-02-12 10:42:51,969 [INFO] 🎯 锁定新目标: GATE PLTRX/USDT:USDT
2026-02-12 10:42:51,972 [INFO] 🎯 锁定新目标: GATE AAVE/USDT:USDT
2026-02-12 10:42:51,974 [INFO] 🎯 锁定新目标: GATE LTC/USDT:USDT
2026-02-12 10:42:51,976 [INFO] 🎯 锁定新目标: GATE SLVON/USDT:USDT
2026-02-12 10:42:51,979 [INFO] 🎯 锁定新目标: HYPERLIQUID BTC/USDC
2026-02-12 10:42:51,981 [INFO] 🎯 锁定新目标: HYPERLIQUID XAUT/USDC
2026-02-12 10:42:51,984 [INFO] 🎯 锁定新目标: HYPERLIQUID SPX/USDC
2026-02-12 10:42:51,986 [INFO] 🎯 锁定新目标: HYPERLIQUID THBILL/USDC
2026-02-12 10:42:51,988 [INFO] 🎯 锁定新目标: HYPERLIQUID XAUT/USDT
2026-02-12 10:42:51,990 [INFO] 🎯 锁定新目标: HYPERLIQUID LINK0/USDC
2026-02-12 10:42:51,992 [INFO] 🎯 锁定新目标: HYPERLIQUID WMNT/USDC
2026-02-12 10:42:51,994 [INFO] 🎯 锁定新目标: HYPERLIQUID AAVE0/USDC
2026-02-12 10:42:51,996 [INFO] 🎯 锁定新目标: HYPERLIQUID BTC/USDH
2026-02-12 10:42:51,998 [INFO] 🎯 锁定新目标: HYPERLIQUID BNB1/USDC
2026-02-12 10:42:52,000 [INFO] 🎯 锁定新目标: HYPERLIQUID GLD/USDC
2026-02-12 10:42:52,002 [INFO] 🎯 锁定新目标: HYPERLIQUID BTC/USDC:USDC
2026-02-12 10:42:52,005 [INFO] 🎯 锁定新目标: HYPERLIQUID AVAX/USDC:USDC
2026-02-12 10:42:52,008 [INFO] 🎯 锁定新目标: HYPERLIQUID BNB/USDC:USDC
2026-02-12 10:42:52,011 [INFO] 🎯 锁定新目标: HYPERLIQUID LTC/USDC:USDC
2026-02-12 10:42:52,013 [INFO] 🎯 锁定新目标: HYPERLIQUID SNX/USDC:USDC
2026-02-12 10:42:52,015 [INFO] 🎯 锁定新目标: HYPERLIQUID XRP/USDC:USDC
2026-02-12 10:42:52,018 [INFO] 🎯 锁定新目标: HYPERLIQUID BCH/USDC:USDC
2026-02-12 10:42:52,020 [INFO] 🎯 锁定新目标: HYPERLIQUID AAVE/USDC:USDC
2026-02-12 10:42:52,022 [INFO] 🎯 锁定新目标: HYPERLIQUID TRX/USDC:USDC
2026-02-12 10:42:52,024 [INFO] 🎯 锁定新目标: HYPERLIQUID DOT/USDC:USDC
2026-02-12 10:42:52,026 [INFO] 🎯 锁定新目标: HYPERLIQUID BANANA/USDC:USDC
2026-02-12 10:42:52,028 [INFO] 🎯 锁定新目标: HYPERLIQUID BSV/USDC:USDC
2026-02-12 10:42:52,031 [INFO] 🎯 锁定新目标: HYPERLIQUID PENDLE/USDC:USDC
2026-02-12 10:42:52,033 [INFO] 🎯 锁定新目标: HYPERLIQUID USTC/USDC:USDC
2026-02-12 10:42:52,035 [INFO] 🎯 锁定新目标: HYPERLIQUID KLUNC/USDC:USDC
2026-02-12 10:42:52,038 [INFO] 🎯 锁定新目标: HYPERLIQUID EIGEN/USDC:USDC
2026-02-12 10:42:52,041 [INFO] 🎯 锁定新目标: HYPERLIQUID NOT/USDC:USDC
2026-02-12 10:42:52,044 [INFO] 🎯 锁定新目标: HYPERLIQUID HMSTR/USDC:USDC
2026-02-12 10:42:52,046 [INFO] 🎯 锁定新目标: HYPERLIQUID VVV/USDC:USDC
2026-02-12 10:42:52,049 [INFO] 🎯 锁定新目标: HYPERLIQUID ZORA/USDC:USDC
2026-02-12 10:42:52,052 [INFO] 🎯 锁定新目标: HYPERLIQUID XYZ-XYZ100/USDC:USDC
2026-02-12 10:42:52,055 [INFO] 🎯 锁定新目标: HYPERLIQUID XYZ-NVDA/USDC:USDC
2026-02-12 10:42:52,057 [INFO] 🎯 锁定新目标: HYPERLIQUID XYZ-GOLD/USDC:USDC
2026-02-12 10:42:52,060 [INFO] 🎯 锁定新目标: HYPERLIQUID XYZ-MSFT/USDC:USDC
2026-02-12 10:42:52,063 [INFO] 🎯 锁定新目标: HYPERLIQUID XYZ-AMZN/USDC:USDC
2026-02-12 10:42:52,066 [INFO] 🎯 锁定新目标: HYPERLIQUID XYZ-CRCL/USDC:USDC
2026-02-12 10:42:52,066 [INFO] 📦 本轮发现 97 个新标的，正在打包邮件...
2026-02-12 10:42:56,437 [INFO] 📧 邮件发送: 【雷达日报】发现 97 个收敛结构
2026-02-12 10:48:42,708 [WARNING] 🚀 BSV/USDC:USDC 突破! 现价:14.8075
2026-02-12 10:48:45,820 [INFO] 📧 邮件发送: 🚨 📈 向上突破 BSV/USDC:USDC
2026-02-12 10:49:40,239 [INFO] 🔌 初始化交易所...
2026-02-12 10:49:40,250 [INFO] ✅ OKX 就绪
2026-02-12 10:49:40,262 [INFO] ✅ BITGET 就绪
2026-02-12 10:49:40,269 [INFO] ✅ MEXC 就绪
2026-02-12 10:49:40,279 [INFO] ✅ GATE 就绪
2026-02-12 10:49:40,286 [INFO] ✅ HYPERLIQUID 就绪
2026-02-12 10:49:40,287 [INFO] 🔄 数据库恢复: 0 个任务.
2026-02-12 10:49:40,287 [INFO] 📡 拉取全市场实时行情...
2026-02-12 10:49:40,288 [INFO]   📡 OKX: 加载市场...
2026-02-12 10:49:41,744 [INFO]   - OKX: 筛选出 0 个活跃标的
2026-02-12 10:49:41,744 [INFO]   📡 BITGET: 加载市场...
2026-02-12 10:49:43,814 [INFO]   - BITGET: 筛选出 105 个活跃标的
2026-02-12 10:49:43,814 [INFO]   📡 MEXC: 加载市场...
2026-02-12 10:49:50,347 [INFO]   - MEXC: 筛选出 140 个活跃标的
2026-02-12 10:49:50,348 [INFO]   📡 GATE: 加载市场...
2026-02-12 10:49:56,913 [INFO]   - GATE: 筛选出 87 个活跃标的
2026-02-12 10:49:56,914 [INFO]   📡 HYPERLIQUID: 加载市场...
2026-02-12 10:50:18,472 [INFO]   - HYPERLIQUID: 筛选出 350 个活跃标的
2026-02-12 10:50:18,473 [INFO] 🔍 扫描 682 个标的...
2026-02-12 10:51:51,889 [INFO] 🎯 锁定: BITGET BTC/USDT:USDT
2026-02-12 10:51:51,893 [INFO] 🎯 锁定: BITGET XRP/USDT:USDT
2026-02-12 10:51:51,898 [INFO] 🎯 锁定: BITGET BCH/USDT:USDT
2026-02-12 10:51:51,900 [INFO] 🎯 锁定: BITGET DOT/USDT:USDT
2026-02-12 10:51:51,902 [INFO] 🎯 锁定: BITGET BNB/USDT:USDT
2026-02-12 10:51:51,905 [INFO] 🎯 锁定: BITGET AAVE/USDT:USDT
2026-02-12 10:51:51,907 [INFO] 🎯 锁定: BITGET AVAX/USDT:USDT
2026-02-12 10:51:51,909 [INFO] 🎯 锁定: BITGET PAXG/USDT:USDT
2026-02-12 10:51:51,911 [INFO] 🎯 锁定: BITGET HMSTR/USDT:USDT
2026-02-12 10:51:51,912 [INFO] 🎯 锁定: BITGET XAUT/USDT:USDT
2026-02-12 10:51:51,915 [INFO] 🎯 锁定: BITGET TSLA/USDT:USDT
2026-02-12 10:51:51,917 [INFO] 🎯 锁定: BITGET GOOGL/USDT:USDT
2026-02-12 10:51:51,919 [INFO] 🎯 锁定: BITGET AMZN/USDT:USDT
2026-02-12 10:51:51,921 [INFO] 🎯 锁定: BITGET PLTR/USDT:USDT
2026-02-12 10:51:51,922 [INFO] 🎯 锁定: BITGET MSFT/USDT:USDT
2026-02-12 10:51:51,924 [INFO] 🎯 锁定: BITGET XAU/USDT:USDT
2026-02-12 10:51:51,926 [INFO] 🎯 锁定: BITGET XAG/USDT:USDT
2026-02-12 10:51:51,928 [INFO] 🎯 锁定: MEXC BTC/USDT:USDT
2026-02-12 10:51:51,930 [INFO] 🎯 锁定: MEXC XAUT/USDT:USDT
2026-02-12 10:51:51,932 [INFO] 🎯 锁定: MEXC SILVER/USDT:USDT
2026-02-12 10:51:51,935 [INFO] 🎯 锁定: MEXC XRP/USDT:USDT
2026-02-12 10:51:51,937 [INFO] 🎯 锁定: MEXC XRP/USD:XRP
2026-02-12 10:51:51,939 [INFO] 🎯 锁定: MEXC BNB/USDT:USDT
2026-02-12 10:51:51,942 [INFO] 🎯 锁定: MEXC LTC/USDT:USDT
2026-02-12 10:51:51,943 [INFO] 🎯 锁定: MEXC AVAX/USDT:USDT
2026-02-12 10:51:51,945 [INFO] 🎯 锁定: MEXC BCH/USDT:USDT
2026-02-12 10:51:51,947 [INFO] 🎯 锁定: MEXC AAVE/USDT:USDT
2026-02-12 10:51:51,949 [INFO] 🎯 锁定: MEXC DOT/USDT:USDT
2026-02-12 10:51:51,951 [INFO] 🎯 锁定: MEXC BTC/USDC:USDC
2026-02-12 10:51:51,952 [INFO] 🎯 锁定: MEXC PAXG/USDT:USDT
2026-02-12 10:51:51,954 [INFO] 🎯 锁定: MEXC NAS100/USDT:USDT
2026-02-12 10:51:51,956 [INFO] 🎯 锁定: MEXC QNT/USDT:USDT
2026-02-12 10:51:51,958 [INFO] 🎯 锁定: MEXC XRP/USDC:USDC
2026-02-12 10:51:51,960 [INFO] 🎯 锁定: MEXC GOOGLSTOCK/USDT:USDT
2026-02-12 10:51:51,962 [INFO] 🎯 锁定: MEXC SILVER/USDC:USDC
2026-02-12 10:51:51,963 [INFO] 🎯 锁定: MEXC AMZNSTOCK/USDT:USDT
2026-02-12 10:51:51,965 [INFO] 🎯 锁定: MEXC HMSTR/USDT:USDT
2026-02-12 10:51:51,967 [INFO] 🎯 锁定: MEXC BNB/USDC:USDC
2026-02-12 10:51:51,969 [INFO] 🎯 锁定: MEXC MSFTSTOCK/USDT:USDT
2026-02-12 10:51:51,971 [INFO] 🎯 锁定: GATE TSLAX/USDT:USDT
2026-02-12 10:51:51,973 [INFO] 🎯 锁定: GATE DOT/USDT:USDT
2026-02-12 10:51:51,975 [INFO] 🎯 锁定: GATE NVDAX/USDT:USDT
2026-02-12 10:51:51,977 [INFO] 🎯 锁定: GATE BNB/USDT:USDT
2026-02-12 10:51:51,979 [INFO] 🎯 锁定: GATE XAG/USDT:USDT
2026-02-12 10:51:51,981 [INFO] 🎯 锁定: GATE MSFT/USDT:USDT
2026-02-12 10:51:51,983 [INFO] 🎯 锁定: GATE HMSTR/USDT:USDT
2026-02-12 10:51:51,985 [INFO] 🎯 锁定: GATE XAUT/USDT:USDT
2026-02-12 10:51:51,987 [INFO] 🎯 锁定: GATE BCH/USDT:USDT
2026-02-12 10:51:51,988 [INFO] 🎯 锁定: GATE XAU/USDT:USDT
2026-02-12 10:51:51,990 [INFO] 🎯 锁定: GATE AMZNX/USDT:USDT
2026-02-12 10:51:51,992 [INFO] 🎯 锁定: GATE GOOGLX/USDT:USDT
2026-02-12 10:51:51,994 [INFO] 🎯 锁定: GATE BTC/USDT:USDT
2026-02-12 10:51:51,996 [INFO] 🎯 锁定: GATE NAS100/USDT:USDT
2026-02-12 10:51:51,998 [INFO] 🎯 锁定: GATE AVAX/USDT:USDT
2026-02-12 10:51:51,999 [INFO] 🎯 锁定: GATE XRP/USDT:USDT
2026-02-12 10:51:52,002 [INFO] 🎯 锁定: GATE XPT/USDT:USDT
2026-02-12 10:51:52,004 [INFO] 🎯 锁定: GATE PLTRX/USDT:USDT
2026-02-12 10:51:52,007 [INFO] 🎯 锁定: GATE AAVE/USDT:USDT
2026-02-12 10:51:52,010 [INFO] 🎯 锁定: GATE LTC/USDT:USDT
2026-02-12 10:51:52,013 [INFO] 🎯 锁定: GATE SLVON/USDT:USDT
2026-02-12 10:51:52,016 [INFO] 🎯 锁定: HYPERLIQUID BTC/USDC
2026-02-12 10:51:52,018 [INFO] 🎯 锁定: HYPERLIQUID XAUT/USDC
2026-02-12 10:51:52,020 [INFO] 🎯 锁定: HYPERLIQUID SPX/USDC
2026-02-12 10:51:52,023 [INFO] 🎯 锁定: HYPERLIQUID THBILL/USDC
2026-02-12 10:51:52,025 [INFO] 🎯 锁定: HYPERLIQUID XAUT/USDT
2026-02-12 10:51:52,027 [INFO] 🎯 锁定: HYPERLIQUID LINK0/USDC
2026-02-12 10:51:52,029 [INFO] 🎯 锁定: HYPERLIQUID WMNT/USDC
2026-02-12 10:51:52,032 [INFO] 🎯 锁定: HYPERLIQUID AAVE0/USDC
2026-02-12 10:51:52,034 [INFO] 🎯 锁定: HYPERLIQUID BTC/USDH
2026-02-12 10:51:52,037 [INFO] 🎯 锁定: HYPERLIQUID BNB1/USDC
2026-02-12 10:51:52,039 [INFO] 🎯 锁定: HYPERLIQUID GLD/USDC
2026-02-12 10:51:52,043 [INFO] 🎯 锁定: HYPERLIQUID BTC/USDC:USDC
2026-02-12 10:51:52,047 [INFO] 🎯 锁定: HYPERLIQUID AVAX/USDC:USDC
2026-02-12 10:51:52,049 [INFO] 🎯 锁定: HYPERLIQUID BNB/USDC:USDC
2026-02-12 10:51:52,052 [INFO] 🎯 锁定: HYPERLIQUID LTC/USDC:USDC
2026-02-12 10:51:52,055 [INFO] 🎯 锁定: HYPERLIQUID SNX/USDC:USDC
2026-02-12 10:51:52,057 [INFO] 🎯 锁定: HYPERLIQUID XRP/USDC:USDC
2026-02-12 10:51:52,060 [INFO] 🎯 锁定: HYPERLIQUID BCH/USDC:USDC
2026-02-12 10:51:52,063 [INFO] 🎯 锁定: HYPERLIQUID AAVE/USDC:USDC
2026-02-12 10:51:52,065 [INFO] 🎯 锁定: HYPERLIQUID TRX/USDC:USDC
2026-02-12 10:51:52,068 [INFO] 🎯 锁定: HYPERLIQUID DOT/USDC:USDC
2026-02-12 10:51:52,071 [INFO] 🎯 锁定: HYPERLIQUID BANANA/USDC:USDC
2026-02-12 10:51:52,073 [INFO] 🎯 锁定: HYPERLIQUID BSV/USDC:USDC
2026-02-12 10:51:52,075 [INFO] 🎯 锁定: HYPERLIQUID PENDLE/USDC:USDC
2026-02-12 10:51:52,077 [INFO] 🎯 锁定: HYPERLIQUID USTC/USDC:USDC
2026-02-12 10:51:52,080 [INFO] 🎯 锁定: HYPERLIQUID KLUNC/USDC:USDC
2026-02-12 10:51:52,081 [INFO] 🎯 锁定: HYPERLIQUID EIGEN/USDC:USDC
2026-02-12 10:51:52,083 [INFO] 🎯 锁定: HYPERLIQUID NOT/USDC:USDC
2026-02-12 10:51:52,085 [INFO] 🎯 锁定: HYPERLIQUID HMSTR/USDC:USDC
2026-02-12 10:51:52,088 [INFO] 🎯 锁定: HYPERLIQUID VVV/USDC:USDC
2026-02-12 10:51:52,090 [INFO] 🎯 锁定: HYPERLIQUID ZORA/USDC:USDC
2026-02-12 10:51:52,092 [INFO] 🎯 锁定: HYPERLIQUID XYZ-XYZ100/USDC:USDC
2026-02-12 10:51:52,094 [INFO] 🎯 锁定: HYPERLIQUID XYZ-NVDA/USDC:USDC
2026-02-12 10:51:52,097 [INFO] 🎯 锁定: HYPERLIQUID XYZ-GOLD/USDC:USDC
2026-02-12 10:51:52,100 [INFO] 🎯 锁定: HYPERLIQUID XYZ-INTC/USDC:USDC
2026-02-12 10:51:52,103 [INFO] 🎯 锁定: HYPERLIQUID XYZ-META/USDC:USDC
2026-02-12 10:51:52,105 [INFO] 🎯 锁定: HYPERLIQUID XYZ-MSFT/USDC:USDC
2026-02-12 10:51:52,108 [INFO] 🎯 锁定: HYPERLIQUID XYZ-AMZN/USDC:USDC
2026-02-12 10:51:52,108 [INFO] 📦 发现 98 个原始信号，正在智能去重...
2026-02-12 10:51:55,142 [INFO] 📧 邮件发送: 【雷达日报】发现 71 个收敛结构
2026-02-12 10:57:49,690 [WARNING] 🚀 BSV/USDC:USDC 突破! 现价:14.831
2026-02-12 10:57:52,601 [INFO] 📧 邮件发送: 🚨 📈 向上突破 BSV/USDC:USDC
2026-02-12 11:51:55,144 [INFO] 📡 拉取全市场实时行情...
2026-02-12 11:51:55,145 [INFO]   📡 OKX: 加载市场...
2026-02-12 11:51:55,550 [INFO]   - OKX: 筛选出 0 个活跃标的
2026-02-12 11:51:55,550 [INFO]   📡 BITGET: 加载市场...
2026-02-12 11:51:55,943 [INFO]   - BITGET: 筛选出 107 个活跃标的
2026-02-12 11:51:55,943 [INFO]   📡 MEXC: 加载市场...
2026-02-12 11:51:56,469 [INFO]   - MEXC: 筛选出 138 个活跃标的
2026-02-12 11:51:56,469 [INFO]   📡 GATE: 加载市场...
2026-02-12 11:51:57,538 [INFO]   - GATE: 筛选出 88 个活跃标的
2026-02-12 11:51:57,538 [INFO]   📡 HYPERLIQUID: 加载市场...
2026-02-12 11:54:07,920 [INFO]   - HYPERLIQUID: 筛选出 352 个活跃标的
2026-02-12 11:54:07,923 [INFO] 🔍 扫描 685 个标的...
2026-02-12 12:58:51,252 [INFO] 🎯 锁定: BITGET XLM/USDT:USDT
2026-02-12 12:58:51,255 [INFO] 🎯 锁定: BITGET NVDA/USDT:USDT
2026-02-12 12:58:51,257 [INFO] 🎯 锁定: BITGET AAPL/USDT:USDT
2026-02-12 12:58:51,259 [INFO] 🎯 锁定: MEXC XLM/USDT:USDT
2026-02-12 12:58:51,262 [INFO] 🎯 锁定: MEXC AAPLSTOCK/USDT:USDT
2026-02-12 12:58:51,264 [INFO] 🎯 锁定: GATE AAPLX/USDT:USDT
2026-02-12 12:58:51,266 [INFO] 🎯 锁定: HYPERLIQUID XLM/USDC:USDC
2026-02-12 12:58:51,268 [INFO] 🎯 锁定: HYPERLIQUID BABY/USDC:USDC
2026-02-12 12:58:51,270 [INFO] 🎯 锁定: HYPERLIQUID XYZ-TSLA/USDC:USDC
2026-02-12 12:58:51,271 [INFO] 🎯 锁定: HYPERLIQUID XYZ-PLTR/USDC:USDC
2026-02-12 12:58:51,273 [INFO] 🎯 锁定: HYPERLIQUID XYZ-GOOGL/USDC:USDC
2026-02-12 12:58:51,275 [INFO] 🎯 锁定: HYPERLIQUID XYZ-AMD/USDC:USDC
2026-02-12 12:58:51,278 [INFO] 🎯 锁定: HYPERLIQUID XYZ-CRCL/USDC:USDC
2026-02-12 12:58:51,280 [INFO] 🎯 锁定: HYPERLIQUID XYZ-NFLX/USDC:USDC
2026-02-12 12:58:51,282 [INFO] 🎯 锁定: HYPERLIQUID XYZ-JPY/USDC:USDC
2026-02-12 12:58:51,284 [INFO] 🎯 锁定: HYPERLIQUID XYZ-SILVER/USDC:USDC
2026-02-12 12:58:51,287 [INFO] 🎯 锁定: HYPERLIQUID XYZ-RIVN/USDC:USDC
2026-02-12 12:58:51,289 [INFO] 🎯 锁定: HYPERLIQUID XYZ-BABA/USDC:USDC
2026-02-12 12:58:51,291 [INFO] 🎯 锁定: HYPERLIQUID FLX-TSLA/USDH:USDH
2026-02-12 12:58:51,294 [INFO] 🎯 锁定: HYPERLIQUID FLX-NVDA/USDH:USDH
2026-02-12 12:58:51,297 [INFO] 🎯 锁定: HYPERLIQUID FLX-GOLD/USDH:USDH
2026-02-12 12:58:51,299 [INFO] 🎯 锁定: HYPERLIQUID FLX-SILVER/USDH:USDH
2026-02-12 12:58:51,301 [INFO] 🎯 锁定: HYPERLIQUID FLX-PLATINUM/USDH:USDH
2026-02-12 12:58:51,303 [INFO] 🎯 锁定: HYPERLIQUID VNTL-SPACEX/USDH:USDH
2026-02-12 12:58:51,306 [INFO] 🎯 锁定: HYPERLIQUID VNTL-MAG7/USDH:USDH
2026-02-12 12:58:51,308 [INFO] 🎯 锁定: HYPERLIQUID VNTL-SEMIS/USDH:USDH
2026-02-12 12:58:51,310 [INFO] 🎯 锁定: HYPERLIQUID VNTL-ROBOT/USDH:USDH
2026-02-12 12:58:51,313 [INFO] 🎯 锁定: HYPERLIQUID VNTL-INFOTECH/USDH:USDH
2026-02-12 12:58:51,315 [INFO] 🎯 锁定: HYPERLIQUID VNTL-NUCLEAR/USDH:USDH
2026-02-12 12:58:51,316 [INFO] 🎯 锁定: HYPERLIQUID VNTL-ENERGY/USDH:USDH
2026-02-12 12:58:51,318 [INFO] 🎯 锁定: HYPERLIQUID HYNA-XRP/USDE:USDE
2026-02-12 12:58:51,320 [INFO] 🎯 锁定: HYPERLIQUID HYNA-BNB/USDE:USDE
2026-02-12 12:58:51,322 [INFO] 🎯 锁定: HYPERLIQUID KM-SMALL2000/USDH:USDH
2026-02-12 12:58:51,324 [INFO] 🎯 锁定: HYPERLIQUID KM-USTECH/USDH:USDH
2026-02-12 12:58:51,326 [INFO] 🎯 锁定: HYPERLIQUID KM-USOIL/USDH:USDH
2026-02-12 12:58:51,339 [INFO] 🎯 锁定: HYPERLIQUID KM-TSLA/USDH:USDH
2026-02-12 12:58:51,341 [INFO] 🎯 锁定: HYPERLIQUID KM-SILVER/USDH:USDH
2026-02-12 12:58:51,343 [INFO] 🎯 锁定: HYPERLIQUID KM-GOOGL/USDH:USDH
2026-02-12 12:58:51,345 [INFO] 🎯 锁定: HYPERLIQUID CASH-TSLA/USDT0:USDT0
2026-02-12 12:58:51,347 [INFO] 🎯 锁定: HYPERLIQUID CASH-NVDA/USDT0:USDT0
2026-02-12 12:58:51,348 [INFO] 🎯 锁定: HYPERLIQUID CASH-GOOGL/USDT0:USDT0
2026-02-12 12:58:51,350 [INFO] 🎯 锁定: HYPERLIQUID CASH-INTC/USDT0:USDT0
2026-02-12 12:58:51,353 [INFO] 🎯 锁定: HYPERLIQUID CASH-AMZN/USDT0:USDT0
2026-02-12 12:58:51,354 [INFO] 🎯 锁定: HYPERLIQUID CASH-META/USDT0:USDT0
2026-02-12 12:58:51,356 [INFO] 🎯 锁定: HYPERLIQUID CASH-GOLD/USDT0:USDT0
2026-02-12 12:58:51,357 [INFO] 📦 发现 45 个原始信号，正在智能去重...
2026-02-12 12:58:54,811 [INFO] 📧 邮件发送: 【雷达日报】发现 44 个收敛结构
2026-02-12 13:08:38,747 [WARNING] 🚀 XYZ-NFLX/USDC:USDC 突破! 现价:79.156
2026-02-12 13:08:41,743 [INFO] 📧 邮件发送: 🚨 📉 向下跌破 XYZ-NFLX/USDC:USDC
2026-02-12 13:10:03,192 [WARNING] 🚀 VNTL-SEMIS/USDH:USDH 突破! 现价:418.765
2026-02-12 13:10:06,139 [INFO] 📧 邮件发送: 🚨 📈 向上突破 VNTL-SEMIS/USDH:USDH
2026-02-12 13:58:54,814 [INFO] 📡 拉取全市场实时行情...
2026-02-12 13:58:54,815 [INFO]   📡 OKX: 加载市场...
2026-02-12 13:58:55,223 [INFO]   - OKX: 筛选出 0 个活跃标的
2026-02-12 13:58:55,223 [INFO]   📡 BITGET: 加载市场...
2026-02-12 13:58:55,634 [INFO]   - BITGET: 筛选出 108 个活跃标的
2026-02-12 13:58:55,634 [INFO]   📡 MEXC: 加载市场...
2026-02-12 13:58:56,448 [INFO]   - MEXC: 筛选出 142 个活跃标的
2026-02-12 13:58:56,448 [INFO]   📡 GATE: 加载市场...
2026-02-12 13:58:57,616 [INFO]   - GATE: 筛选出 89 个活跃标的
2026-02-12 13:58:57,617 [INFO]   📡 HYPERLIQUID: 加载市场...
2026-02-12 14:01:37,399 [INFO]   - HYPERLIQUID: 筛选出 348 个活跃标的
2026-02-12 14:01:37,401 [INFO] 🔍 扫描 687 个标的...
2026-02-12 14:49:29,897 [WARNING] 🚀 CASH-AMZN/USDT0:USDT0 突破! 现价:202.565
2026-02-12 14:49:34,507 [INFO] 📧 邮件发送: 🚨 📉 向下跌破 CASH-AMZN/USDT0:USDT0
2026-02-12 15:07:55,950 [WARNING] 🚀 AAPL/USDT:USDT 突破! 现价:270.43
2026-02-12 15:07:56,140 [WARNING] 🚀 AAPLX/USDT:USDT 突破! 现价:270.59
2026-02-12 15:07:56,161 [WARNING] 🚀 AAPLSTOCK/USDT:USDT 突破! 现价:271.36
2026-02-12 15:07:58,950 [INFO] 📧 邮件发送: 🚨 📉 向下跌破 AAPL/USDT:USDT
2026-02-12 15:07:59,136 [INFO] 📧 邮件发送: 🚨 📉 向下跌破 AAPLSTOCK/USDT:USDT
2026-02-12 15:07:59,151 [INFO] 📧 邮件发送: 🚨 📉 向下跌破 AAPLX/USDT:USDT
2026-02-12 15:17:51,472 [INFO] 🎯 锁定: MEXC TRX/USDT:USDT
2026-02-12 15:17:51,476 [INFO] 🎯 锁定: MEXC GNO/USDT:USDT
2026-02-12 15:17:51,478 [INFO] 🎯 锁定: MEXC JPY/USDT:USDT
2026-02-12 15:17:51,481 [INFO] 🎯 锁定: MEXC AUDIO/USDT:USDT
2026-02-12 15:17:51,483 [INFO] 🎯 锁定: HYPERLIQUID POLYX/USDC:USDC
2026-02-12 15:17:51,486 [INFO] 🎯 锁定: HYPERLIQUID MORPHO/USDC:USDC
2026-02-12 15:17:51,487 [INFO] 📦 发现 6 个原始信号，正在智能去重...
2026-02-12 15:17:54,498 [INFO] 📧 邮件发送: 【雷达日报】发现 6 个收敛结构
2026-02-12 15:34:30,646 [WARNING] 🚀 XYZ-PLTR/USDC:USDC 突破! 现价:132.27
2026-02-12 15:34:33,612 [INFO] 📧 邮件发送: 🚨 📉 向下跌破 XYZ-PLTR/USDC:USDC
2026-02-12 15:41:13,850 [WARNING] 🚀 VNTL-MAG7/USDH:USDH 突破! 现价:62.657
2026-02-12 15:41:16,964 [INFO] 📧 邮件发送: 🚨 📉 向下跌破 VNTL-MAG7/USDH:USDH
2026-02-12 15:55:23,360 [WARNING] 🚀 XYZ-BABA/USDC:USDC 突破! 现价:160.19
2026-02-12 15:55:26,452 [INFO] 📧 邮件发送: 🚨 📉 向下跌破 XYZ-BABA/USDC:USDC
2026-02-12 16:06:39,914 [WARNING] 🚀 KM-USTECH/USDH:USDH 突破! 现价:605.445
2026-02-12 16:06:43,001 [INFO] 📧 邮件发送: 🚨 📉 向下跌破 KM-USTECH/USDH:USDH
2026-02-12 16:11:21,208 [WARNING] 🚀 KM-SMALL2000/USDH:USDH 突破! 现价:261.735
2026-02-12 16:11:24,090 [INFO] 📧 邮件发送: 🚨 📉 向下跌破 KM-SMALL2000/USDH:USDH
2026-02-12 16:12:10,747 [WARNING] 🚀 CASH-GOOGL/USDT0:USDT0 突破! 现价:309.915
2026-02-12 16:12:13,643 [INFO] 📧 邮件发送: 🚨 📉 向下跌破 CASH-GOOGL/USDT0:USDT0
2026-02-12 16:14:50,640 [WARNING] 🚀 FLX-GOLD/USDH:USDH 突破! 现价:4956.85
2026-02-12 16:14:53,660 [INFO] 📧 邮件发送: 🚨 📉 向下跌破 FLX-GOLD/USDH:USDH
2026-02-12 16:16:21,539 [WARNING] 🚀 KM-GOOGL/USDH:USDH 突破! 现价:309.58
2026-02-12 16:16:24,430 [INFO] 📧 邮件发送: 🚨 📉 向下跌破 KM-GOOGL/USDH:USDH
2026-02-12 16:16:49,795 [WARNING] 🚀 CASH-META/USDT0:USDT0 突破! 现价:649.85
2026-02-12 16:16:52,741 [INFO] 📧 邮件发送: 🚨 📉 向下跌破 CASH-META/USDT0:USDT0
2026-02-12 16:16:57,506 [WARNING] 🚀 CASH-GOLD/USDT0:USDT0 突破! 现价:4957.5
2026-02-12 16:17:00,382 [INFO] 📧 邮件发送: 🚨 📉 向下跌破 CASH-GOLD/USDT0:USDT0
2026-02-12 16:17:54,500 [INFO] 📡 拉取全市场实时行情...
2026-02-12 16:17:54,501 [INFO]   📡 OKX: 加载市场...
2026-02-12 16:17:54,888 [INFO]   - OKX: 筛选出 0 个活跃标的
2026-02-12 16:17:54,889 [INFO]   📡 BITGET: 加载市场...
2026-02-12 16:17:55,284 [INFO]   - BITGET: 筛选出 105 个活跃标的
2026-02-12 16:17:55,284 [INFO]   📡 MEXC: 加载市场...
2026-02-12 16:17:55,688 [INFO]   - MEXC: 筛选出 139 个活跃标的
2026-02-12 16:17:55,688 [INFO]   📡 GATE: 加载市场...
2026-02-12 16:17:56,828 [INFO]   - GATE: 筛选出 89 个活跃标的
2026-02-12 16:17:56,829 [INFO]   📡 HYPERLIQUID: 加载市场...
2026-02-12 16:18:43,922 [WARNING] 🚀 XYZ-SILVER/USDC:USDC 突破! 现价:77.899
2026-02-12 16:18:46,809 [INFO] 📧 邮件发送: 🚨 📉 向下跌破 XYZ-SILVER/USDC:USDC
2026-02-12 16:19:11,842 [WARNING] 🚀 FLX-SILVER/USDH:USDH 突破! 现价:78.027
2026-02-12 16:19:14,827 [INFO] 📧 邮件发送: 🚨 📉 向下跌破 FLX-SILVER/USDH:USDH
2026-02-12 16:19:18,805 [WARNING] 🚀 FLX-PLATINUM/USDH:USDH 突破! 现价:2046.3
2026-02-12 16:19:21,933 [INFO] 📧 邮件发送: 🚨 📉 向下跌破 FLX-PLATINUM/USDH:USDH
2026-02-12 16:21:27,820 [INFO]   - HYPERLIQUID: 筛选出 348 个活跃标的
2026-02-12 16:21:27,822 [INFO] 🔍 扫描 681 个标的...
2026-02-12 16:22:42,828 [WARNING] 🚀 XYZ-RIVN/USDC:USDC 突破! 现价:14.304
2026-02-12 16:22:45,777 [INFO] 📧 邮件发送: 🚨 📉 向下跌破 XYZ-RIVN/USDC:USDC
2026-02-12 16:24:07,187 [WARNING] 🚀 KM-SILVER/USDH:USDH 突破! 现价:77.479
2026-02-12 16:24:09,950 [INFO] 📧 邮件发送: 🚨 📉 向下跌破 KM-SILVER/USDH:USDH
2026-02-12 16:27:48,824 [WARNING] 🚀 CASH-INTC/USDT0:USDT0 突破! 现价:46.74
2026-02-12 16:27:51,830 [INFO] 📧 邮件发送: 🚨 📉 向下跌破 CASH-INTC/USDT0:USDT0
2026-02-12 16:30:10,758 [WARNING] 🚀 VNTL-NUCLEAR/USDH:USDH 突破! 现价:140.92
2026-02-12 16:30:13,746 [INFO] 📧 邮件发送: 🚨 📉 向下跌破 VNTL-NUCLEAR/USDH:USDH
2026-02-12 16:55:45,628 [INFO] 🎯 锁定: BITGET HMSTR/USDT:USDT
2026-02-12 16:55:45,632 [INFO] 🎯 锁定: HYPERLIQUID NOCEX/USDC
2026-02-12 16:55:45,635 [INFO] 🎯 锁定: HYPERLIQUID SPX/USDC
2026-02-12 16:55:45,638 [INFO] 🎯 锁定: HYPERLIQUID BONK/USDC
2026-02-12 16:55:45,640 [INFO] 🎯 锁定: HYPERLIQUID XAUT/USDT
2026-02-12 16:55:45,643 [INFO] 🎯 锁定: HYPERLIQUID LINK0/USDC
2026-02-12 16:55:45,645 [INFO] 🎯 锁定: HYPERLIQUID WMNT/USDC
2026-02-12 16:55:45,648 [INFO] 🎯 锁定: HYPERLIQUID AAVE0/USDC
2026-02-12 16:55:45,650 [INFO] 🎯 锁定: HYPERLIQUID TRX/USDC:USDC
2026-02-12 16:55:45,653 [INFO] 🎯 锁定: HYPERLIQUID HMSTR/USDC:USDC
2026-02-12 16:55:45,653 [INFO] 📦 发现 10 个原始信号，正在智能去重...
2026-02-12 16:55:48,616 [INFO] 📧 邮件发送: 【雷达日报】发现 10 个收敛结构
2026-02-12 17:06:47,722 [WARNING] 🚀 SPX/USDC 突破! 现价:0.27683
2026-02-12 17:06:50,661 [INFO] 📧 邮件发送: 🚨 📉 向下跌破 SPX/USDC
2026-02-12 17:07:08,707 [WARNING] 🚀 LINK0/USDC 突破! 现价:8.1805
2026-02-12 17:07:12,131 [INFO] 📧 邮件发送: 🚨 📉 向下跌破 LINK0/USDC
2026-02-12 17:55:48,618 [INFO] 📡 拉取全市场实时行情...
2026-02-12 17:55:48,620 [INFO]   📡 OKX: 加载市场...
2026-02-12 17:55:49,000 [INFO]   - OKX: 筛选出 0 个活跃标的
2026-02-12 17:55:49,001 [INFO]   📡 BITGET: 加载市场...
2026-02-12 17:55:49,415 [INFO]   - BITGET: 筛选出 107 个活跃标的
2026-02-12 17:55:49,416 [INFO]   📡 MEXC: 加载市场...
2026-02-12 17:55:49,978 [INFO]   - MEXC: 筛选出 141 个活跃标的
2026-02-12 17:55:49,978 [INFO]   📡 GATE: 加载市场...
2026-02-12 17:55:51,102 [INFO]   - GATE: 筛选出 89 个活跃标的
2026-02-12 17:55:51,102 [INFO]   📡 HYPERLIQUID: 加载市场...
2026-02-12 17:56:53,588 [INFO]   - HYPERLIQUID: 筛选出 352 个活跃标的
2026-02-12 17:56:53,591 [INFO] 🔍 扫描 689 个标的...
2026-02-12 18:15:36,334 [INFO] 🎯 锁定: HYPERLIQUID SPX/USDC
2026-02-12 18:15:36,337 [INFO] 🎯 锁定: HYPERLIQUID VNTL-SPACEX/USDH:USDH
2026-02-12 18:15:36,337 [INFO] 📦 发现 2 个原始信号，正在智能去重...
2026-02-12 18:15:39,509 [INFO] 📧 邮件发送: 【雷达日报】发现 2 个收敛结构
2026-02-12 18:18:54,677 [WARNING] 🚀 SPX/USDC 突破! 现价:0.27627
2026-02-12 18:18:57,567 [INFO] 📧 邮件发送: 🚨 📉 向下跌破 SPX/USDC
2026-02-12 19:15:39,511 [INFO] 📡 拉取全市场实时行情...
2026-02-12 19:15:39,512 [INFO]   📡 OKX: 加载市场...
2026-02-12 19:15:39,899 [INFO]   - OKX: 筛选出 0 个活跃标的
2026-02-12 19:15:39,899 [INFO]   📡 BITGET: 加载市场...
2026-02-12 19:15:40,230 [INFO]   - BITGET: 筛选出 106 个活跃标的
2026-02-12 19:15:40,230 [INFO]   📡 MEXC: 加载市场...
2026-02-12 19:15:40,661 [INFO]   - MEXC: 筛选出 140 个活跃标的
2026-02-12 19:15:40,661 [INFO]   📡 GATE: 加载市场...
2026-02-12 19:15:41,741 [INFO]   - GATE: 筛选出 92 个活跃标的
2026-02-12 19:15:41,741 [INFO]   📡 HYPERLIQUID: 加载市场...
2026-02-12 19:17:26,078 [INFO]   - HYPERLIQUID: 筛选出 350 个活跃标的
2026-02-12 19:17:26,080 [INFO] 🔍 扫描 688 个标的...
2026-02-12 19:34:04,374 [INFO] 🎯 锁定: HYPERLIQUID SPX/USDC
2026-02-12 19:34:04,375 [INFO] 📦 发现 1 个原始信号，正在智能去重...
2026-02-12 19:34:07,641 [INFO] 📧 邮件发送: 【雷达日报】发现 1 个收敛结构
2026-02-12 19:37:58,194 [WARNING] 🚀 AAVE0/USDC 突破! 现价:115.185
2026-02-12 19:38:01,050 [INFO] 📧 邮件发送: 🚨 📈 向上突破 AAVE0/USDC
2026-02-12 19:42:16,760 [WARNING] 🚀 SPX/USDC 突破! 现价:0.276655
2026-02-12 19:42:19,567 [INFO] 📧 邮件发送: 🚨 📉 向下跌破 SPX/USDC
2026-02-12 20:34:07,642 [INFO] 📡 拉取全市场实时行情...
2026-02-12 20:34:07,643 [INFO]   📡 OKX: 加载市场...
2026-02-12 20:34:08,034 [INFO]   - OKX: 筛选出 0 个活跃标的
2026-02-12 20:34:08,035 [INFO]   📡 BITGET: 加载市场...
2026-02-12 20:34:08,457 [INFO]   - BITGET: 筛选出 106 个活跃标的
2026-02-12 20:34:08,458 [INFO]   📡 MEXC: 加载市场...
2026-02-12 20:34:08,884 [INFO]   - MEXC: 筛选出 142 个活跃标的
2026-02-12 20:34:08,884 [INFO]   📡 GATE: 加载市场...
2026-02-12 20:34:10,019 [INFO]   - GATE: 筛选出 94 个活跃标的
2026-02-12 20:34:10,019 [INFO]   📡 HYPERLIQUID: 加载市场...
2026-02-12 20:34:41,178 [INFO]   - HYPERLIQUID: 筛选出 352 个活跃标的
2026-02-12 20:34:41,180 [INFO] 🔍 扫描 694 个标的...
2026-02-12 20:49:08,331 [INFO] 🎯 锁定: MEXC JPY/USDT:USDT
2026-02-12 20:49:08,334 [INFO] 🎯 锁定: HYPERLIQUID SPX/USDC
2026-02-12 20:49:08,336 [INFO] 🎯 锁定: HYPERLIQUID XYZ-JPY/USDC:USDC
2026-02-12 20:49:08,336 [INFO] 📦 发现 3 个原始信号，正在智能去重...
2026-02-12 20:49:11,178 [INFO] 📧 邮件发送: 【雷达日报】发现 3 个收敛结构
2026-02-12 20:51:42,795 [WARNING] 🚀 SPX/USDC 突破! 现价:0.2705
2026-02-12 20:51:45,612 [INFO] 📧 邮件发送: 🚨 📉 向下跌破 SPX/USDC
2026-02-12 21:49:11,181 [INFO] 📡 拉取全市场实时行情...
2026-02-12 21:49:11,182 [INFO]   📡 OKX: 加载市场...
2026-02-12 21:49:11,566 [INFO]   - OKX: 筛选出 0 个活跃标的
2026-02-12 21:49:11,567 [INFO]   📡 BITGET: 加载市场...
2026-02-12 21:49:11,972 [INFO]   - BITGET: 筛选出 105 个活跃标的
2026-02-12 21:49:11,973 [INFO]   📡 MEXC: 加载市场...
2026-02-12 21:49:12,389 [INFO]   - MEXC: 筛选出 143 个活跃标的
2026-02-12 21:49:12,389 [INFO]   📡 GATE: 加载市场...
2026-02-12 21:49:13,462 [INFO]   - GATE: 筛选出 94 个活跃标的
2026-02-12 21:49:13,463 [INFO]   📡 HYPERLIQUID: 加载市场...
2026-02-12 21:49:23,769 [INFO]   - HYPERLIQUID: 筛选出 352 个活跃标的
2026-02-12 21:49:23,770 [INFO] 🔍 扫描 694 个标的...
2026-02-12 21:51:15,262 [INFO] 🎯 锁定: GATE ETHW/USDT:USDT
2026-02-12 21:51:15,265 [INFO] 🎯 锁定: HYPERLIQUID SPX/USDC
2026-02-12 21:51:15,269 [INFO] 🎯 锁定: HYPERLIQUID BONK/USDC
2026-02-12 21:51:15,271 [INFO] 🎯 锁定: HYPERLIQUID LINK0/USDC
2026-02-12 21:51:15,273 [INFO] 🎯 锁定: HYPERLIQUID HAR/USDC
2026-02-12 21:51:15,275 [INFO] 🎯 锁定: HYPERLIQUID POLYX/USDC:USDC
2026-02-12 21:51:15,277 [INFO] 🎯 锁定: HYPERLIQUID HMSTR/USDC:USDC
2026-02-12 21:51:15,280 [INFO] 🎯 锁定: HYPERLIQUID FLX-OIL/USDH:USDH
2026-02-12 21:51:15,282 [INFO] 🎯 锁定: HYPERLIQUID FLX-COPPER/USDH:USDH
2026-02-12 21:51:15,284 [INFO] 🎯 锁定: HYPERLIQUID VNTL-DEFENSE/USDH:USDH
2026-02-12 21:51:15,285 [INFO] 📦 发现 10 个原始信号，正在智能去重...
2026-02-12 21:51:18,310 [INFO] 📧 邮件发送: 【雷达日报】发现 10 个收敛结构
2026-02-12 21:52:57,264 [WARNING] 🚀 SPX/USDC 突破! 现价:0.272855
2026-02-12 21:53:00,228 [INFO] 📧 邮件发送: 🚨 📉 向下跌破 SPX/USDC
2026-02-12 22:51:18,312 [INFO] 📡 拉取全市场实时行情...
2026-02-12 22:51:18,314 [INFO]   📡 OKX: 加载市场...
2026-02-12 22:51:18,679 [INFO]   - OKX: 筛选出 0 个活跃标的
2026-02-12 22:51:18,680 [INFO]   📡 BITGET: 加载市场...
2026-02-12 22:51:19,085 [INFO]   - BITGET: 筛选出 103 个活跃标的
2026-02-12 22:51:19,085 [INFO]   📡 MEXC: 加载市场...
2026-02-12 22:51:19,545 [INFO]   - MEXC: 筛选出 142 个活跃标的
2026-02-12 22:51:19,546 [INFO]   📡 GATE: 加载市场...
2026-02-12 22:51:20,687 [INFO]   - GATE: 筛选出 91 个活跃标的
2026-02-12 22:51:20,687 [INFO]   📡 HYPERLIQUID: 加载市场...
2026-02-12 22:52:33,936 [INFO]   - HYPERLIQUID: 筛选出 351 个活跃标的
2026-02-12 22:52:33,938 [INFO] 🔍 扫描 687 个标的...
2026-02-12 23:02:02,387 [WARNING] 🚀 FLX-COPPER/USDH:USDH 突破! 现价:5.7983
2026-02-12 23:02:05,205 [INFO] 📧 邮件发送: 🚨 📉 向下跌破 FLX-COPPER/USDH:USDH
2026-02-12 23:09:27,314 [INFO] 🎯 锁定: MEXC QNT/USDT:USDT
2026-02-12 23:09:27,317 [INFO] 🎯 锁定: HYPERLIQUID SPX/USDC
2026-02-12 23:09:27,320 [INFO] 🎯 锁定: HYPERLIQUID USTC/USDC:USDC
2026-02-12 23:09:27,323 [INFO] 🎯 锁定: HYPERLIQUID NOT/USDC:USDC
2026-02-12 23:09:27,325 [INFO] 🎯 锁定: HYPERLIQUID CC/USDC:USDC
2026-02-12 23:09:27,326 [INFO] 🎯 锁定: HYPERLIQUID XYZ-INTC/USDC:USDC
2026-02-12 23:09:27,328 [INFO] 🎯 锁定: HYPERLIQUID XYZ-BABA/USDC:USDC
2026-02-12 23:09:27,330 [INFO] 🎯 锁定: HYPERLIQUID XYZ-COPPER/USDC:USDC
2026-02-12 23:09:27,331 [INFO] 🎯 锁定: HYPERLIQUID FLX-PLATINUM/USDH:USDH
2026-02-12 23:09:27,333 [INFO] 🎯 锁定: HYPERLIQUID VNTL-SPACEX/USDH:USDH
2026-02-12 23:09:27,335 [INFO] 🎯 锁定: HYPERLIQUID VNTL-NUCLEAR/USDH:USDH
2026-02-12 23:09:27,336 [INFO] 🎯 锁定: HYPERLIQUID VNTL-BIOTECH/USDH:USDH
2026-02-12 23:09:27,338 [INFO] 🎯 锁定: HYPERLIQUID HYNA-BNB/USDE:USDE
2026-02-12 23:09:27,340 [INFO] 🎯 锁定: HYPERLIQUID HYNA-BCH/USDE:USDE
2026-02-12 23:09:27,342 [INFO] 🎯 锁定: HYPERLIQUID CASH-INTC/USDT0:USDT0
2026-02-12 23:09:27,344 [INFO] 🎯 锁定: HYPERLIQUID CASH-GOLD/USDT0:USDT0
2026-02-12 23:09:27,344 [INFO] 📦 发现 16 个原始信号，正在智能去重...
2026-02-12 23:09:30,097 [INFO] 📧 邮件发送: 【雷达日报】发现 16 个收敛结构
2026-02-12 23:12:11,766 [WARNING] 🚀 FLX-PLATINUM/USDH:USDH 突破! 现价:1993.8
2026-02-12 23:12:14,723 [INFO] 📧 邮件发送: 🚨 📉 向下跌破 FLX-PLATINUM/USDH:USDH
2026-02-12 23:57:59,899 [WARNING] 🚀 VNTL-NUCLEAR/USDH:USDH 突破! 现价:140.265
2026-02-12 23:58:02,913 [INFO] 📧 邮件发送: 🚨 📉 向下跌破 VNTL-NUCLEAR/USDH:USDH
2026-02-13 00:09:30,099 [INFO] 📡 拉取全市场实时行情...
2026-02-13 00:09:30,100 [INFO]   📡 OKX: 加载市场...
2026-02-13 00:09:30,478 [INFO]   - OKX: 筛选出 0 个活跃标的
2026-02-13 00:09:30,479 [INFO]   📡 BITGET: 加载市场...
2026-02-13 00:09:30,895 [INFO]   - BITGET: 筛选出 101 个活跃标的
2026-02-13 00:09:30,896 [INFO]   📡 MEXC: 加载市场...
2026-02-13 00:09:31,715 [INFO]   - MEXC: 筛选出 140 个活跃标的
2026-02-13 00:09:31,716 [INFO]   📡 GATE: 加载市场...
2026-02-13 00:09:32,827 [INFO]   - GATE: 筛选出 87 个活跃标的
2026-02-13 00:09:32,828 [INFO]   📡 HYPERLIQUID: 加载市场...
2026-02-13 00:12:16,674 [INFO]   - HYPERLIQUID: 筛选出 351 个活跃标的
2026-02-13 00:12:16,677 [INFO] 🔍 扫描 679 个标的...
2026-02-13 00:47:29,848 [INFO] 🎯 锁定: BITGET XRP/USDT:USDT
2026-02-13 00:47:29,850 [INFO] 🎯 锁定: BITGET HMSTR/USDT:USDT
2026-02-13 00:47:29,852 [INFO] 🎯 锁定: MEXC XRP/USDT:USDT
2026-02-13 00:47:29,855 [INFO] 🎯 锁定: MEXC XRP/USD:XRP
2026-02-13 00:47:29,857 [INFO] 🎯 锁定: MEXC XRP/USDC:USDC
2026-02-13 00:47:29,858 [INFO] 🎯 锁定: MEXC GOOGLSTOCK/USDT:USDT
2026-02-13 00:47:29,860 [INFO] 🎯 锁定: MEXC MNT/USDT:USDT
2026-02-13 00:47:29,862 [INFO] 🎯 锁定: MEXC HMSTR/USDT:USDT
2026-02-13 00:47:29,865 [INFO] 🎯 锁定: MEXC AUD/USDT:USDT
2026-02-13 00:47:29,867 [INFO] 🎯 锁定: GATE TSLAX/USDT:USDT
2026-02-13 00:47:29,868 [INFO] 🎯 锁定: GATE HMSTR/USDT:USDT
2026-02-13 00:47:29,870 [INFO] 🎯 锁定: GATE XRP/USDT:USDT
2026-02-13 00:47:29,872 [INFO] 🎯 锁定: HYPERLIQUID NOCEX/USDC
2026-02-13 00:47:29,874 [INFO] 🎯 锁定: HYPERLIQUID USDHL/USDC
2026-02-13 00:47:29,876 [INFO] 🎯 锁定: HYPERLIQUID XAUT/USDT
2026-02-13 00:47:29,879 [INFO] 🎯 锁定: HYPERLIQUID BNB1/USDC
2026-02-13 00:47:29,881 [INFO] 🎯 锁定: HYPERLIQUID GMX/USDC:USDC
2026-02-13 00:47:29,884 [INFO] 🎯 锁定: HYPERLIQUID XRP/USDC:USDC
2026-02-13 00:47:29,886 [INFO] 🎯 锁定: HYPERLIQUID YGG/USDC:USDC
2026-02-13 00:47:29,889 [INFO] 🎯 锁定: HYPERLIQUID RUNE/USDC:USDC
2026-02-13 00:47:29,893 [INFO] 🎯 锁定: HYPERLIQUID BANANA/USDC:USDC
2026-02-13 00:47:29,896 [INFO] 🎯 锁定: HYPERLIQUID ORDI/USDC:USDC
2026-02-13 00:47:29,898 [INFO] 🎯 锁定: HYPERLIQUID ZEN/USDC:USDC
2026-02-13 00:47:29,901 [INFO] 🎯 锁定: HYPERLIQUID KLUNC/USDC:USDC
2026-02-13 00:47:29,904 [INFO] 🎯 锁定: HYPERLIQUID MAV/USDC:USDC
2026-02-13 00:47:29,906 [INFO] 🎯 锁定: HYPERLIQUID UMA/USDC:USDC
2026-02-13 00:47:29,908 [INFO] 🎯 锁定: HYPERLIQUID MORPHO/USDC:USDC
2026-02-13 00:47:29,910 [INFO] 🎯 锁定: HYPERLIQUID YZY/USDC:USDC
2026-02-13 00:47:29,912 [INFO] 🎯 锁定: HYPERLIQUID XYZ-TSLA/USDC:USDC
2026-02-13 00:47:29,914 [INFO] 🎯 锁定: HYPERLIQUID XYZ-AMD/USDC:USDC
2026-02-13 00:47:29,916 [INFO] 🎯 锁定: HYPERLIQUID FLX-PLATINUM/USDH:USDH
2026-02-13 00:47:29,918 [INFO] 🎯 锁定: HYPERLIQUID VNTL-ENERGY/USDH:USDH
2026-02-13 00:47:29,920 [INFO] 🎯 锁定: HYPERLIQUID KM-USENERGY/USDH:USDH
2026-02-13 00:47:29,923 [INFO] 🎯 锁定: HYPERLIQUID KM-USOIL/USDH:USDH
2026-02-13 00:47:29,925 [INFO] 🎯 锁定: HYPERLIQUID KM-AAPL/USDH:USDH
2026-02-13 00:47:29,925 [INFO] 📦 发现 35 个原始信号，正在智能去重...
2026-02-13 00:47:32,936 [INFO] 📧 邮件发送: 【雷达日报】发现 30 个收敛结构
2026-02-13 00:50:36,726 [WARNING] 🚀 GOOGLSTOCK/USDT:USDT 突破! 现价:308.0
2026-02-13 00:50:40,182 [INFO] 📧 邮件发送: 🚨 📉 向下跌破 GOOGLSTOCK/USDT:USDT
2026-02-13 00:54:15,277 [WARNING] 🚀 KM-AAPL/USDH:USDH 突破! 现价:260.12
2026-02-13 00:54:18,206 [INFO] 📧 邮件发送: 🚨 📉 向下跌破 KM-AAPL/USDH:USDH
2026-02-13 01:47:32,938 [INFO] 📡 拉取全市场实时行情...
2026-02-13 01:47:32,939 [INFO]   📡 OKX: 加载市场...
2026-02-13 01:47:33,335 [INFO]   - OKX: 筛选出 0 个活跃标的
2026-02-13 01:47:33,336 [INFO]   📡 BITGET: 加载市场...
2026-02-13 01:47:33,769 [INFO]   - BITGET: 筛选出 100 个活跃标的
2026-02-13 01:47:33,770 [INFO]   📡 MEXC: 加载市场...
2026-02-13 01:47:34,565 [INFO]   - MEXC: 筛选出 140 个活跃标的
2026-02-13 01:47:34,565 [INFO]   📡 GATE: 加载市场...
2026-02-13 01:47:35,934 [INFO]   - GATE: 筛选出 88 个活跃标的
2026-02-13 01:47:35,934 [INFO]   📡 HYPERLIQUID: 加载市场...
2026-02-13 01:50:30,148 [INFO]   - HYPERLIQUID: 筛选出 351 个活跃标的
2026-02-13 01:50:30,150 [INFO] 🔍 扫描 679 个标的...
2026-02-13 02:49:32,811 [INFO] 🎯 锁定: MEXC SPX500/USDT:USDT
2026-02-13 02:49:32,816 [INFO] 🎯 锁定: MEXC GOOGLSTOCK/USDT:USDT
2026-02-13 02:49:32,820 [INFO] 🎯 锁定: MEXC JPY/USDT:USDT
2026-02-13 02:49:32,823 [INFO] 🎯 锁定: GATE SPX500/USDT:USDT
2026-02-13 02:49:32,827 [INFO] 🎯 锁定: GATE EURUSD/USDT:USDT
2026-02-13 02:49:32,831 [INFO] 🎯 锁定: GATE XPD/USDT:USDT
2026-02-13 02:49:32,834 [INFO] 🎯 锁定: HYPERLIQUID WMNT/USDC
2026-02-13 02:49:32,836 [INFO] 🎯 锁定: HYPERLIQUID TRX/USDC:USDC
2026-02-13 02:49:32,839 [INFO] 🎯 锁定: HYPERLIQUID XYZ-JPY/USDC:USDC
2026-02-13 02:49:32,841 [INFO] 🎯 锁定: HYPERLIQUID XYZ-NATGAS/USDC:USDC
2026-02-13 02:49:32,843 [INFO] 🎯 锁定: HYPERLIQUID FLX-NVDA/USDH:USDH
2026-02-13 02:49:32,846 [INFO] 🎯 锁定: HYPERLIQUID VNTL-NUCLEAR/USDH:USDH
2026-02-13 02:49:32,848 [INFO] 🎯 锁定: HYPERLIQUID KM-AAPL/USDH:USDH
2026-02-13 02:49:32,848 [INFO] 📦 发现 13 个原始信号，正在智能去重...
2026-02-13 02:49:35,928 [INFO] 📧 邮件发送: 【雷达日报】发现 12 个收敛结构
