2026-02-12 10:17:44,427 [INFO] 🔌 初始化交易所...
2026-02-12 10:17:44,439 [INFO] ✅ OKX 就绪
2026-02-12 10:17:44,457 [INFO] ✅ BITGET 就绪
2026-02-12 10:17:44,465 [INFO] ✅ MEXC 就绪
2026-02-12 10:17:44,474 [INFO] ✅ GATE 就绪
2026-02-12 10:17:44,479 [INFO] ✅ HYPERLIQUID 就绪
2026-02-12 10:17:44,480 [INFO] 🔄 数据库恢复: 0 个任务.
2026-02-12 10:17:44,480 [INFO] 📡 拉取全市场实时行情 (fetch_tickers)...
2026-02-12 10:17:44,481 [INFO]   📡 OKX: 加载市场...
2026-02-12 10:17:45,878 [INFO]   - OKX: 筛选出 0 个活跃标的
2026-02-12 10:17:45,878 [INFO]   📡 BITGET: 加载市场...
2026-02-12 10:17:48,040 [INFO]   - BITGET: 筛选出 106 个活跃标的
2026-02-12 10:17:48,041 [INFO]   📡 MEXC: 加载市场...
2026-02-12 10:17:54,566 [INFO]   - MEXC: 筛选出 139 个活跃标的
2026-02-12 10:17:54,567 [INFO]   📡 GATE: 加载市场...
2026-02-12 10:18:00,602 [WARNING]   - GATE fetch_tickers 失败: gate fetchTickers() not support self market type, provide symbols or set params["defaultType"] to one from spot/margin/swap/future/option
2026-02-12 10:18:00,603 [INFO]   📡 HYPERLIQUID: 加载市场...
2026-02-12 10:18:22,082 [INFO]   - HYPERLIQUID: 筛选出 350 个活跃标的
2026-02-12 10:18:22,084 [INFO] 🔍 扫描 595 个标的...
2026-02-12 10:18:22,350 [INFO] 🎯 锁定: [BITGET] BTC/USDT:USDT
2026-02-12 10:18:22,432 [INFO] 🎯 锁定: [BITGET] XRP/USDT:USDT
2026-02-12 10:18:22,475 [INFO] 🎯 锁定: [BITGET] BCH/USDT:USDT
2026-02-12 10:18:22,680 [INFO] 🎯 锁定: [BITGET] DOT/USDT:USDT
2026-02-12 10:18:22,809 [INFO] 🎯 锁定: [BITGET] BNB/USDT:USDT
2026-02-12 10:18:22,970 [INFO] 🎯 锁定: [BITGET] AAVE/USDT:USDT
2026-02-12 10:18:23,203 [INFO] 🎯 锁定: [BITGET] AVAX/USDT:USDT
2026-02-12 10:18:24,707 [INFO] 🎯 锁定: [BITGET] PAXG/USDT:USDT
2026-02-12 10:18:24,818 [INFO] 🎯 锁定: [BITGET] HMSTR/USDT:USDT
2026-02-12 10:18:25,157 [INFO] 📧 邮件发送: 【发现】BTC/USDT:USDT 在 BITGET 收敛
2026-02-12 10:18:25,234 [INFO] 📧 邮件发送: 【发现】XRP/USDT:USDT 在 BITGET 收敛
2026-02-12 10:18:25,412 [INFO] 📧 邮件发送: 【发现】BCH/USDT:USDT 在 BITGET 收敛
2026-02-12 10:18:25,503 [INFO] 📧 邮件发送: 【发现】BNB/USDT:USDT 在 BITGET 收敛
2026-02-12 10:18:25,624 [INFO] 📧 邮件发送: 【发现】DOT/USDT:USDT 在 BITGET 收敛
2026-02-12 10:18:26,008 [INFO] 🎯 锁定: [BITGET] XAUT/USDT:USDT
2026-02-12 10:18:26,019 [INFO] 📧 邮件发送: 【发现】AAVE/USDT:USDT 在 BITGET 收敛
2026-02-12 10:18:26,309 [INFO] 🎯 锁定: [BITGET] TSLA/USDT:USDT
2026-02-12 10:18:26,521 [INFO] 🎯 锁定: [BITGET] GOOGL/USDT:USDT
2026-02-12 10:18:26,558 [INFO] 🎯 锁定: [BITGET] AMZN/USDT:USDT
2026-02-12 10:18:26,850 [INFO] 🎯 锁定: [BITGET] PLTR/USDT:USDT
2026-02-12 10:18:27,051 [INFO] 🎯 锁定: [BITGET] MSFT/USDT:USDT
2026-02-12 10:18:27,726 [INFO] 🎯 锁定: [MEXC] BTC/USDT:USDT
2026-02-12 10:18:27,902 [INFO] 🎯 锁定: [BITGET] XAU/USDT:USDT
2026-02-12 10:18:27,941 [INFO] 🎯 锁定: [MEXC] XAUT/USDT:USDT
2026-02-12 10:18:27,970 [INFO] 🎯 锁定: [MEXC] SILVER/USDT:USDT
2026-02-12 10:18:27,987 [INFO] 🎯 锁定: [BITGET] XAG/USDT:USDT
2026-02-12 10:18:28,372 [INFO] 🎯 锁定: [MEXC] XRP/USDT:USDT
2026-02-12 10:18:28,457 [INFO] 📧 邮件发送: 【发现】AVAX/USDT:USDT 在 BITGET 收敛
2026-02-12 10:18:28,567 [INFO] 🎯 锁定: [MEXC] XRP/USD:XRP
2026-02-12 10:18:28,673 [INFO] 📧 邮件发送: 【发现】HMSTR/USDT:USDT 在 BITGET 收敛
2026-02-12 10:18:28,725 [INFO] 📧 邮件发送: 【发现】PAXG/USDT:USDT 在 BITGET 收敛
2026-02-12 10:18:29,107 [INFO] 📧 邮件发送: 【发现】XAUT/USDT:USDT 在 BITGET 收敛
2026-02-12 10:18:29,345 [INFO] 📧 邮件发送: 【发现】TSLA/USDT:USDT 在 BITGET 收敛
2026-02-12 10:18:29,781 [INFO] 📧 邮件发送: 【发现】GOOGL/USDT:USDT 在 BITGET 收敛
2026-02-12 10:18:30,068 [ERROR] ❌ 邮件失败: Connection unexpectedly closed
2026-02-12 10:18:30,266 [ERROR] ❌ 邮件失败: Connection unexpectedly closed
2026-02-12 10:18:30,309 [ERROR] ❌ 邮件失败: Connection unexpectedly closed
2026-02-12 10:18:30,785 [ERROR] ❌ 邮件失败: Connection unexpectedly closed
2026-02-12 10:18:30,995 [ERROR] ❌ 邮件失败: Connection unexpectedly closed
2026-02-12 10:18:31,318 [ERROR] ❌ 邮件失败: Connection unexpectedly closed
2026-02-12 10:18:31,400 [INFO] 🎯 锁定: [MEXC] BNB/USDT:USDT
2026-02-12 10:18:31,589 [INFO] 🎯 锁定: [MEXC] LTC/USDT:USDT
2026-02-12 10:18:31,835 [ERROR] ❌ 邮件失败: Connection unexpectedly closed
2026-02-12 10:18:31,838 [INFO] 🎯 锁定: [MEXC] AVAX/USDT:USDT
2026-02-12 10:18:31,886 [ERROR] ❌ 邮件失败: Connection unexpectedly closed
2026-02-12 10:18:31,905 [ERROR] ❌ 邮件失败: Connection unexpectedly closed
2026-02-12 10:18:32,076 [INFO] 🎯 锁定: [MEXC] BCH/USDT:USDT
2026-02-12 10:18:32,483 [ERROR] ❌ 邮件失败: Connection unexpectedly closed
2026-02-12 10:18:32,871 [INFO] 🎯 锁定: [MEXC] AAVE/USDT:USDT
2026-02-12 10:18:33,062 [ERROR] ❌ 邮件失败: Connection unexpectedly closed
2026-02-12 10:18:33,191 [INFO] 🎯 锁定: [MEXC] DOT/USDT:USDT
2026-02-12 10:18:33,247 [ERROR] ❌ 邮件失败: Connection unexpectedly closed
2026-02-12 10:18:33,413 [ERROR] ❌ 邮件失败: Connection unexpectedly closed
2026-02-12 10:18:33,678 [INFO] 🎯 锁定: [MEXC] BTC/USDC:USDC
2026-02-12 10:18:33,758 [ERROR] ❌ 邮件失败: Connection unexpectedly closed
2026-02-12 10:18:34,371 [INFO] 🎯 锁定: [MEXC] PAXG/USDT:USDT
2026-02-12 10:18:34,581 [ERROR] ❌ 邮件失败: Connection unexpectedly closed
2026-02-12 10:18:34,829 [ERROR] ❌ 邮件失败: Connection unexpectedly closed
2026-02-12 10:18:35,366 [ERROR] ❌ 邮件失败: Connection unexpectedly closed
2026-02-12 10:18:35,930 [ERROR] ❌ 邮件失败: Connection unexpectedly closed
2026-02-12 10:18:37,916 [INFO] 🎯 锁定: [MEXC] NAS100/USDT:USDT
2026-02-12 10:18:38,328 [INFO] 🎯 锁定: [MEXC] QNT/USDT:USDT
2026-02-12 10:18:38,571 [INFO] 🎯 锁定: [MEXC] XRP/USDC:USDC
2026-02-12 10:18:38,752 [INFO] 🎯 锁定: [MEXC] GOOGLSTOCK/USDT:USDT
2026-02-12 10:18:39,206 [INFO] 🎯 锁定: [MEXC] SILVER/USDC:USDC
2026-02-12 10:18:39,490 [ERROR] ❌ 邮件失败: Connection unexpectedly closed
2026-02-12 10:18:39,852 [INFO] 🎯 锁定: [MEXC] AMZNSTOCK/USDT:USDT
2026-02-12 10:18:39,895 [ERROR] ❌ 邮件失败: Connection unexpectedly closed
2026-02-12 10:18:40,068 [INFO] 🎯 锁定: [MEXC] HMSTR/USDT:USDT
2026-02-12 10:18:40,186 [INFO] 🎯 锁定: [MEXC] BNB/USDC:USDC
2026-02-12 10:18:40,263 [INFO] 🎯 锁定: [MEXC] MSFTSTOCK/USDT:USDT
2026-02-12 10:18:40,282 [ERROR] ❌ 邮件失败: Connection unexpectedly closed
2026-02-12 10:18:40,359 [ERROR] ❌ 邮件失败: Connection unexpectedly closed
2026-02-12 10:18:40,762 [ERROR] ❌ 邮件失败: Connection unexpectedly closed
2026-02-12 10:18:41,418 [ERROR] ❌ 邮件失败: Connection unexpectedly closed
2026-02-12 10:18:41,712 [ERROR] ❌ 邮件失败: Connection unexpectedly closed
2026-02-12 10:18:41,886 [ERROR] ❌ 邮件失败: Connection unexpectedly closed
2026-02-12 10:18:42,034 [ERROR] ❌ 邮件失败: Connection unexpectedly closed
2026-02-12 10:18:43,100 [INFO] 🎯 锁定: [HYPERLIQUID] BTC/USDC
2026-02-12 10:18:44,750 [ERROR] ❌ 邮件失败: Connection unexpectedly closed
2026-02-12 10:18:44,903 [INFO] 🎯 锁定: [HYPERLIQUID] XAUT/USDC
2026-02-12 10:18:45,506 [INFO] 🎯 锁定: [HYPERLIQUID] SPX/USDC
2026-02-12 10:18:46,300 [INFO] 🎯 锁定: [HYPERLIQUID] THBILL/USDC
2026-02-12 10:18:46,546 [ERROR] ❌ 邮件失败: Connection unexpectedly closed
2026-02-12 10:18:46,897 [INFO] 🎯 锁定: [HYPERLIQUID] XAUT/USDT
2026-02-12 10:18:47,068 [ERROR] ❌ 邮件失败: Connection unexpectedly closed
2026-02-12 10:18:47,985 [ERROR] ❌ 邮件失败: Connection unexpectedly closed
2026-02-12 10:18:48,581 [ERROR] ❌ 邮件失败: Connection unexpectedly closed
2026-02-12 10:18:50,418 [INFO] 🎯 锁定: [HYPERLIQUID] LINK0/USDC
2026-02-12 10:18:50,563 [INFO] 🎯 锁定: [HYPERLIQUID] WMNT/USDC
2026-02-12 10:18:51,900 [INFO] 🎯 锁定: [HYPERLIQUID] BTC/USDH
2026-02-12 10:18:52,082 [ERROR] ❌ 邮件失败: Connection unexpectedly closed
2026-02-12 10:18:52,170 [ERROR] ❌ 邮件失败: Connection unexpectedly closed
2026-02-12 10:18:53,486 [ERROR] ❌ 邮件失败: Connection unexpectedly closed
2026-02-12 10:19:01,809 [INFO] 🎯 锁定: [HYPERLIQUID] BNB1/USDC
2026-02-12 10:19:02,422 [INFO] 🎯 锁定: [HYPERLIQUID] GLD/USDC
2026-02-12 10:19:03,303 [INFO] 🎯 锁定: [HYPERLIQUID] BTC/USDC:USDC
2026-02-12 10:19:03,371 [ERROR] ❌ 邮件失败: Connection unexpectedly closed
2026-02-12 10:19:04,387 [ERROR] ❌ 邮件失败: Connection unexpectedly closed
2026-02-12 10:19:04,435 [INFO] 🎯 锁定: [HYPERLIQUID] AVAX/USDC:USDC
2026-02-12 10:19:04,657 [INFO] 🎯 锁定: [HYPERLIQUID] BNB/USDC:USDC
2026-02-12 10:19:04,957 [ERROR] ❌ 邮件失败: Connection unexpectedly closed
2026-02-12 10:19:05,158 [INFO] 🎯 锁定: [HYPERLIQUID] LTC/USDC:USDC
2026-02-12 10:19:06,102 [ERROR] ❌ 邮件失败: Connection unexpectedly closed
2026-02-12 10:19:06,293 [ERROR] ❌ 邮件失败: Connection unexpectedly closed
2026-02-12 10:19:06,821 [ERROR] ❌ 邮件失败: Connection unexpectedly closed
2026-02-12 10:19:07,504 [INFO] 🎯 锁定: [HYPERLIQUID] SNX/USDC:USDC
2026-02-12 10:19:07,733 [INFO] 🎯 锁定: [HYPERLIQUID] XRP/USDC:USDC
2026-02-12 10:19:08,009 [INFO] 🎯 锁定: [HYPERLIQUID] BCH/USDC:USDC
2026-02-12 10:19:08,430 [INFO] 🎯 锁定: [HYPERLIQUID] AAVE/USDC:USDC
2026-02-12 10:19:09,207 [INFO] 🎯 锁定: [HYPERLIQUID] TRX/USDC:USDC
2026-02-12 10:19:09,263 [ERROR] ❌ 邮件失败: Connection unexpectedly closed
2026-02-12 10:19:09,575 [ERROR] ❌ 邮件失败: Connection unexpectedly closed
2026-02-12 10:19:09,827 [ERROR] ❌ 邮件失败: Connection unexpectedly closed
2026-02-12 10:19:10,026 [ERROR] ❌ 邮件失败: Connection unexpectedly closed
2026-02-12 10:19:10,310 [INFO] 🎯 锁定: [HYPERLIQUID] DOT/USDC:USDC
2026-02-12 10:19:10,496 [INFO] 🎯 锁定: [HYPERLIQUID] BANANA/USDC:USDC
2026-02-12 10:19:10,783 [ERROR] ❌ 邮件失败: Connection unexpectedly closed
2026-02-12 10:19:11,851 [ERROR] ❌ 邮件失败: Connection unexpectedly closed
2026-02-12 10:19:12,103 [INFO] 🎯 锁定: [HYPERLIQUID] BSV/USDC:USDC
2026-02-12 10:19:12,266 [ERROR] ❌ 邮件失败: Connection unexpectedly closed
2026-02-12 10:19:13,414 [INFO] 🎯 锁定: [HYPERLIQUID] PENDLE/USDC:USDC
2026-02-12 10:19:14,188 [ERROR] ❌ 邮件失败: Connection unexpectedly closed
2026-02-12 10:19:14,953 [ERROR] ❌ 邮件失败: Connection unexpectedly closed
2026-02-12 10:19:16,207 [INFO] 🎯 锁定: [HYPERLIQUID] USTC/USDC:USDC
2026-02-12 10:19:16,614 [INFO] 🎯 锁定: [HYPERLIQUID] KLUNC/USDC:USDC
2026-02-12 10:19:17,838 [ERROR] ❌ 邮件失败: Connection unexpectedly closed
2026-02-12 10:19:18,276 [ERROR] ❌ 邮件失败: Connection unexpectedly closed
2026-02-12 10:19:23,117 [INFO] 🎯 锁定: [HYPERLIQUID] EIGEN/USDC:USDC
2026-02-12 10:19:23,604 [INFO] 🎯 锁定: [HYPERLIQUID] NOT/USDC:USDC
2026-02-12 10:19:24,676 [ERROR] ❌ 邮件失败: Connection unexpectedly closed
2026-02-12 10:19:25,217 [ERROR] ❌ 邮件失败: Connection unexpectedly closed
2026-02-12 10:19:25,614 [INFO] 🎯 锁定: [HYPERLIQUID] HMSTR/USDC:USDC
2026-02-12 10:19:27,159 [ERROR] ❌ 邮件失败: Connection unexpectedly closed
2026-02-12 10:19:31,804 [INFO] 🎯 锁定: [HYPERLIQUID] VVV/USDC:USDC
2026-02-12 10:19:33,395 [ERROR] ❌ 邮件失败: Connection unexpectedly closed
2026-02-12 10:19:34,407 [INFO] 🎯 锁定: [HYPERLIQUID] ZORA/USDC:USDC
2026-02-12 10:19:36,018 [ERROR] ❌ 邮件失败: Connection unexpectedly closed
2026-02-12 10:19:41,607 [INFO] 🎯 锁定: [HYPERLIQUID] XYZ-XYZ100/USDC:USDC
2026-02-12 10:19:43,152 [ERROR] ❌ 邮件失败: Connection unexpectedly closed
2026-02-12 10:21:19,203 [INFO] 🎯 锁定: [HYPERLIQUID] FLX-TSLA/USDH:USDH
2026-02-12 10:21:19,435 [INFO] 🎯 锁定: [HYPERLIQUID] FLX-NVDA/USDH:USDH
2026-02-12 10:21:20,343 [INFO] 🎯 锁定: [HYPERLIQUID] FLX-GOLD/USDH:USDH
2026-02-12 10:21:20,459 [INFO] 🎯 锁定: [HYPERLIQUID] FLX-SILVER/USDH:USDH
2026-02-12 10:21:20,712 [INFO] 🎯 锁定: [HYPERLIQUID] FLX-COPPER/USDH:USDH
2026-02-12 10:21:20,850 [ERROR] ❌ 邮件失败: Connection unexpectedly closed
2026-02-12 10:21:21,114 [ERROR] ❌ 邮件失败: Connection unexpectedly closed
2026-02-12 10:21:21,204 [INFO] 🎯 锁定: [HYPERLIQUID] FLX-PLATINUM/USDH:USDH
2026-02-12 10:21:21,430 [INFO] 🎯 锁定: [HYPERLIQUID] VNTL-SPACEX/USDH:USDH
2026-02-12 10:21:22,002 [ERROR] ❌ 邮件失败: Connection unexpectedly closed
2026-02-12 10:21:22,049 [ERROR] ❌ 邮件失败: Connection unexpectedly closed
2026-02-12 10:21:22,294 [ERROR] ❌ 邮件失败: Connection unexpectedly closed
2026-02-12 10:21:22,822 [ERROR] ❌ 邮件失败: Connection unexpectedly closed
2026-02-12 10:21:23,003 [ERROR] ❌ 邮件失败: Connection unexpectedly closed
2026-02-12 10:23:26,528 [WARNING] 🚀 BSV/USDC:USDC 突破! 现价:14.7405
2026-02-12 10:23:28,154 [ERROR] ❌ 邮件失败: Connection unexpectedly closed
2026-02-12 10:24:24,023 [INFO] 🎯 锁定: [HYPERLIQUID] VNTL-MAG7/USDH:USDH
2026-02-12 10:24:24,210 [INFO] 🎯 锁定: [HYPERLIQUID] VNTL-SEMIS/USDH:USDH
2026-02-12 10:24:24,419 [INFO] 🎯 锁定: [HYPERLIQUID] VNTL-ROBOT/USDH:USDH
2026-02-12 10:24:24,502 [INFO] 🎯 锁定: [HYPERLIQUID] VNTL-INFOTECH/USDH:USDH
2026-02-12 10:24:25,011 [INFO] 🎯 锁定: [HYPERLIQUID] VNTL-DEFENSE/USDH:USDH
2026-02-12 10:24:25,102 [INFO] 🎯 锁定: [HYPERLIQUID] VNTL-ENERGY/USDH:USDH
2026-02-12 10:24:25,613 [INFO] 🎯 锁定: [HYPERLIQUID] HYNA-BTC/USDE:USDE
2026-02-12 10:24:25,668 [ERROR] ❌ 邮件失败: Connection unexpectedly closed
2026-02-12 10:24:25,862 [ERROR] ❌ 邮件失败: Connection unexpectedly closed
2026-02-12 10:24:26,081 [ERROR] ❌ 邮件失败: Connection unexpectedly closed
2026-02-12 10:24:26,100 [ERROR] ❌ 邮件失败: Connection unexpectedly closed
2026-02-12 10:24:26,607 [ERROR] ❌ 邮件失败: Connection unexpectedly closed
2026-02-12 10:24:26,655 [ERROR] ❌ 邮件失败: Connection unexpectedly closed
2026-02-12 10:24:27,204 [ERROR] ❌ 邮件失败: Connection unexpectedly closed
2026-02-12 10:26:01,513 [INFO] 🎯 锁定: [HYPERLIQUID] HYNA-XRP/USDE:USDE
2026-02-12 10:26:01,941 [INFO] 🎯 锁定: [HYPERLIQUID] HYNA-BNB/USDE:USDE
2026-02-12 10:26:03,180 [ERROR] ❌ 邮件失败: Connection unexpectedly closed
2026-02-12 10:26:03,527 [ERROR] ❌ 邮件失败: Connection unexpectedly closed
2026-02-12 10:30:24,419 [INFO] 🎯 锁定: [HYPERLIQUID] KM-SMALL2000/USDH:USDH
2026-02-12 10:30:24,618 [INFO] 🎯 锁定: [HYPERLIQUID] KM-USTECH/USDH:USDH
2026-02-12 10:30:25,404 [INFO] 🎯 锁定: [HYPERLIQUID] KM-SILVER/USDH:USDH
2026-02-12 10:30:25,538 [INFO] 🎯 锁定: [HYPERLIQUID] KM-USOIL/USDH:USDH
2026-02-12 10:30:25,996 [INFO] 🎯 锁定: [HYPERLIQUID] KM-TSLA/USDH:USDH
2026-02-12 10:30:26,018 [INFO] 🎯 锁定: [HYPERLIQUID] KM-GOOGL/USDH:USDH
2026-02-12 10:30:26,613 [INFO] 🎯 锁定: [HYPERLIQUID] CASH-TSLA/USDT0:USDT0
2026-02-12 10:30:27,368 [INFO] 📧 邮件发送: 【发现】KM-SMALL2000/USDH:USDH 在 HYPERLIQUID 收敛
2026-02-12 10:30:27,520 [INFO] 📧 邮件发送: 【发现】KM-USTECH/USDH:USDH 在 HYPERLIQUID 收敛
2026-02-12 10:30:28,531 [INFO] 📧 邮件发送: 【发现】KM-SILVER/USDH:USDH 在 HYPERLIQUID 收敛
2026-02-12 10:30:28,587 [INFO] 📧 邮件发送: 【发现】KM-USOIL/USDH:USDH 在 HYPERLIQUID 收敛
2026-02-12 10:30:29,020 [INFO] 📧 邮件发送: 【发现】KM-GOOGL/USDH:USDH 在 HYPERLIQUID 收敛
2026-02-12 10:30:29,070 [INFO] 📧 邮件发送: 【发现】KM-TSLA/USDH:USDH 在 HYPERLIQUID 收敛
2026-02-12 10:30:30,233 [INFO] 📧 邮件发送: 【发现】CASH-TSLA/USDT0:USDT0 在 HYPERLIQUID 收敛
2026-02-12 10:32:11,315 [INFO] 🎯 锁定: [HYPERLIQUID] CASH-NVDA/USDT0:USDT0
2026-02-12 10:32:11,412 [INFO] 🎯 锁定: [HYPERLIQUID] CASH-INTC/USDT0:USDT0
2026-02-12 10:32:11,615 [INFO] 🎯 锁定: [HYPERLIQUID] CASH-AMZN/USDT0:USDT0
2026-02-12 10:32:11,828 [INFO] 🎯 锁定: [HYPERLIQUID] CASH-GOOGL/USDT0:USDT0
2026-02-12 10:32:11,900 [INFO] 🎯 锁定: [HYPERLIQUID] CASH-META/USDT0:USDT0
2026-02-12 10:32:12,249 [INFO] 🎯 锁定: [HYPERLIQUID] CASH-GOLD/USDT0:USDT0
2026-02-12 10:32:12,348 [INFO] ✅ 本轮扫描完成.
2026-02-12 10:32:14,269 [INFO] 📧 邮件发送: 【发现】CASH-INTC/USDT0:USDT0 在 HYPERLIQUID 收敛
2026-02-12 10:32:14,331 [INFO] 📧 邮件发送: 【发现】CASH-NVDA/USDT0:USDT0 在 HYPERLIQUID 收敛
2026-02-12 10:32:14,600 [INFO] 📧 邮件发送: 【发现】CASH-AMZN/USDT0:USDT0 在 HYPERLIQUID 收敛
2026-02-12 10:32:14,801 [INFO] 📧 邮件发送: 【发现】CASH-META/USDT0:USDT0 在 HYPERLIQUID 收敛
2026-02-12 10:32:14,807 [INFO] 📧 邮件发送: 【发现】CASH-GOOGL/USDT0:USDT0 在 HYPERLIQUID 收敛
2026-02-12 10:32:14,966 [INFO] 📧 邮件发送: 【发现】CASH-GOLD/USDT0:USDT0 在 HYPERLIQUID 收敛
