2026-02-12 10:40:41,007 [INFO] 🔌 初始化交易所...
2026-02-12 10:40:41,020 [INFO] ✅ OKX 就绪
2026-02-12 10:40:41,033 [INFO] ✅ BITGET 就绪
2026-02-12 10:40:41,040 [INFO] ✅ MEXC 就绪
2026-02-12 10:40:41,051 [INFO] ✅ GATE 就绪
2026-02-12 10:40:41,057 [INFO] ✅ HYPERLIQUID 就绪
2026-02-12 10:40:41,058 [INFO] 🔄 数据库恢复: 0 个任务.
2026-02-12 10:40:41,058 [INFO] 📡 拉取全市场实时行情 (fetch_tickers)...
2026-02-12 10:40:41,059 [INFO]   📡 OKX: 加载市场...
2026-02-12 10:40:42,461 [INFO]   - OKX: 筛选出 0 个活跃标的
2026-02-12 10:40:42,462 [INFO]   📡 BITGET: 加载市场...
2026-02-12 10:40:44,395 [INFO]   - BITGET: 筛选出 105 个活跃标的
2026-02-12 10:40:44,396 [INFO]   📡 MEXC: 加载市场...
2026-02-12 10:40:50,887 [INFO]   - MEXC: 筛选出 139 个活跃标的
2026-02-12 10:40:50,887 [INFO]   📡 GATE: 加载市场...
2026-02-12 10:40:57,328 [INFO]   - GATE: 筛选出 87 个活跃标的
2026-02-12 10:40:57,329 [INFO]   📡 HYPERLIQUID: 加载市场...
2026-02-12 10:41:18,641 [INFO]   - HYPERLIQUID: 筛选出 350 个活跃标的
2026-02-12 10:41:18,642 [INFO] 🔍 扫描 681 个标的...
2026-02-12 10:42:51,834 [INFO] 🎯 锁定新目标: BITGET BTC/USDT:USDT
2026-02-12 10:42:51,839 [INFO] 🎯 锁定新目标: BITGET XRP/USDT:USDT
2026-02-12 10:42:51,843 [INFO] 🎯 锁定新目标: BITGET BCH/USDT:USDT
2026-02-12 10:42:51,846 [INFO] 🎯 锁定新目标: BITGET DOT/USDT:USDT
2026-02-12 10:42:51,849 [INFO] 🎯 锁定新目标: BITGET BNB/USDT:USDT
2026-02-12 10:42:51,852 [INFO] 🎯 锁定新目标: BITGET AAVE/USDT:USDT
2026-02-12 10:42:51,855 [INFO] 🎯 锁定新目标: BITGET AVAX/USDT:USDT
2026-02-12 10:42:51,857 [INFO] 🎯 锁定新目标: BITGET PAXG/USDT:USDT
2026-02-12 10:42:51,860 [INFO] 🎯 锁定新目标: BITGET HMSTR/USDT:USDT
2026-02-12 10:42:51,862 [INFO] 🎯 锁定新目标: BITGET XAUT/USDT:USDT
2026-02-12 10:42:51,865 [INFO] 🎯 锁定新目标: BITGET TSLA/USDT:USDT
2026-02-12 10:42:51,867 [INFO] 🎯 锁定新目标: BITGET GOOGL/USDT:USDT
2026-02-12 10:42:51,870 [INFO] 🎯 锁定新目标: BITGET AMZN/USDT:USDT
2026-02-12 10:42:51,872 [INFO] 🎯 锁定新目标: BITGET PLTR/USDT:USDT
2026-02-12 10:42:51,875 [INFO] 🎯 锁定新目标: BITGET MSFT/USDT:USDT
2026-02-12 10:42:51,879 [INFO] 🎯 锁定新目标: BITGET XAU/USDT:USDT
2026-02-12 10:42:51,881 [INFO] 🎯 锁定新目标: BITGET XAG/USDT:USDT
2026-02-12 10:42:51,884 [INFO] 🎯 锁定新目标: MEXC BTC/USDT:USDT
2026-02-12 10:42:51,886 [INFO] 🎯 锁定新目标: MEXC XAUT/USDT:USDT
2026-02-12 10:42:51,888 [INFO] 🎯 锁定新目标: MEXC SILVER/USDT:USDT
2026-02-12 10:42:51,891 [INFO] 🎯 锁定新目标: MEXC XRP/USDT:USDT
2026-02-12 10:42:51,893 [INFO] 🎯 锁定新目标: MEXC XRP/USD:XRP
2026-02-12 10:42:51,895 [INFO] 🎯 锁定新目标: MEXC BNB/USDT:USDT
2026-02-12 10:42:51,898 [INFO] 🎯 锁定新目标: MEXC LTC/USDT:USDT
2026-02-12 10:42:51,900 [INFO] 🎯 锁定新目标: MEXC AVAX/USDT:USDT
2026-02-12 10:42:51,903 [INFO] 🎯 锁定新目标: MEXC BCH/USDT:USDT
2026-02-12 10:42:51,905 [INFO] 🎯 锁定新目标: MEXC AAVE/USDT:USDT
2026-02-12 10:42:51,907 [INFO] 🎯 锁定新目标: MEXC DOT/USDT:USDT
2026-02-12 10:42:51,909 [INFO] 🎯 锁定新目标: MEXC BTC/USDC:USDC
2026-02-12 10:42:51,911 [INFO] 🎯 锁定新目标: MEXC PAXG/USDT:USDT
2026-02-12 10:42:51,914 [INFO] 🎯 锁定新目标: MEXC NAS100/USDT:USDT
2026-02-12 10:42:51,916 [INFO] 🎯 锁定新目标: MEXC QNT/USDT:USDT
2026-02-12 10:42:51,918 [INFO] 🎯 锁定新目标: MEXC XRP/USDC:USDC
2026-02-12 10:42:51,920 [INFO] 🎯 锁定新目标: MEXC GOOGLSTOCK/USDT:USDT
2026-02-12 10:42:51,923 [INFO] 🎯 锁定新目标: MEXC SILVER/USDC:USDC
2026-02-12 10:42:51,925 [INFO] 🎯 锁定新目标: MEXC AMZNSTOCK/USDT:USDT
2026-02-12 10:42:51,927 [INFO] 🎯 锁定新目标: MEXC HMSTR/USDT:USDT
2026-02-12 10:42:51,929 [INFO] 🎯 锁定新目标: MEXC BNB/USDC:USDC
2026-02-12 10:42:51,931 [INFO] 🎯 锁定新目标: MEXC MSFTSTOCK/USDT:USDT
2026-02-12 10:42:51,933 [INFO] 🎯 锁定新目标: GATE TSLAX/USDT:USDT
2026-02-12 10:42:51,935 [INFO] 🎯 锁定新目标: GATE DOT/USDT:USDT
2026-02-12 10:42:51,937 [INFO] 🎯 锁定新目标: GATE NVDAX/USDT:USDT
2026-02-12 10:42:51,939 [INFO] 🎯 锁定新目标: GATE BNB/USDT:USDT
2026-02-12 10:42:51,941 [INFO] 🎯 锁定新目标: GATE XAG/USDT:USDT
2026-02-12 10:42:51,944 [INFO] 🎯 锁定新目标: GATE MSFT/USDT:USDT
2026-02-12 10:42:51,946 [INFO] 🎯 锁定新目标: GATE HMSTR/USDT:USDT
2026-02-12 10:42:51,948 [INFO] 🎯 锁定新目标: GATE XAUT/USDT:USDT
2026-02-12 10:42:51,950 [INFO] 🎯 锁定新目标: GATE BCH/USDT:USDT
2026-02-12 10:42:51,952 [INFO] 🎯 锁定新目标: GATE XAU/USDT:USDT
2026-02-12 10:42:51,954 [INFO] 🎯 锁定新目标: GATE AMZNX/USDT:USDT
2026-02-12 10:42:51,956 [INFO] 🎯 锁定新目标: GATE GOOGLX/USDT:USDT
2026-02-12 10:42:51,959 [INFO] 🎯 锁定新目标: GATE BTC/USDT:USDT
2026-02-12 10:42:51,961 [INFO] 🎯 锁定新目标: GATE NAS100/USDT:USDT
2026-02-12 10:42:51,963 [INFO] 🎯 锁定新目标: GATE AVAX/USDT:USDT
2026-02-12 10:42:51,965 [INFO] 🎯 锁定新目标: GATE XRP/USDT:USDT
2026-02-12 10:42:51,967 [INFO] 🎯 锁定新目标: GATE XPT/USDT:USDT
2026-02-12 10:42:51,969 [INFO] 🎯 锁定新目标: GATE PLTRX/USDT:USDT
2026-02-12 10:42:51,972 [INFO] 🎯 锁定新目标: GATE AAVE/USDT:USDT
2026-02-12 10:42:51,974 [INFO] 🎯 锁定新目标: GATE LTC/USDT:USDT
2026-02-12 10:42:51,976 [INFO] 🎯 锁定新目标: GATE SLVON/USDT:USDT
2026-02-12 10:42:51,979 [INFO] 🎯 锁定新目标: HYPERLIQUID BTC/USDC
2026-02-12 10:42:51,981 [INFO] 🎯 锁定新目标: HYPERLIQUID XAUT/USDC
2026-02-12 10:42:51,984 [INFO] 🎯 锁定新目标: HYPERLIQUID SPX/USDC
2026-02-12 10:42:51,986 [INFO] 🎯 锁定新目标: HYPERLIQUID THBILL/USDC
2026-02-12 10:42:51,988 [INFO] 🎯 锁定新目标: HYPERLIQUID XAUT/USDT
2026-02-12 10:42:51,990 [INFO] 🎯 锁定新目标: HYPERLIQUID LINK0/USDC
2026-02-12 10:42:51,992 [INFO] 🎯 锁定新目标: HYPERLIQUID WMNT/USDC
2026-02-12 10:42:51,994 [INFO] 🎯 锁定新目标: HYPERLIQUID AAVE0/USDC
2026-02-12 10:42:51,996 [INFO] 🎯 锁定新目标: HYPERLIQUID BTC/USDH
2026-02-12 10:42:51,998 [INFO] 🎯 锁定新目标: HYPERLIQUID BNB1/USDC
2026-02-12 10:42:52,000 [INFO] 🎯 锁定新目标: HYPERLIQUID GLD/USDC
2026-02-12 10:42:52,002 [INFO] 🎯 锁定新目标: HYPERLIQUID BTC/USDC:USDC
2026-02-12 10:42:52,005 [INFO] 🎯 锁定新目标: HYPERLIQUID AVAX/USDC:USDC
2026-02-12 10:42:52,008 [INFO] 🎯 锁定新目标: HYPERLIQUID BNB/USDC:USDC
2026-02-12 10:42:52,011 [INFO] 🎯 锁定新目标: HYPERLIQUID LTC/USDC:USDC
2026-02-12 10:42:52,013 [INFO] 🎯 锁定新目标: HYPERLIQUID SNX/USDC:USDC
2026-02-12 10:42:52,015 [INFO] 🎯 锁定新目标: HYPERLIQUID XRP/USDC:USDC
2026-02-12 10:42:52,018 [INFO] 🎯 锁定新目标: HYPERLIQUID BCH/USDC:USDC
2026-02-12 10:42:52,020 [INFO] 🎯 锁定新目标: HYPERLIQUID AAVE/USDC:USDC
2026-02-12 10:42:52,022 [INFO] 🎯 锁定新目标: HYPERLIQUID TRX/USDC:USDC
2026-02-12 10:42:52,024 [INFO] 🎯 锁定新目标: HYPERLIQUID DOT/USDC:USDC
2026-02-12 10:42:52,026 [INFO] 🎯 锁定新目标: HYPERLIQUID BANANA/USDC:USDC
2026-02-12 10:42:52,028 [INFO] 🎯 锁定新目标: HYPERLIQUID BSV/USDC:USDC
2026-02-12 10:42:52,031 [INFO] 🎯 锁定新目标: HYPERLIQUID PENDLE/USDC:USDC
2026-02-12 10:42:52,033 [INFO] 🎯 锁定新目标: HYPERLIQUID USTC/USDC:USDC
2026-02-12 10:42:52,035 [INFO] 🎯 锁定新目标: HYPERLIQUID KLUNC/USDC:USDC
2026-02-12 10:42:52,038 [INFO] 🎯 锁定新目标: HYPERLIQUID EIGEN/USDC:USDC
2026-02-12 10:42:52,041 [INFO] 🎯 锁定新目标: HYPERLIQUID NOT/USDC:USDC
2026-02-12 10:42:52,044 [INFO] 🎯 锁定新目标: HYPERLIQUID HMSTR/USDC:USDC
2026-02-12 10:42:52,046 [INFO] 🎯 锁定新目标: HYPERLIQUID VVV/USDC:USDC
2026-02-12 10:42:52,049 [INFO] 🎯 锁定新目标: HYPERLIQUID ZORA/USDC:USDC
2026-02-12 10:42:52,052 [INFO] 🎯 锁定新目标: HYPERLIQUID XYZ-XYZ100/USDC:USDC
2026-02-12 10:42:52,055 [INFO] 🎯 锁定新目标: HYPERLIQUID XYZ-NVDA/USDC:USDC
2026-02-12 10:42:52,057 [INFO] 🎯 锁定新目标: HYPERLIQUID XYZ-GOLD/USDC:USDC
2026-02-12 10:42:52,060 [INFO] 🎯 锁定新目标: HYPERLIQUID XYZ-MSFT/USDC:USDC
2026-02-12 10:42:52,063 [INFO] 🎯 锁定新目标: HYPERLIQUID XYZ-AMZN/USDC:USDC
2026-02-12 10:42:52,066 [INFO] 🎯 锁定新目标: HYPERLIQUID XYZ-CRCL/USDC:USDC
2026-02-12 10:42:52,066 [INFO] 📦 本轮发现 97 个新标的，正在打包邮件...
2026-02-12 10:42:56,437 [INFO] 📧 邮件发送: 【雷达日报】发现 97 个收敛结构
2026-02-12 10:48:42,708 [WARNING] 🚀 BSV/USDC:USDC 突破! 现价:14.8075
2026-02-12 10:48:45,820 [INFO] 📧 邮件发送: 🚨 📈 向上突破 BSV/USDC:USDC
