2026-02-12 10:49:40,239 [INFO] 🔌 初始化交易所...
2026-02-12 10:49:40,250 [INFO] ✅ OKX 就绪
2026-02-12 10:49:40,262 [INFO] ✅ BITGET 就绪
2026-02-12 10:49:40,269 [INFO] ✅ MEXC 就绪
2026-02-12 10:49:40,279 [INFO] ✅ GATE 就绪
2026-02-12 10:49:40,286 [INFO] ✅ HYPERLIQUID 就绪
2026-02-12 10:49:40,287 [INFO] 🔄 数据库恢复: 0 个任务.
2026-02-12 10:49:40,287 [INFO] 📡 拉取全市场实时行情...
2026-02-12 10:49:40,288 [INFO]   📡 OKX: 加载市场...
2026-02-12 10:49:41,744 [INFO]   - OKX: 筛选出 0 个活跃标的
2026-02-12 10:49:41,744 [INFO]   📡 BITGET: 加载市场...
2026-02-12 10:49:43,814 [INFO]   - BITGET: 筛选出 105 个活跃标的
2026-02-12 10:49:43,814 [INFO]   📡 MEXC: 加载市场...
2026-02-12 10:49:50,347 [INFO]   - MEXC: 筛选出 140 个活跃标的
2026-02-12 10:49:50,348 [INFO]   📡 GATE: 加载市场...
2026-02-12 10:49:56,913 [INFO]   - GATE: 筛选出 87 个活跃标的
2026-02-12 10:49:56,914 [INFO]   📡 HYPERLIQUID: 加载市场...
2026-02-12 10:50:18,472 [INFO]   - HYPERLIQUID: 筛选出 350 个活跃标的
2026-02-12 10:50:18,473 [INFO] 🔍 扫描 682 个标的...
2026-02-12 10:51:51,889 [INFO] 🎯 锁定: BITGET BTC/USDT:USDT
2026-02-12 10:51:51,893 [INFO] 🎯 锁定: BITGET XRP/USDT:USDT
2026-02-12 10:51:51,898 [INFO] 🎯 锁定: BITGET BCH/USDT:USDT
2026-02-12 10:51:51,900 [INFO] 🎯 锁定: BITGET DOT/USDT:USDT
2026-02-12 10:51:51,902 [INFO] 🎯 锁定: BITGET BNB/USDT:USDT
2026-02-12 10:51:51,905 [INFO] 🎯 锁定: BITGET AAVE/USDT:USDT
2026-02-12 10:51:51,907 [INFO] 🎯 锁定: BITGET AVAX/USDT:USDT
2026-02-12 10:51:51,909 [INFO] 🎯 锁定: BITGET PAXG/USDT:USDT
2026-02-12 10:51:51,911 [INFO] 🎯 锁定: BITGET HMSTR/USDT:USDT
2026-02-12 10:51:51,912 [INFO] 🎯 锁定: BITGET XAUT/USDT:USDT
2026-02-12 10:51:51,915 [INFO] 🎯 锁定: BITGET TSLA/USDT:USDT
2026-02-12 10:51:51,917 [INFO] 🎯 锁定: BITGET GOOGL/USDT:USDT
2026-02-12 10:51:51,919 [INFO] 🎯 锁定: BITGET AMZN/USDT:USDT
2026-02-12 10:51:51,921 [INFO] 🎯 锁定: BITGET PLTR/USDT:USDT
2026-02-12 10:51:51,922 [INFO] 🎯 锁定: BITGET MSFT/USDT:USDT
2026-02-12 10:51:51,924 [INFO] 🎯 锁定: BITGET XAU/USDT:USDT
2026-02-12 10:51:51,926 [INFO] 🎯 锁定: BITGET XAG/USDT:USDT
2026-02-12 10:51:51,928 [INFO] 🎯 锁定: MEXC BTC/USDT:USDT
2026-02-12 10:51:51,930 [INFO] 🎯 锁定: MEXC XAUT/USDT:USDT
2026-02-12 10:51:51,932 [INFO] 🎯 锁定: MEXC SILVER/USDT:USDT
2026-02-12 10:51:51,935 [INFO] 🎯 锁定: MEXC XRP/USDT:USDT
2026-02-12 10:51:51,937 [INFO] 🎯 锁定: MEXC XRP/USD:XRP
2026-02-12 10:51:51,939 [INFO] 🎯 锁定: MEXC BNB/USDT:USDT
2026-02-12 10:51:51,942 [INFO] 🎯 锁定: MEXC LTC/USDT:USDT
2026-02-12 10:51:51,943 [INFO] 🎯 锁定: MEXC AVAX/USDT:USDT
2026-02-12 10:51:51,945 [INFO] 🎯 锁定: MEXC BCH/USDT:USDT
2026-02-12 10:51:51,947 [INFO] 🎯 锁定: MEXC AAVE/USDT:USDT
2026-02-12 10:51:51,949 [INFO] 🎯 锁定: MEXC DOT/USDT:USDT
2026-02-12 10:51:51,951 [INFO] 🎯 锁定: MEXC BTC/USDC:USDC
2026-02-12 10:51:51,952 [INFO] 🎯 锁定: MEXC PAXG/USDT:USDT
2026-02-12 10:51:51,954 [INFO] 🎯 锁定: MEXC NAS100/USDT:USDT
2026-02-12 10:51:51,956 [INFO] 🎯 锁定: MEXC QNT/USDT:USDT
2026-02-12 10:51:51,958 [INFO] 🎯 锁定: MEXC XRP/USDC:USDC
2026-02-12 10:51:51,960 [INFO] 🎯 锁定: MEXC GOOGLSTOCK/USDT:USDT
2026-02-12 10:51:51,962 [INFO] 🎯 锁定: MEXC SILVER/USDC:USDC
2026-02-12 10:51:51,963 [INFO] 🎯 锁定: MEXC AMZNSTOCK/USDT:USDT
2026-02-12 10:51:51,965 [INFO] 🎯 锁定: MEXC HMSTR/USDT:USDT
2026-02-12 10:51:51,967 [INFO] 🎯 锁定: MEXC BNB/USDC:USDC
2026-02-12 10:51:51,969 [INFO] 🎯 锁定: MEXC MSFTSTOCK/USDT:USDT
2026-02-12 10:51:51,971 [INFO] 🎯 锁定: GATE TSLAX/USDT:USDT
2026-02-12 10:51:51,973 [INFO] 🎯 锁定: GATE DOT/USDT:USDT
2026-02-12 10:51:51,975 [INFO] 🎯 锁定: GATE NVDAX/USDT:USDT
2026-02-12 10:51:51,977 [INFO] 🎯 锁定: GATE BNB/USDT:USDT
2026-02-12 10:51:51,979 [INFO] 🎯 锁定: GATE XAG/USDT:USDT
2026-02-12 10:51:51,981 [INFO] 🎯 锁定: GATE MSFT/USDT:USDT
2026-02-12 10:51:51,983 [INFO] 🎯 锁定: GATE HMSTR/USDT:USDT
2026-02-12 10:51:51,985 [INFO] 🎯 锁定: GATE XAUT/USDT:USDT
2026-02-12 10:51:51,987 [INFO] 🎯 锁定: GATE BCH/USDT:USDT
2026-02-12 10:51:51,988 [INFO] 🎯 锁定: GATE XAU/USDT:USDT
2026-02-12 10:51:51,990 [INFO] 🎯 锁定: GATE AMZNX/USDT:USDT
2026-02-12 10:51:51,992 [INFO] 🎯 锁定: GATE GOOGLX/USDT:USDT
2026-02-12 10:51:51,994 [INFO] 🎯 锁定: GATE BTC/USDT:USDT
2026-02-12 10:51:51,996 [INFO] 🎯 锁定: GATE NAS100/USDT:USDT
2026-02-12 10:51:51,998 [INFO] 🎯 锁定: GATE AVAX/USDT:USDT
2026-02-12 10:51:51,999 [INFO] 🎯 锁定: GATE XRP/USDT:USDT
2026-02-12 10:51:52,002 [INFO] 🎯 锁定: GATE XPT/USDT:USDT
2026-02-12 10:51:52,004 [INFO] 🎯 锁定: GATE PLTRX/USDT:USDT
2026-02-12 10:51:52,007 [INFO] 🎯 锁定: GATE AAVE/USDT:USDT
2026-02-12 10:51:52,010 [INFO] 🎯 锁定: GATE LTC/USDT:USDT
2026-02-12 10:51:52,013 [INFO] 🎯 锁定: GATE SLVON/USDT:USDT
2026-02-12 10:51:52,016 [INFO] 🎯 锁定: HYPERLIQUID BTC/USDC
2026-02-12 10:51:52,018 [INFO] 🎯 锁定: HYPERLIQUID XAUT/USDC
2026-02-12 10:51:52,020 [INFO] 🎯 锁定: HYPERLIQUID SPX/USDC
2026-02-12 10:51:52,023 [INFO] 🎯 锁定: HYPERLIQUID THBILL/USDC
2026-02-12 10:51:52,025 [INFO] 🎯 锁定: HYPERLIQUID XAUT/USDT
2026-02-12 10:51:52,027 [INFO] 🎯 锁定: HYPERLIQUID LINK0/USDC
2026-02-12 10:51:52,029 [INFO] 🎯 锁定: HYPERLIQUID WMNT/USDC
2026-02-12 10:51:52,032 [INFO] 🎯 锁定: HYPERLIQUID AAVE0/USDC
2026-02-12 10:51:52,034 [INFO] 🎯 锁定: HYPERLIQUID BTC/USDH
2026-02-12 10:51:52,037 [INFO] 🎯 锁定: HYPERLIQUID BNB1/USDC
2026-02-12 10:51:52,039 [INFO] 🎯 锁定: HYPERLIQUID GLD/USDC
2026-02-12 10:51:52,043 [INFO] 🎯 锁定: HYPERLIQUID BTC/USDC:USDC
2026-02-12 10:51:52,047 [INFO] 🎯 锁定: HYPERLIQUID AVAX/USDC:USDC
2026-02-12 10:51:52,049 [INFO] 🎯 锁定: HYPERLIQUID BNB/USDC:USDC
2026-02-12 10:51:52,052 [INFO] 🎯 锁定: HYPERLIQUID LTC/USDC:USDC
2026-02-12 10:51:52,055 [INFO] 🎯 锁定: HYPERLIQUID SNX/USDC:USDC
2026-02-12 10:51:52,057 [INFO] 🎯 锁定: HYPERLIQUID XRP/USDC:USDC
2026-02-12 10:51:52,060 [INFO] 🎯 锁定: HYPERLIQUID BCH/USDC:USDC
2026-02-12 10:51:52,063 [INFO] 🎯 锁定: HYPERLIQUID AAVE/USDC:USDC
2026-02-12 10:51:52,065 [INFO] 🎯 锁定: HYPERLIQUID TRX/USDC:USDC
2026-02-12 10:51:52,068 [INFO] 🎯 锁定: HYPERLIQUID DOT/USDC:USDC
2026-02-12 10:51:52,071 [INFO] 🎯 锁定: HYPERLIQUID BANANA/USDC:USDC
2026-02-12 10:51:52,073 [INFO] 🎯 锁定: HYPERLIQUID BSV/USDC:USDC
2026-02-12 10:51:52,075 [INFO] 🎯 锁定: HYPERLIQUID PENDLE/USDC:USDC
2026-02-12 10:51:52,077 [INFO] 🎯 锁定: HYPERLIQUID USTC/USDC:USDC
2026-02-12 10:51:52,080 [INFO] 🎯 锁定: HYPERLIQUID KLUNC/USDC:USDC
2026-02-12 10:51:52,081 [INFO] 🎯 锁定: HYPERLIQUID EIGEN/USDC:USDC
2026-02-12 10:51:52,083 [INFO] 🎯 锁定: HYPERLIQUID NOT/USDC:USDC
2026-02-12 10:51:52,085 [INFO] 🎯 锁定: HYPERLIQUID HMSTR/USDC:USDC
2026-02-12 10:51:52,088 [INFO] 🎯 锁定: HYPERLIQUID VVV/USDC:USDC
2026-02-12 10:51:52,090 [INFO] 🎯 锁定: HYPERLIQUID ZORA/USDC:USDC
2026-02-12 10:51:52,092 [INFO] 🎯 锁定: HYPERLIQUID XYZ-XYZ100/USDC:USDC
2026-02-12 10:51:52,094 [INFO] 🎯 锁定: HYPERLIQUID XYZ-NVDA/USDC:USDC
2026-02-12 10:51:52,097 [INFO] 🎯 锁定: HYPERLIQUID XYZ-GOLD/USDC:USDC
2026-02-12 10:51:52,100 [INFO] 🎯 锁定: HYPERLIQUID XYZ-INTC/USDC:USDC
2026-02-12 10:51:52,103 [INFO] 🎯 锁定: HYPERLIQUID XYZ-META/USDC:USDC
2026-02-12 10:51:52,105 [INFO] 🎯 锁定: HYPERLIQUID XYZ-MSFT/USDC:USDC
2026-02-12 10:51:52,108 [INFO] 🎯 锁定: HYPERLIQUID XYZ-AMZN/USDC:USDC
2026-02-12 10:51:52,108 [INFO] 📦 发现 98 个原始信号，正在智能去重...
2026-02-12 10:51:55,142 [INFO] 📧 邮件发送: 【雷达日报】发现 71 个收敛结构
2026-02-12 10:57:49,690 [WARNING] 🚀 BSV/USDC:USDC 突破! 现价:14.831
2026-02-12 10:57:52,601 [INFO] 📧 邮件发送: 🚨 📈 向上突破 BSV/USDC:USDC
2026-02-12 11:51:55,144 [INFO] 📡 拉取全市场实时行情...
2026-02-12 11:51:55,145 [INFO]   📡 OKX: 加载市场...
2026-02-12 11:51:55,550 [INFO]   - OKX: 筛选出 0 个活跃标的
2026-02-12 11:51:55,550 [INFO]   📡 BITGET: 加载市场...
2026-02-12 11:51:55,943 [INFO]   - BITGET: 筛选出 107 个活跃标的
2026-02-12 11:51:55,943 [INFO]   📡 MEXC: 加载市场...
2026-02-12 11:51:56,469 [INFO]   - MEXC: 筛选出 138 个活跃标的
2026-02-12 11:51:56,469 [INFO]   📡 GATE: 加载市场...
2026-02-12 11:51:57,538 [INFO]   - GATE: 筛选出 88 个活跃标的
2026-02-12 11:51:57,538 [INFO]   📡 HYPERLIQUID: 加载市场...
2026-02-12 11:54:07,920 [INFO]   - HYPERLIQUID: 筛选出 352 个活跃标的
2026-02-12 11:54:07,923 [INFO] 🔍 扫描 685 个标的...
2026-02-12 12:58:51,252 [INFO] 🎯 锁定: BITGET XLM/USDT:USDT
2026-02-12 12:58:51,255 [INFO] 🎯 锁定: BITGET NVDA/USDT:USDT
2026-02-12 12:58:51,257 [INFO] 🎯 锁定: BITGET AAPL/USDT:USDT
2026-02-12 12:58:51,259 [INFO] 🎯 锁定: MEXC XLM/USDT:USDT
2026-02-12 12:58:51,262 [INFO] 🎯 锁定: MEXC AAPLSTOCK/USDT:USDT
2026-02-12 12:58:51,264 [INFO] 🎯 锁定: GATE AAPLX/USDT:USDT
2026-02-12 12:58:51,266 [INFO] 🎯 锁定: HYPERLIQUID XLM/USDC:USDC
2026-02-12 12:58:51,268 [INFO] 🎯 锁定: HYPERLIQUID BABY/USDC:USDC
2026-02-12 12:58:51,270 [INFO] 🎯 锁定: HYPERLIQUID XYZ-TSLA/USDC:USDC
2026-02-12 12:58:51,271 [INFO] 🎯 锁定: HYPERLIQUID XYZ-PLTR/USDC:USDC
2026-02-12 12:58:51,273 [INFO] 🎯 锁定: HYPERLIQUID XYZ-GOOGL/USDC:USDC
2026-02-12 12:58:51,275 [INFO] 🎯 锁定: HYPERLIQUID XYZ-AMD/USDC:USDC
2026-02-12 12:58:51,278 [INFO] 🎯 锁定: HYPERLIQUID XYZ-CRCL/USDC:USDC
2026-02-12 12:58:51,280 [INFO] 🎯 锁定: HYPERLIQUID XYZ-NFLX/USDC:USDC
2026-02-12 12:58:51,282 [INFO] 🎯 锁定: HYPERLIQUID XYZ-JPY/USDC:USDC
2026-02-12 12:58:51,284 [INFO] 🎯 锁定: HYPERLIQUID XYZ-SILVER/USDC:USDC
2026-02-12 12:58:51,287 [INFO] 🎯 锁定: HYPERLIQUID XYZ-RIVN/USDC:USDC
2026-02-12 12:58:51,289 [INFO] 🎯 锁定: HYPERLIQUID XYZ-BABA/USDC:USDC
2026-02-12 12:58:51,291 [INFO] 🎯 锁定: HYPERLIQUID FLX-TSLA/USDH:USDH
2026-02-12 12:58:51,294 [INFO] 🎯 锁定: HYPERLIQUID FLX-NVDA/USDH:USDH
2026-02-12 12:58:51,297 [INFO] 🎯 锁定: HYPERLIQUID FLX-GOLD/USDH:USDH
2026-02-12 12:58:51,299 [INFO] 🎯 锁定: HYPERLIQUID FLX-SILVER/USDH:USDH
2026-02-12 12:58:51,301 [INFO] 🎯 锁定: HYPERLIQUID FLX-PLATINUM/USDH:USDH
2026-02-12 12:58:51,303 [INFO] 🎯 锁定: HYPERLIQUID VNTL-SPACEX/USDH:USDH
2026-02-12 12:58:51,306 [INFO] 🎯 锁定: HYPERLIQUID VNTL-MAG7/USDH:USDH
2026-02-12 12:58:51,308 [INFO] 🎯 锁定: HYPERLIQUID VNTL-SEMIS/USDH:USDH
2026-02-12 12:58:51,310 [INFO] 🎯 锁定: HYPERLIQUID VNTL-ROBOT/USDH:USDH
2026-02-12 12:58:51,313 [INFO] 🎯 锁定: HYPERLIQUID VNTL-INFOTECH/USDH:USDH
2026-02-12 12:58:51,315 [INFO] 🎯 锁定: HYPERLIQUID VNTL-NUCLEAR/USDH:USDH
2026-02-12 12:58:51,316 [INFO] 🎯 锁定: HYPERLIQUID VNTL-ENERGY/USDH:USDH
2026-02-12 12:58:51,318 [INFO] 🎯 锁定: HYPERLIQUID HYNA-XRP/USDE:USDE
2026-02-12 12:58:51,320 [INFO] 🎯 锁定: HYPERLIQUID HYNA-BNB/USDE:USDE
2026-02-12 12:58:51,322 [INFO] 🎯 锁定: HYPERLIQUID KM-SMALL2000/USDH:USDH
2026-02-12 12:58:51,324 [INFO] 🎯 锁定: HYPERLIQUID KM-USTECH/USDH:USDH
2026-02-12 12:58:51,326 [INFO] 🎯 锁定: HYPERLIQUID KM-USOIL/USDH:USDH
2026-02-12 12:58:51,339 [INFO] 🎯 锁定: HYPERLIQUID KM-TSLA/USDH:USDH
2026-02-12 12:58:51,341 [INFO] 🎯 锁定: HYPERLIQUID KM-SILVER/USDH:USDH
2026-02-12 12:58:51,343 [INFO] 🎯 锁定: HYPERLIQUID KM-GOOGL/USDH:USDH
2026-02-12 12:58:51,345 [INFO] 🎯 锁定: HYPERLIQUID CASH-TSLA/USDT0:USDT0
2026-02-12 12:58:51,347 [INFO] 🎯 锁定: HYPERLIQUID CASH-NVDA/USDT0:USDT0
2026-02-12 12:58:51,348 [INFO] 🎯 锁定: HYPERLIQUID CASH-GOOGL/USDT0:USDT0
2026-02-12 12:58:51,350 [INFO] 🎯 锁定: HYPERLIQUID CASH-INTC/USDT0:USDT0
2026-02-12 12:58:51,353 [INFO] 🎯 锁定: HYPERLIQUID CASH-AMZN/USDT0:USDT0
2026-02-12 12:58:51,354 [INFO] 🎯 锁定: HYPERLIQUID CASH-META/USDT0:USDT0
2026-02-12 12:58:51,356 [INFO] 🎯 锁定: HYPERLIQUID CASH-GOLD/USDT0:USDT0
2026-02-12 12:58:51,357 [INFO] 📦 发现 45 个原始信号，正在智能去重...
2026-02-12 12:58:54,811 [INFO] 📧 邮件发送: 【雷达日报】发现 44 个收敛结构
2026-02-12 13:08:38,747 [WARNING] 🚀 XYZ-NFLX/USDC:USDC 突破! 现价:79.156
2026-02-12 13:08:41,743 [INFO] 📧 邮件发送: 🚨 📉 向下跌破 XYZ-NFLX/USDC:USDC
2026-02-12 13:10:03,192 [WARNING] 🚀 VNTL-SEMIS/USDH:USDH 突破! 现价:418.765
2026-02-12 13:10:06,139 [INFO] 📧 邮件发送: 🚨 📈 向上突破 VNTL-SEMIS/USDH:USDH
2026-02-12 13:58:54,814 [INFO] 📡 拉取全市场实时行情...
2026-02-12 13:58:54,815 [INFO]   📡 OKX: 加载市场...
2026-02-12 13:58:55,223 [INFO]   - OKX: 筛选出 0 个活跃标的
2026-02-12 13:58:55,223 [INFO]   📡 BITGET: 加载市场...
2026-02-12 13:58:55,634 [INFO]   - BITGET: 筛选出 108 个活跃标的
2026-02-12 13:58:55,634 [INFO]   📡 MEXC: 加载市场...
2026-02-12 13:58:56,448 [INFO]   - MEXC: 筛选出 142 个活跃标的
2026-02-12 13:58:56,448 [INFO]   📡 GATE: 加载市场...
2026-02-12 13:58:57,616 [INFO]   - GATE: 筛选出 89 个活跃标的
2026-02-12 13:58:57,617 [INFO]   📡 HYPERLIQUID: 加载市场...
2026-02-12 14:01:37,399 [INFO]   - HYPERLIQUID: 筛选出 348 个活跃标的
2026-02-12 14:01:37,401 [INFO] 🔍 扫描 687 个标的...
2026-02-12 14:49:29,897 [WARNING] 🚀 CASH-AMZN/USDT0:USDT0 突破! 现价:202.565
2026-02-12 14:49:34,507 [INFO] 📧 邮件发送: 🚨 📉 向下跌破 CASH-AMZN/USDT0:USDT0
2026-02-12 15:07:55,950 [WARNING] 🚀 AAPL/USDT:USDT 突破! 现价:270.43
2026-02-12 15:07:56,140 [WARNING] 🚀 AAPLX/USDT:USDT 突破! 现价:270.59
2026-02-12 15:07:56,161 [WARNING] 🚀 AAPLSTOCK/USDT:USDT 突破! 现价:271.36
2026-02-12 15:07:58,950 [INFO] 📧 邮件发送: 🚨 📉 向下跌破 AAPL/USDT:USDT
2026-02-12 15:07:59,136 [INFO] 📧 邮件发送: 🚨 📉 向下跌破 AAPLSTOCK/USDT:USDT
2026-02-12 15:07:59,151 [INFO] 📧 邮件发送: 🚨 📉 向下跌破 AAPLX/USDT:USDT
2026-02-12 15:17:51,472 [INFO] 🎯 锁定: MEXC TRX/USDT:USDT
2026-02-12 15:17:51,476 [INFO] 🎯 锁定: MEXC GNO/USDT:USDT
2026-02-12 15:17:51,478 [INFO] 🎯 锁定: MEXC JPY/USDT:USDT
2026-02-12 15:17:51,481 [INFO] 🎯 锁定: MEXC AUDIO/USDT:USDT
2026-02-12 15:17:51,483 [INFO] 🎯 锁定: HYPERLIQUID POLYX/USDC:USDC
2026-02-12 15:17:51,486 [INFO] 🎯 锁定: HYPERLIQUID MORPHO/USDC:USDC
2026-02-12 15:17:51,487 [INFO] 📦 发现 6 个原始信号，正在智能去重...
2026-02-12 15:17:54,498 [INFO] 📧 邮件发送: 【雷达日报】发现 6 个收敛结构
2026-02-12 15:34:30,646 [WARNING] 🚀 XYZ-PLTR/USDC:USDC 突破! 现价:132.27
2026-02-12 15:34:33,612 [INFO] 📧 邮件发送: 🚨 📉 向下跌破 XYZ-PLTR/USDC:USDC
2026-02-12 15:41:13,850 [WARNING] 🚀 VNTL-MAG7/USDH:USDH 突破! 现价:62.657
2026-02-12 15:41:16,964 [INFO] 📧 邮件发送: 🚨 📉 向下跌破 VNTL-MAG7/USDH:USDH
2026-02-12 15:55:23,360 [WARNING] 🚀 XYZ-BABA/USDC:USDC 突破! 现价:160.19
2026-02-12 15:55:26,452 [INFO] 📧 邮件发送: 🚨 📉 向下跌破 XYZ-BABA/USDC:USDC
2026-02-12 16:06:39,914 [WARNING] 🚀 KM-USTECH/USDH:USDH 突破! 现价:605.445
2026-02-12 16:06:43,001 [INFO] 📧 邮件发送: 🚨 📉 向下跌破 KM-USTECH/USDH:USDH
2026-02-12 16:11:21,208 [WARNING] 🚀 KM-SMALL2000/USDH:USDH 突破! 现价:261.735
2026-02-12 16:11:24,090 [INFO] 📧 邮件发送: 🚨 📉 向下跌破 KM-SMALL2000/USDH:USDH
2026-02-12 16:12:10,747 [WARNING] 🚀 CASH-GOOGL/USDT0:USDT0 突破! 现价:309.915
2026-02-12 16:12:13,643 [INFO] 📧 邮件发送: 🚨 📉 向下跌破 CASH-GOOGL/USDT0:USDT0
2026-02-12 16:14:50,640 [WARNING] 🚀 FLX-GOLD/USDH:USDH 突破! 现价:4956.85
2026-02-12 16:14:53,660 [INFO] 📧 邮件发送: 🚨 📉 向下跌破 FLX-GOLD/USDH:USDH
2026-02-12 16:16:21,539 [WARNING] 🚀 KM-GOOGL/USDH:USDH 突破! 现价:309.58
2026-02-12 16:16:24,430 [INFO] 📧 邮件发送: 🚨 📉 向下跌破 KM-GOOGL/USDH:USDH
2026-02-12 16:16:49,795 [WARNING] 🚀 CASH-META/USDT0:USDT0 突破! 现价:649.85
2026-02-12 16:16:52,741 [INFO] 📧 邮件发送: 🚨 📉 向下跌破 CASH-META/USDT0:USDT0
2026-02-12 16:16:57,506 [WARNING] 🚀 CASH-GOLD/USDT0:USDT0 突破! 现价:4957.5
2026-02-12 16:17:00,382 [INFO] 📧 邮件发送: 🚨 📉 向下跌破 CASH-GOLD/USDT0:USDT0
2026-02-12 16:17:54,500 [INFO] 📡 拉取全市场实时行情...
2026-02-12 16:17:54,501 [INFO]   📡 OKX: 加载市场...
2026-02-12 16:17:54,888 [INFO]   - OKX: 筛选出 0 个活跃标的
2026-02-12 16:17:54,889 [INFO]   📡 BITGET: 加载市场...
2026-02-12 16:17:55,284 [INFO]   - BITGET: 筛选出 105 个活跃标的
2026-02-12 16:17:55,284 [INFO]   📡 MEXC: 加载市场...
2026-02-12 16:17:55,688 [INFO]   - MEXC: 筛选出 139 个活跃标的
2026-02-12 16:17:55,688 [INFO]   📡 GATE: 加载市场...
2026-02-12 16:17:56,828 [INFO]   - GATE: 筛选出 89 个活跃标的
2026-02-12 16:17:56,829 [INFO]   📡 HYPERLIQUID: 加载市场...
2026-02-12 16:18:43,922 [WARNING] 🚀 XYZ-SILVER/USDC:USDC 突破! 现价:77.899
2026-02-12 16:18:46,809 [INFO] 📧 邮件发送: 🚨 📉 向下跌破 XYZ-SILVER/USDC:USDC
2026-02-12 16:19:11,842 [WARNING] 🚀 FLX-SILVER/USDH:USDH 突破! 现价:78.027
2026-02-12 16:19:14,827 [INFO] 📧 邮件发送: 🚨 📉 向下跌破 FLX-SILVER/USDH:USDH
2026-02-12 16:19:18,805 [WARNING] 🚀 FLX-PLATINUM/USDH:USDH 突破! 现价:2046.3
2026-02-12 16:19:21,933 [INFO] 📧 邮件发送: 🚨 📉 向下跌破 FLX-PLATINUM/USDH:USDH
2026-02-12 16:21:27,820 [INFO]   - HYPERLIQUID: 筛选出 348 个活跃标的
2026-02-12 16:21:27,822 [INFO] 🔍 扫描 681 个标的...
2026-02-12 16:22:42,828 [WARNING] 🚀 XYZ-RIVN/USDC:USDC 突破! 现价:14.304
2026-02-12 16:22:45,777 [INFO] 📧 邮件发送: 🚨 📉 向下跌破 XYZ-RIVN/USDC:USDC
2026-02-12 16:24:07,187 [WARNING] 🚀 KM-SILVER/USDH:USDH 突破! 现价:77.479
2026-02-12 16:24:09,950 [INFO] 📧 邮件发送: 🚨 📉 向下跌破 KM-SILVER/USDH:USDH
2026-02-12 16:27:48,824 [WARNING] 🚀 CASH-INTC/USDT0:USDT0 突破! 现价:46.74
2026-02-12 16:27:51,830 [INFO] 📧 邮件发送: 🚨 📉 向下跌破 CASH-INTC/USDT0:USDT0
2026-02-12 16:30:10,758 [WARNING] 🚀 VNTL-NUCLEAR/USDH:USDH 突破! 现价:140.92
2026-02-12 16:30:13,746 [INFO] 📧 邮件发送: 🚨 📉 向下跌破 VNTL-NUCLEAR/USDH:USDH
2026-02-12 16:55:45,628 [INFO] 🎯 锁定: BITGET HMSTR/USDT:USDT
2026-02-12 16:55:45,632 [INFO] 🎯 锁定: HYPERLIQUID NOCEX/USDC
2026-02-12 16:55:45,635 [INFO] 🎯 锁定: HYPERLIQUID SPX/USDC
2026-02-12 16:55:45,638 [INFO] 🎯 锁定: HYPERLIQUID BONK/USDC
2026-02-12 16:55:45,640 [INFO] 🎯 锁定: HYPERLIQUID XAUT/USDT
2026-02-12 16:55:45,643 [INFO] 🎯 锁定: HYPERLIQUID LINK0/USDC
2026-02-12 16:55:45,645 [INFO] 🎯 锁定: HYPERLIQUID WMNT/USDC
2026-02-12 16:55:45,648 [INFO] 🎯 锁定: HYPERLIQUID AAVE0/USDC
2026-02-12 16:55:45,650 [INFO] 🎯 锁定: HYPERLIQUID TRX/USDC:USDC
2026-02-12 16:55:45,653 [INFO] 🎯 锁定: HYPERLIQUID HMSTR/USDC:USDC
2026-02-12 16:55:45,653 [INFO] 📦 发现 10 个原始信号，正在智能去重...
2026-02-12 16:55:48,616 [INFO] 📧 邮件发送: 【雷达日报】发现 10 个收敛结构
2026-02-12 17:06:47,722 [WARNING] 🚀 SPX/USDC 突破! 现价:0.27683
2026-02-12 17:06:50,661 [INFO] 📧 邮件发送: 🚨 📉 向下跌破 SPX/USDC
2026-02-12 17:07:08,707 [WARNING] 🚀 LINK0/USDC 突破! 现价:8.1805
2026-02-12 17:07:12,131 [INFO] 📧 邮件发送: 🚨 📉 向下跌破 LINK0/USDC
2026-02-12 17:55:48,618 [INFO] 📡 拉取全市场实时行情...
2026-02-12 17:55:48,620 [INFO]   📡 OKX: 加载市场...
2026-02-12 17:55:49,000 [INFO]   - OKX: 筛选出 0 个活跃标的
2026-02-12 17:55:49,001 [INFO]   📡 BITGET: 加载市场...
2026-02-12 17:55:49,415 [INFO]   - BITGET: 筛选出 107 个活跃标的
2026-02-12 17:55:49,416 [INFO]   📡 MEXC: 加载市场...
2026-02-12 17:55:49,978 [INFO]   - MEXC: 筛选出 141 个活跃标的
2026-02-12 17:55:49,978 [INFO]   📡 GATE: 加载市场...
2026-02-12 17:55:51,102 [INFO]   - GATE: 筛选出 89 个活跃标的
2026-02-12 17:55:51,102 [INFO]   📡 HYPERLIQUID: 加载市场...
2026-02-12 17:56:53,588 [INFO]   - HYPERLIQUID: 筛选出 352 个活跃标的
2026-02-12 17:56:53,591 [INFO] 🔍 扫描 689 个标的...
2026-02-12 18:15:36,334 [INFO] 🎯 锁定: HYPERLIQUID SPX/USDC
2026-02-12 18:15:36,337 [INFO] 🎯 锁定: HYPERLIQUID VNTL-SPACEX/USDH:USDH
2026-02-12 18:15:36,337 [INFO] 📦 发现 2 个原始信号，正在智能去重...
2026-02-12 18:15:39,509 [INFO] 📧 邮件发送: 【雷达日报】发现 2 个收敛结构
2026-02-12 18:18:54,677 [WARNING] 🚀 SPX/USDC 突破! 现价:0.27627
2026-02-12 18:18:57,567 [INFO] 📧 邮件发送: 🚨 📉 向下跌破 SPX/USDC
2026-02-12 19:15:39,511 [INFO] 📡 拉取全市场实时行情...
2026-02-12 19:15:39,512 [INFO]   📡 OKX: 加载市场...
2026-02-12 19:15:39,899 [INFO]   - OKX: 筛选出 0 个活跃标的
2026-02-12 19:15:39,899 [INFO]   📡 BITGET: 加载市场...
2026-02-12 19:15:40,230 [INFO]   - BITGET: 筛选出 106 个活跃标的
2026-02-12 19:15:40,230 [INFO]   📡 MEXC: 加载市场...
2026-02-12 19:15:40,661 [INFO]   - MEXC: 筛选出 140 个活跃标的
2026-02-12 19:15:40,661 [INFO]   📡 GATE: 加载市场...
2026-02-12 19:15:41,741 [INFO]   - GATE: 筛选出 92 个活跃标的
2026-02-12 19:15:41,741 [INFO]   📡 HYPERLIQUID: 加载市场...
2026-02-12 19:17:26,078 [INFO]   - HYPERLIQUID: 筛选出 350 个活跃标的
2026-02-12 19:17:26,080 [INFO] 🔍 扫描 688 个标的...
2026-02-12 19:34:04,374 [INFO] 🎯 锁定: HYPERLIQUID SPX/USDC
2026-02-12 19:34:04,375 [INFO] 📦 发现 1 个原始信号，正在智能去重...
2026-02-12 19:34:07,641 [INFO] 📧 邮件发送: 【雷达日报】发现 1 个收敛结构
2026-02-12 19:37:58,194 [WARNING] 🚀 AAVE0/USDC 突破! 现价:115.185
2026-02-12 19:38:01,050 [INFO] 📧 邮件发送: 🚨 📈 向上突破 AAVE0/USDC
2026-02-12 19:42:16,760 [WARNING] 🚀 SPX/USDC 突破! 现价:0.276655
2026-02-12 19:42:19,567 [INFO] 📧 邮件发送: 🚨 📉 向下跌破 SPX/USDC
2026-02-12 20:34:07,642 [INFO] 📡 拉取全市场实时行情...
2026-02-12 20:34:07,643 [INFO]   📡 OKX: 加载市场...
2026-02-12 20:34:08,034 [INFO]   - OKX: 筛选出 0 个活跃标的
2026-02-12 20:34:08,035 [INFO]   📡 BITGET: 加载市场...
2026-02-12 20:34:08,457 [INFO]   - BITGET: 筛选出 106 个活跃标的
2026-02-12 20:34:08,458 [INFO]   📡 MEXC: 加载市场...
2026-02-12 20:34:08,884 [INFO]   - MEXC: 筛选出 142 个活跃标的
2026-02-12 20:34:08,884 [INFO]   📡 GATE: 加载市场...
2026-02-12 20:34:10,019 [INFO]   - GATE: 筛选出 94 个活跃标的
2026-02-12 20:34:10,019 [INFO]   📡 HYPERLIQUID: 加载市场...
2026-02-12 20:34:41,178 [INFO]   - HYPERLIQUID: 筛选出 352 个活跃标的
2026-02-12 20:34:41,180 [INFO] 🔍 扫描 694 个标的...
2026-02-12 20:49:08,331 [INFO] 🎯 锁定: MEXC JPY/USDT:USDT
2026-02-12 20:49:08,334 [INFO] 🎯 锁定: HYPERLIQUID SPX/USDC
2026-02-12 20:49:08,336 [INFO] 🎯 锁定: HYPERLIQUID XYZ-JPY/USDC:USDC
2026-02-12 20:49:08,336 [INFO] 📦 发现 3 个原始信号，正在智能去重...
2026-02-12 20:49:11,178 [INFO] 📧 邮件发送: 【雷达日报】发现 3 个收敛结构
2026-02-12 20:51:42,795 [WARNING] 🚀 SPX/USDC 突破! 现价:0.2705
2026-02-12 20:51:45,612 [INFO] 📧 邮件发送: 🚨 📉 向下跌破 SPX/USDC
2026-02-12 21:49:11,181 [INFO] 📡 拉取全市场实时行情...
2026-02-12 21:49:11,182 [INFO]   📡 OKX: 加载市场...
2026-02-12 21:49:11,566 [INFO]   - OKX: 筛选出 0 个活跃标的
2026-02-12 21:49:11,567 [INFO]   📡 BITGET: 加载市场...
2026-02-12 21:49:11,972 [INFO]   - BITGET: 筛选出 105 个活跃标的
2026-02-12 21:49:11,973 [INFO]   📡 MEXC: 加载市场...
2026-02-12 21:49:12,389 [INFO]   - MEXC: 筛选出 143 个活跃标的
2026-02-12 21:49:12,389 [INFO]   📡 GATE: 加载市场...
2026-02-12 21:49:13,462 [INFO]   - GATE: 筛选出 94 个活跃标的
2026-02-12 21:49:13,463 [INFO]   📡 HYPERLIQUID: 加载市场...
2026-02-12 21:49:23,769 [INFO]   - HYPERLIQUID: 筛选出 352 个活跃标的
2026-02-12 21:49:23,770 [INFO] 🔍 扫描 694 个标的...
2026-02-12 21:51:15,262 [INFO] 🎯 锁定: GATE ETHW/USDT:USDT
2026-02-12 21:51:15,265 [INFO] 🎯 锁定: HYPERLIQUID SPX/USDC
2026-02-12 21:51:15,269 [INFO] 🎯 锁定: HYPERLIQUID BONK/USDC
2026-02-12 21:51:15,271 [INFO] 🎯 锁定: HYPERLIQUID LINK0/USDC
2026-02-12 21:51:15,273 [INFO] 🎯 锁定: HYPERLIQUID HAR/USDC
2026-02-12 21:51:15,275 [INFO] 🎯 锁定: HYPERLIQUID POLYX/USDC:USDC
2026-02-12 21:51:15,277 [INFO] 🎯 锁定: HYPERLIQUID HMSTR/USDC:USDC
2026-02-12 21:51:15,280 [INFO] 🎯 锁定: HYPERLIQUID FLX-OIL/USDH:USDH
2026-02-12 21:51:15,282 [INFO] 🎯 锁定: HYPERLIQUID FLX-COPPER/USDH:USDH
2026-02-12 21:51:15,284 [INFO] 🎯 锁定: HYPERLIQUID VNTL-DEFENSE/USDH:USDH
2026-02-12 21:51:15,285 [INFO] 📦 发现 10 个原始信号，正在智能去重...
2026-02-12 21:51:18,310 [INFO] 📧 邮件发送: 【雷达日报】发现 10 个收敛结构
2026-02-12 21:52:57,264 [WARNING] 🚀 SPX/USDC 突破! 现价:0.272855
2026-02-12 21:53:00,228 [INFO] 📧 邮件发送: 🚨 📉 向下跌破 SPX/USDC
2026-02-12 22:51:18,312 [INFO] 📡 拉取全市场实时行情...
2026-02-12 22:51:18,314 [INFO]   📡 OKX: 加载市场...
2026-02-12 22:51:18,679 [INFO]   - OKX: 筛选出 0 个活跃标的
2026-02-12 22:51:18,680 [INFO]   📡 BITGET: 加载市场...
2026-02-12 22:51:19,085 [INFO]   - BITGET: 筛选出 103 个活跃标的
2026-02-12 22:51:19,085 [INFO]   📡 MEXC: 加载市场...
2026-02-12 22:51:19,545 [INFO]   - MEXC: 筛选出 142 个活跃标的
2026-02-12 22:51:19,546 [INFO]   📡 GATE: 加载市场...
2026-02-12 22:51:20,687 [INFO]   - GATE: 筛选出 91 个活跃标的
2026-02-12 22:51:20,687 [INFO]   📡 HYPERLIQUID: 加载市场...
2026-02-12 22:52:33,936 [INFO]   - HYPERLIQUID: 筛选出 351 个活跃标的
2026-02-12 22:52:33,938 [INFO] 🔍 扫描 687 个标的...
2026-02-12 23:02:02,387 [WARNING] 🚀 FLX-COPPER/USDH:USDH 突破! 现价:5.7983
2026-02-12 23:02:05,205 [INFO] 📧 邮件发送: 🚨 📉 向下跌破 FLX-COPPER/USDH:USDH
2026-02-12 23:09:27,314 [INFO] 🎯 锁定: MEXC QNT/USDT:USDT
2026-02-12 23:09:27,317 [INFO] 🎯 锁定: HYPERLIQUID SPX/USDC
2026-02-12 23:09:27,320 [INFO] 🎯 锁定: HYPERLIQUID USTC/USDC:USDC
2026-02-12 23:09:27,323 [INFO] 🎯 锁定: HYPERLIQUID NOT/USDC:USDC
2026-02-12 23:09:27,325 [INFO] 🎯 锁定: HYPERLIQUID CC/USDC:USDC
2026-02-12 23:09:27,326 [INFO] 🎯 锁定: HYPERLIQUID XYZ-INTC/USDC:USDC
2026-02-12 23:09:27,328 [INFO] 🎯 锁定: HYPERLIQUID XYZ-BABA/USDC:USDC
2026-02-12 23:09:27,330 [INFO] 🎯 锁定: HYPERLIQUID XYZ-COPPER/USDC:USDC
2026-02-12 23:09:27,331 [INFO] 🎯 锁定: HYPERLIQUID FLX-PLATINUM/USDH:USDH
2026-02-12 23:09:27,333 [INFO] 🎯 锁定: HYPERLIQUID VNTL-SPACEX/USDH:USDH
2026-02-12 23:09:27,335 [INFO] 🎯 锁定: HYPERLIQUID VNTL-NUCLEAR/USDH:USDH
2026-02-12 23:09:27,336 [INFO] 🎯 锁定: HYPERLIQUID VNTL-BIOTECH/USDH:USDH
2026-02-12 23:09:27,338 [INFO] 🎯 锁定: HYPERLIQUID HYNA-BNB/USDE:USDE
2026-02-12 23:09:27,340 [INFO] 🎯 锁定: HYPERLIQUID HYNA-BCH/USDE:USDE
2026-02-12 23:09:27,342 [INFO] 🎯 锁定: HYPERLIQUID CASH-INTC/USDT0:USDT0
2026-02-12 23:09:27,344 [INFO] 🎯 锁定: HYPERLIQUID CASH-GOLD/USDT0:USDT0
2026-02-12 23:09:27,344 [INFO] 📦 发现 16 个原始信号，正在智能去重...
2026-02-12 23:09:30,097 [INFO] 📧 邮件发送: 【雷达日报】发现 16 个收敛结构
2026-02-12 23:12:11,766 [WARNING] 🚀 FLX-PLATINUM/USDH:USDH 突破! 现价:1993.8
2026-02-12 23:12:14,723 [INFO] 📧 邮件发送: 🚨 📉 向下跌破 FLX-PLATINUM/USDH:USDH
2026-02-12 23:57:59,899 [WARNING] 🚀 VNTL-NUCLEAR/USDH:USDH 突破! 现价:140.265
2026-02-12 23:58:02,913 [INFO] 📧 邮件发送: 🚨 📉 向下跌破 VNTL-NUCLEAR/USDH:USDH
2026-02-13 00:09:30,099 [INFO] 📡 拉取全市场实时行情...
2026-02-13 00:09:30,100 [INFO]   📡 OKX: 加载市场...
2026-02-13 00:09:30,478 [INFO]   - OKX: 筛选出 0 个活跃标的
2026-02-13 00:09:30,479 [INFO]   📡 BITGET: 加载市场...
2026-02-13 00:09:30,895 [INFO]   - BITGET: 筛选出 101 个活跃标的
2026-02-13 00:09:30,896 [INFO]   📡 MEXC: 加载市场...
2026-02-13 00:09:31,715 [INFO]   - MEXC: 筛选出 140 个活跃标的
2026-02-13 00:09:31,716 [INFO]   📡 GATE: 加载市场...
2026-02-13 00:09:32,827 [INFO]   - GATE: 筛选出 87 个活跃标的
2026-02-13 00:09:32,828 [INFO]   📡 HYPERLIQUID: 加载市场...
2026-02-13 00:12:16,674 [INFO]   - HYPERLIQUID: 筛选出 351 个活跃标的
2026-02-13 00:12:16,677 [INFO] 🔍 扫描 679 个标的...
2026-02-13 00:47:29,848 [INFO] 🎯 锁定: BITGET XRP/USDT:USDT
2026-02-13 00:47:29,850 [INFO] 🎯 锁定: BITGET HMSTR/USDT:USDT
2026-02-13 00:47:29,852 [INFO] 🎯 锁定: MEXC XRP/USDT:USDT
2026-02-13 00:47:29,855 [INFO] 🎯 锁定: MEXC XRP/USD:XRP
2026-02-13 00:47:29,857 [INFO] 🎯 锁定: MEXC XRP/USDC:USDC
2026-02-13 00:47:29,858 [INFO] 🎯 锁定: MEXC GOOGLSTOCK/USDT:USDT
2026-02-13 00:47:29,860 [INFO] 🎯 锁定: MEXC MNT/USDT:USDT
2026-02-13 00:47:29,862 [INFO] 🎯 锁定: MEXC HMSTR/USDT:USDT
2026-02-13 00:47:29,865 [INFO] 🎯 锁定: MEXC AUD/USDT:USDT
2026-02-13 00:47:29,867 [INFO] 🎯 锁定: GATE TSLAX/USDT:USDT
2026-02-13 00:47:29,868 [INFO] 🎯 锁定: GATE HMSTR/USDT:USDT
2026-02-13 00:47:29,870 [INFO] 🎯 锁定: GATE XRP/USDT:USDT
2026-02-13 00:47:29,872 [INFO] 🎯 锁定: HYPERLIQUID NOCEX/USDC
2026-02-13 00:47:29,874 [INFO] 🎯 锁定: HYPERLIQUID USDHL/USDC
2026-02-13 00:47:29,876 [INFO] 🎯 锁定: HYPERLIQUID XAUT/USDT
2026-02-13 00:47:29,879 [INFO] 🎯 锁定: HYPERLIQUID BNB1/USDC
2026-02-13 00:47:29,881 [INFO] 🎯 锁定: HYPERLIQUID GMX/USDC:USDC
2026-02-13 00:47:29,884 [INFO] 🎯 锁定: HYPERLIQUID XRP/USDC:USDC
2026-02-13 00:47:29,886 [INFO] 🎯 锁定: HYPERLIQUID YGG/USDC:USDC
2026-02-13 00:47:29,889 [INFO] 🎯 锁定: HYPERLIQUID RUNE/USDC:USDC
2026-02-13 00:47:29,893 [INFO] 🎯 锁定: HYPERLIQUID BANANA/USDC:USDC
2026-02-13 00:47:29,896 [INFO] 🎯 锁定: HYPERLIQUID ORDI/USDC:USDC
2026-02-13 00:47:29,898 [INFO] 🎯 锁定: HYPERLIQUID ZEN/USDC:USDC
2026-02-13 00:47:29,901 [INFO] 🎯 锁定: HYPERLIQUID KLUNC/USDC:USDC
2026-02-13 00:47:29,904 [INFO] 🎯 锁定: HYPERLIQUID MAV/USDC:USDC
2026-02-13 00:47:29,906 [INFO] 🎯 锁定: HYPERLIQUID UMA/USDC:USDC
2026-02-13 00:47:29,908 [INFO] 🎯 锁定: HYPERLIQUID MORPHO/USDC:USDC
2026-02-13 00:47:29,910 [INFO] 🎯 锁定: HYPERLIQUID YZY/USDC:USDC
2026-02-13 00:47:29,912 [INFO] 🎯 锁定: HYPERLIQUID XYZ-TSLA/USDC:USDC
2026-02-13 00:47:29,914 [INFO] 🎯 锁定: HYPERLIQUID XYZ-AMD/USDC:USDC
2026-02-13 00:47:29,916 [INFO] 🎯 锁定: HYPERLIQUID FLX-PLATINUM/USDH:USDH
2026-02-13 00:47:29,918 [INFO] 🎯 锁定: HYPERLIQUID VNTL-ENERGY/USDH:USDH
2026-02-13 00:47:29,920 [INFO] 🎯 锁定: HYPERLIQUID KM-USENERGY/USDH:USDH
2026-02-13 00:47:29,923 [INFO] 🎯 锁定: HYPERLIQUID KM-USOIL/USDH:USDH
2026-02-13 00:47:29,925 [INFO] 🎯 锁定: HYPERLIQUID KM-AAPL/USDH:USDH
2026-02-13 00:47:29,925 [INFO] 📦 发现 35 个原始信号，正在智能去重...
2026-02-13 00:47:32,936 [INFO] 📧 邮件发送: 【雷达日报】发现 30 个收敛结构
2026-02-13 00:50:36,726 [WARNING] 🚀 GOOGLSTOCK/USDT:USDT 突破! 现价:308.0
2026-02-13 00:50:40,182 [INFO] 📧 邮件发送: 🚨 📉 向下跌破 GOOGLSTOCK/USDT:USDT
2026-02-13 00:54:15,277 [WARNING] 🚀 KM-AAPL/USDH:USDH 突破! 现价:260.12
2026-02-13 00:54:18,206 [INFO] 📧 邮件发送: 🚨 📉 向下跌破 KM-AAPL/USDH:USDH
2026-02-13 01:47:32,938 [INFO] 📡 拉取全市场实时行情...
2026-02-13 01:47:32,939 [INFO]   📡 OKX: 加载市场...
2026-02-13 01:47:33,335 [INFO]   - OKX: 筛选出 0 个活跃标的
2026-02-13 01:47:33,336 [INFO]   📡 BITGET: 加载市场...
2026-02-13 01:47:33,769 [INFO]   - BITGET: 筛选出 100 个活跃标的
2026-02-13 01:47:33,770 [INFO]   📡 MEXC: 加载市场...
2026-02-13 01:47:34,565 [INFO]   - MEXC: 筛选出 140 个活跃标的
2026-02-13 01:47:34,565 [INFO]   📡 GATE: 加载市场...
2026-02-13 01:47:35,934 [INFO]   - GATE: 筛选出 88 个活跃标的
2026-02-13 01:47:35,934 [INFO]   📡 HYPERLIQUID: 加载市场...
2026-02-13 01:50:30,148 [INFO]   - HYPERLIQUID: 筛选出 351 个活跃标的
2026-02-13 01:50:30,150 [INFO] 🔍 扫描 679 个标的...
2026-02-13 02:49:32,811 [INFO] 🎯 锁定: MEXC SPX500/USDT:USDT
2026-02-13 02:49:32,816 [INFO] 🎯 锁定: MEXC GOOGLSTOCK/USDT:USDT
2026-02-13 02:49:32,820 [INFO] 🎯 锁定: MEXC JPY/USDT:USDT
2026-02-13 02:49:32,823 [INFO] 🎯 锁定: GATE SPX500/USDT:USDT
2026-02-13 02:49:32,827 [INFO] 🎯 锁定: GATE EURUSD/USDT:USDT
2026-02-13 02:49:32,831 [INFO] 🎯 锁定: GATE XPD/USDT:USDT
2026-02-13 02:49:32,834 [INFO] 🎯 锁定: HYPERLIQUID WMNT/USDC
2026-02-13 02:49:32,836 [INFO] 🎯 锁定: HYPERLIQUID TRX/USDC:USDC
2026-02-13 02:49:32,839 [INFO] 🎯 锁定: HYPERLIQUID XYZ-JPY/USDC:USDC
2026-02-13 02:49:32,841 [INFO] 🎯 锁定: HYPERLIQUID XYZ-NATGAS/USDC:USDC
2026-02-13 02:49:32,843 [INFO] 🎯 锁定: HYPERLIQUID FLX-NVDA/USDH:USDH
2026-02-13 02:49:32,846 [INFO] 🎯 锁定: HYPERLIQUID VNTL-NUCLEAR/USDH:USDH
2026-02-13 02:49:32,848 [INFO] 🎯 锁定: HYPERLIQUID KM-AAPL/USDH:USDH
2026-02-13 02:49:32,848 [INFO] 📦 发现 13 个原始信号，正在智能去重...
2026-02-13 02:49:35,928 [INFO] 📧 邮件发送: 【雷达日报】发现 12 个收敛结构
2026-02-13 03:49:35,930 [INFO] 📡 拉取全市场实时行情...
2026-02-13 03:49:35,931 [INFO]   📡 OKX: 加载市场...
2026-02-13 03:49:36,319 [INFO]   - OKX: 筛选出 0 个活跃标的
2026-02-13 03:49:36,319 [INFO]   📡 BITGET: 加载市场...
2026-02-13 03:49:36,802 [INFO]   - BITGET: 筛选出 102 个活跃标的
2026-02-13 03:49:36,803 [INFO]   📡 MEXC: 加载市场...
2026-02-13 03:49:37,271 [INFO]   - MEXC: 筛选出 141 个活跃标的
2026-02-13 03:49:37,272 [INFO]   📡 GATE: 加载市场...
2026-02-13 03:49:38,375 [INFO]   - GATE: 筛选出 89 个活跃标的
2026-02-13 03:49:38,375 [INFO]   📡 HYPERLIQUID: 加载市场...
2026-02-13 03:51:04,597 [INFO]   - HYPERLIQUID: 筛选出 350 个活跃标的
2026-02-13 03:51:04,599 [INFO] 🔍 扫描 682 个标的...
2026-02-13 04:41:10,721 [INFO] 🎯 锁定: BITGET BTC/USDT:USDT
2026-02-13 04:41:10,727 [INFO] 🎯 锁定: BITGET LINK/USDT:USDT
2026-02-13 04:41:10,730 [INFO] 🎯 锁定: BITGET DOT/USDT:USDT
2026-02-13 04:41:10,733 [INFO] 🎯 锁定: BITGET FIL/USDT:USDT
2026-02-13 04:41:10,737 [INFO] 🎯 锁定: BITGET SUI/USDT:USDT
2026-02-13 04:41:10,740 [INFO] 🎯 锁定: BITGET WLD/USDT:USDT
2026-02-13 04:41:10,744 [INFO] 🎯 锁定: BITGET MSFT/USDT:USDT
2026-02-13 04:41:10,746 [INFO] 🎯 锁定: MEXC BTC/USDT:USDT
2026-02-13 04:41:10,749 [INFO] 🎯 锁定: MEXC SUI/USDT:USDT
2026-02-13 04:41:10,752 [INFO] 🎯 锁定: MEXC LINK/USDT:USDT
2026-02-13 04:41:10,755 [INFO] 🎯 锁定: MEXC WLD/USDT:USDT
2026-02-13 04:41:10,758 [INFO] 🎯 锁定: MEXC DOT/USDT:USDT
2026-02-13 04:41:10,761 [INFO] 🎯 锁定: MEXC BTC/USDC:USDC
2026-02-13 04:41:10,763 [INFO] 🎯 锁定: MEXC ATOM/USDT:USDT
2026-02-13 04:41:10,767 [INFO] 🎯 锁定: MEXC KAS/USDT:USDT
2026-02-13 04:41:10,770 [INFO] 🎯 锁定: MEXC INJ/USDT:USDT
2026-02-13 04:41:10,773 [INFO] 🎯 锁定: MEXC ROSE/USDT:USDT
2026-02-13 04:41:10,776 [INFO] 🎯 锁定: MEXC OP/USDT:USDT
2026-02-13 04:41:10,779 [INFO] 🎯 锁定: MEXC FILECOIN/USDT:USDT
2026-02-13 04:41:10,782 [INFO] 🎯 锁定: MEXC TONCOIN/USDT:USDT
2026-02-13 04:41:10,784 [INFO] 🎯 锁定: MEXC FLOKI/USDT:USDT
2026-02-13 04:41:10,787 [INFO] 🎯 锁定: MEXC ETC/USDT:USDT
2026-02-13 04:41:10,791 [INFO] 🎯 锁定: MEXC VET/USDT:USDT
2026-02-13 04:41:10,794 [INFO] 🎯 锁定: MEXC QNT/USDT:USDT
2026-02-13 04:41:10,797 [INFO] 🎯 锁定: MEXC CAKE/USDT:USDT
2026-02-13 04:41:10,801 [INFO] 🎯 锁定: GATE DOT/USDT:USDT
2026-02-13 04:41:10,804 [INFO] 🎯 锁定: GATE SUI/USDT:USDT
2026-02-13 04:41:10,808 [INFO] 🎯 锁定: GATE ETHW/USDT:USDT
2026-02-13 04:41:10,811 [INFO] 🎯 锁定: GATE BTC/USDT:USDT
2026-02-13 04:41:10,815 [INFO] 🎯 锁定: GATE LINK/USDT:USDT
2026-02-13 04:41:10,819 [INFO] 🎯 锁定: GATE FIL/USDT:USDT
2026-02-13 04:41:10,822 [INFO] 🎯 锁定: HYPERLIQUID BTC/USDC
2026-02-13 04:41:10,826 [INFO] 🎯 锁定: HYPERLIQUID PENGU/USDC
2026-02-13 04:41:10,829 [INFO] 🎯 锁定: HYPERLIQUID SPX/USDC
2026-02-13 04:41:10,832 [INFO] 🎯 锁定: HYPERLIQUID BTC/USDH
2026-02-13 04:41:10,835 [INFO] 🎯 锁定: HYPERLIQUID BTC/USDC:USDC
2026-02-13 04:41:10,837 [INFO] 🎯 锁定: HYPERLIQUID ATOM/USDC:USDC
2026-02-13 04:41:10,841 [INFO] 🎯 锁定: HYPERLIQUID OP/USDC:USDC
2026-02-13 04:41:10,844 [INFO] 🎯 锁定: HYPERLIQUID LTC/USDC:USDC
2026-02-13 04:41:10,846 [INFO] 🎯 锁定: HYPERLIQUID DOGE/USDC:USDC
2026-02-13 04:41:10,849 [INFO] 🎯 锁定: HYPERLIQUID INJ/USDC:USDC
2026-02-13 04:41:10,852 [INFO] 🎯 锁定: HYPERLIQUID SUI/USDC:USDC
2026-02-13 04:41:10,855 [INFO] 🎯 锁定: HYPERLIQUID LINK/USDC:USDC
2026-02-13 04:41:10,858 [INFO] 🎯 锁定: HYPERLIQUID STX/USDC:USDC
2026-02-13 04:41:10,861 [INFO] 🎯 锁定: HYPERLIQUID DOT/USDC:USDC
2026-02-13 04:41:10,864 [INFO] 🎯 锁定: HYPERLIQUID TRB/USDC:USDC
2026-02-13 04:41:10,867 [INFO] 🎯 锁定: HYPERLIQUID KAS/USDC:USDC
2026-02-13 04:41:10,869 [INFO] 🎯 锁定: HYPERLIQUID TON/USDC:USDC
2026-02-13 04:41:10,872 [INFO] 🎯 锁定: HYPERLIQUID NEAR/USDC:USDC
2026-02-13 04:41:10,875 [INFO] 🎯 锁定: HYPERLIQUID FIL/USDC:USDC
2026-02-13 04:41:10,878 [INFO] 🎯 锁定: HYPERLIQUID USTC/USDC:USDC
2026-02-13 04:41:10,881 [INFO] 🎯 锁定: HYPERLIQUID CAKE/USDC:USDC
2026-02-13 04:41:10,884 [INFO] 🎯 锁定: HYPERLIQUID PEOPLE/USDC:USDC
2026-02-13 04:41:10,887 [INFO] 🎯 锁定: HYPERLIQUID ETC/USDC:USDC
2026-02-13 04:41:10,889 [INFO] 🎯 锁定: HYPERLIQUID STRK/USDC:USDC
2026-02-13 04:41:10,892 [INFO] 🎯 锁定: HYPERLIQUID KFLOKI/USDC:USDC
2026-02-13 04:41:10,894 [INFO] 🎯 锁定: HYPERLIQUID POPCAT/USDC:USDC
2026-02-13 04:41:10,896 [INFO] 🎯 锁定: HYPERLIQUID NOT/USDC:USDC
2026-02-13 04:41:10,900 [INFO] 🎯 锁定: HYPERLIQUID PROMPT/USDC:USDC
2026-02-13 04:41:10,902 [INFO] 🎯 锁定: HYPERLIQUID XYZ-INTC/USDC:USDC
2026-02-13 04:41:10,904 [INFO] 🎯 锁定: HYPERLIQUID XYZ-META/USDC:USDC
2026-02-13 04:41:10,906 [INFO] 🎯 锁定: HYPERLIQUID XYZ-AMZN/USDC:USDC
2026-02-13 04:41:10,908 [INFO] 🎯 锁定: HYPERLIQUID XYZ-CL/USDC:USDC
2026-02-13 04:41:10,910 [INFO] 🎯 锁定: HYPERLIQUID FLX-OIL/USDH:USDH
2026-02-13 04:41:10,913 [INFO] 🎯 锁定: HYPERLIQUID VNTL-SPACEX/USDH:USDH
2026-02-13 04:41:10,915 [INFO] 🎯 锁定: HYPERLIQUID VNTL-SEMIS/USDH:USDH
2026-02-13 04:41:10,918 [INFO] 🎯 锁定: HYPERLIQUID VNTL-DEFENSE/USDH:USDH
2026-02-13 04:41:10,920 [INFO] 🎯 锁定: HYPERLIQUID HYNA-BTC/USDE:USDE
2026-02-13 04:41:10,922 [INFO] 🎯 锁定: HYPERLIQUID HYNA-XRP/USDE:USDE
2026-02-13 04:41:10,924 [INFO] 🎯 锁定: HYPERLIQUID HYNA-BNB/USDE:USDE
2026-02-13 04:41:10,927 [INFO] 🎯 锁定: HYPERLIQUID HYNA-LTC/USDE:USDE
2026-02-13 04:41:10,932 [INFO] 🎯 锁定: HYPERLIQUID HYNA-BCH/USDE:USDE
2026-02-13 04:41:10,935 [INFO] 🎯 锁定: HYPERLIQUID CASH-INTC/USDT0:USDT0
2026-02-13 04:41:10,938 [INFO] 🎯 锁定: HYPERLIQUID CASH-AMZN/USDT0:USDT0
2026-02-13 04:41:10,940 [INFO] 🎯 锁定: HYPERLIQUID CASH-META/USDT0:USDT0
2026-02-13 04:41:10,940 [INFO] 📦 发现 75 个原始信号，正在智能去重...
2026-02-13 04:41:14,013 [INFO] 📧 邮件发送: 【雷达日报】发现 64 个收敛结构
2026-02-13 05:12:31,079 [WARNING] 🚀 CASH-INTC/USDT0:USDT0 突破! 现价:46.211
2026-02-13 05:12:34,566 [INFO] 📧 邮件发送: 🚨 📉 向下跌破 CASH-INTC/USDT0:USDT0
2026-02-13 05:17:45,281 [WARNING] 🚀 XYZ-INTC/USDC:USDC 突破! 现价:46.1985
2026-02-13 05:17:48,115 [INFO] 📧 邮件发送: 🚨 📉 向下跌破 XYZ-INTC/USDC:USDC
2026-02-13 05:19:23,274 [WARNING] 🚀 CASH-META/USDT0:USDT0 突破! 现价:645.925
2026-02-13 05:19:26,098 [INFO] 📧 邮件发送: 🚨 📉 向下跌破 CASH-META/USDT0:USDT0
2026-02-13 05:24:49,585 [WARNING] 🚀 XYZ-META/USDC:USDC 突破! 现价:645.745
2026-02-13 05:24:52,508 [INFO] 📧 邮件发送: 🚨 📉 向下跌破 XYZ-META/USDC:USDC
2026-02-13 05:29:16,902 [WARNING] 🚀 SPX500/USDT:USDT 突破! 现价:6815.96
2026-02-13 05:29:17,158 [WARNING] 🚀 SPX500/USDT:USDT 突破! 现价:6822.6
2026-02-13 05:29:19,783 [INFO] 📧 邮件发送: 🚨 📉 向下跌破 SPX500/USDT:USDT
2026-02-13 05:29:19,885 [INFO] 📧 邮件发送: 🚨 📉 向下跌破 SPX500/USDT:USDT
