2026-02-13 17:46:57,501 [INFO] ✅ 数据库初始化成功
2026-02-13 17:46:57,501 [INFO] 🔌 初始化交易所...
2026-02-13 17:46:57,513 [INFO] ✅ OKX 就绪
2026-02-13 17:46:57,526 [INFO] ✅ BITGET 就绪
2026-02-13 17:46:57,533 [INFO] ✅ MEXC 就绪
2026-02-13 17:46:57,543 [INFO] ✅ GATE 就绪
2026-02-13 17:46:57,548 [INFO] ✅ HYPERLIQUID 就绪
2026-02-13 17:46:57,549 [INFO] 🔄 数据库恢复: 28 盯盘, 0 待确认.
2026-02-13 17:46:57,550 [INFO] 📡 拉取全市场实时行情...
2026-02-13 17:49:36,352 [INFO] 🔍 扫描 674 个标的...
2026-02-13 17:51:49,148 [INFO] ⚡ EURUSD/USDT:USDT 突破，二审中...
2026-02-13 17:51:49,316 [INFO] ✅ EURUSD/USDT:USDT 二审通过！
2026-02-13 17:51:51,949 [INFO] 📧 邮件发送: 🚀 📈 向上突破 EURUSD/USDT:USDT
2026-02-13 17:52:26,317 [WARNING] ⚠️ HYPERLIQUID 限流保护 (429)! 休息 2s 后重试...
2026-02-13 17:52:26,939 [WARNING] ⚠️ HYPERLIQUID 限流保护 (429)! 休息 2s 后重试...
2026-02-13 17:52:29,086 [WARNING] ⚠️ HYPERLIQUID 限流保护 (429)! 休息 2s 后重试...
2026-02-13 17:52:30,197 [WARNING] ⚠️ HYPERLIQUID 限流保护 (429)! 休息 2s 后重试...
2026-02-13 17:52:31,405 [WARNING] ⚠️ HYPERLIQUID 限流保护 (429)! 休息 4s 后重试...
2026-02-13 17:52:32,527 [WARNING] ⚠️ HYPERLIQUID 限流保护 (429)! 休息 4s 后重试...
2026-02-13 17:52:37,150 [WARNING] ⚠️ HYPERLIQUID 限流保护 (429)! 休息 2s 后重试...
2026-02-13 17:52:38,861 [WARNING] ⚠️ HYPERLIQUID 限流保护 (429)! 休息 2s 后重试...
2026-02-13 17:52:40,189 [WARNING] ⚠️ HYPERLIQUID 限流保护 (429)! 休息 2s 后重试...
2026-02-13 17:52:41,214 [WARNING] ⚠️ HYPERLIQUID 限流保护 (429)! 休息 4s 后重试...
2026-02-13 17:52:42,895 [WARNING] ⚠️ HYPERLIQUID 限流保护 (429)! 休息 2s 后重试...
2026-02-13 17:52:45,738 [WARNING] ⚠️ HYPERLIQUID 限流保护 (429)! 休息 2s 后重试...
2026-02-13 17:52:45,958 [WARNING] ⚠️ HYPERLIQUID 限流保护 (429)! 休息 2s 后重试...
2026-02-13 17:52:48,692 [WARNING] ⚠️ HYPERLIQUID 限流保护 (429)! 休息 2s 后重试...
2026-02-13 17:52:48,903 [WARNING] ⚠️ HYPERLIQUID 限流保护 (429)! 休息 2s 后重试...
2026-02-13 17:52:51,006 [WARNING] ⚠️ HYPERLIQUID 限流保护 (429)! 休息 4s 后重试...
2026-02-13 17:52:53,306 [WARNING] ⚠️ HYPERLIQUID 限流保护 (429)! 休息 2s 后重试...
2026-02-13 17:52:56,779 [WARNING] ⚠️ HYPERLIQUID 限流保护 (429)! 休息 2s 后重试...
2026-02-13 17:52:57,972 [WARNING] ⚠️ HYPERLIQUID 限流保护 (429)! 休息 2s 后重试...
2026-02-13 17:52:59,105 [WARNING] ⚠️ HYPERLIQUID 限流保护 (429)! 休息 4s 后重试...
2026-02-13 17:53:33,525 [WARNING] ⚠️ HYPERLIQUID 限流保护 (429)! 休息 2s 后重试...
2026-02-13 17:53:34,236 [WARNING] ⚠️ HYPERLIQUID 限流保护 (429)! 休息 2s 后重试...
2026-02-13 17:53:36,850 [WARNING] ⚠️ HYPERLIQUID 限流保护 (429)! 休息 4s 后重试...
2026-02-13 17:53:36,939 [WARNING] ⚠️ HYPERLIQUID 限流保护 (429)! 休息 2s 后重试...
2026-02-13 17:53:40,038 [WARNING] ⚠️ HYPERLIQUID 限流保护 (429)! 休息 2s 后重试...
2026-02-13 17:53:41,715 [WARNING] ⚠️ HYPERLIQUID 限流保护 (429)! 休息 2s 后重试...
2026-02-13 17:53:42,385 [WARNING] ⚠️ HYPERLIQUID 限流保护 (429)! 休息 4s 后重试...
2026-02-13 17:53:44,033 [WARNING] ⚠️ HYPERLIQUID 限流保护 (429)! 休息 4s 后重试...
2026-02-13 17:53:47,027 [WARNING] ⚠️ HYPERLIQUID 限流保护 (429)! 休息 2s 后重试...
2026-02-13 17:53:48,771 [WARNING] ⚠️ HYPERLIQUID 限流保护 (429)! 休息 2s 后重试...
2026-02-13 17:53:49,359 [WARNING] ⚠️ HYPERLIQUID 限流保护 (429)! 休息 4s 后重试...
2026-02-13 17:53:52,470 [WARNING] ⚠️ HYPERLIQUID 限流保护 (429)! 休息 2s 后重试...
2026-02-13 17:53:54,604 [WARNING] ⚠️ HYPERLIQUID 限流保护 (429)! 休息 2s 后重试...
2026-02-13 17:53:54,870 [WARNING] ⚠️ HYPERLIQUID 限流保护 (429)! 休息 4s 后重试...
2026-02-13 17:53:57,065 [WARNING] ⚠️ HYPERLIQUID 限流保护 (429)! 休息 4s 后重试...
2026-02-13 17:54:00,295 [WARNING] ⚠️ HYPERLIQUID 限流保护 (429)! 休息 2s 后重试...
2026-02-13 17:54:02,652 [INFO] 🤫 静默锁定 3 个新目标
2026-02-13 17:58:48,957 [INFO] ⚡ HYPE/USDE 突破，二审中...
2026-02-13 17:58:57,903 [INFO] ✅ HYPE/USDE 二审通过！
2026-02-13 17:59:00,629 [INFO] 📧 邮件发送: 🚀 📈 向上突破 HYPE/USDE
2026-02-13 18:01:58,093 [INFO] ✅ EURUSD/USDT:USDT 收线确认有效！(收盘:1.193 > 突破:1.1929)
2026-02-13 18:04:10,374 [INFO] 📧 邮件发送: ✅ 1 个突破已确认有效
2026-02-13 18:54:02,656 [INFO] 📡 拉取全市场实时行情...
2026-02-13 18:54:13,724 [INFO] 🔍 扫描 676 个标的...
2026-02-13 18:54:39,738 [WARNING] ⚠️ HYPERLIQUID 限流保护 (429)! 休息 2s 后重试...
2026-02-13 18:54:39,927 [WARNING] ⚠️ HYPERLIQUID 限流保护 (429)! 休息 2s 后重试...
2026-02-13 18:54:42,086 [WARNING] ⚠️ HYPERLIQUID 限流保护 (429)! 休息 4s 后重试...
2026-02-13 18:54:42,254 [WARNING] ⚠️ HYPERLIQUID 限流保护 (429)! 休息 4s 后重试...
2026-02-13 18:54:46,801 [WARNING] ⚠️ HYPERLIQUID 限流保护 (429)! 休息 2s 后重试...
2026-02-13 18:54:47,051 [WARNING] ⚠️ HYPERLIQUID 限流保护 (429)! 休息 2s 后重试...
2026-02-13 18:54:49,117 [WARNING] ⚠️ HYPERLIQUID 限流保护 (429)! 休息 4s 后重试...
2026-02-13 18:54:49,367 [WARNING] ⚠️ HYPERLIQUID 限流保护 (429)! 休息 4s 后重试...
2026-02-13 18:54:53,920 [WARNING] ⚠️ HYPERLIQUID 限流保护 (429)! 休息 2s 后重试...
2026-02-13 18:54:54,123 [WARNING] ⚠️ HYPERLIQUID 限流保护 (429)! 休息 2s 后重试...
2026-02-13 18:54:57,323 [WARNING] ⚠️ HYPERLIQUID 限流保护 (429)! 休息 2s 后重试...
2026-02-13 18:54:59,841 [WARNING] ⚠️ HYPERLIQUID 限流保护 (429)! 休息 4s 后重试...
2026-02-13 18:55:33,435 [WARNING] ⚠️ HYPERLIQUID 限流保护 (429)! 休息 2s 后重试...
2026-02-13 18:55:33,641 [WARNING] ⚠️ HYPERLIQUID 限流保护 (429)! 休息 2s 后重试...
2026-02-13 18:55:36,142 [WARNING] ⚠️ HYPERLIQUID 限流保护 (429)! 休息 4s 后重试...
2026-02-13 18:55:36,200 [WARNING] ⚠️ HYPERLIQUID 限流保护 (429)! 休息 2s 后重试...
2026-02-13 18:55:38,513 [WARNING] ⚠️ HYPERLIQUID 限流保护 (429)! 休息 4s 后重试...
2026-02-13 18:55:40,786 [WARNING] ⚠️ HYPERLIQUID 限流保护 (429)! 休息 2s 后重试...
2026-02-13 18:55:43,799 [WARNING] ⚠️ HYPERLIQUID 限流保护 (429)! 休息 2s 后重试...
2026-02-13 18:55:44,138 [WARNING] ⚠️ HYPERLIQUID 限流保护 (429)! 休息 2s 后重试...
2026-02-13 18:55:46,685 [WARNING] ⚠️ HYPERLIQUID 限流保护 (429)! 休息 2s 后重试...
2026-02-13 18:55:46,854 [WARNING] ⚠️ HYPERLIQUID 限流保护 (429)! 休息 2s 后重试...
2026-02-13 18:55:49,500 [WARNING] ⚠️ HYPERLIQUID 限流保护 (429)! 休息 2s 后重试...
2026-02-13 18:55:49,703 [WARNING] ⚠️ HYPERLIQUID 限流保护 (429)! 休息 2s 后重试...
2026-02-13 18:55:51,878 [WARNING] ⚠️ HYPERLIQUID 限流保护 (429)! 休息 4s 后重试...
2026-02-13 18:55:52,474 [WARNING] ⚠️ HYPERLIQUID 限流保护 (429)! 休息 2s 后重试...
2026-02-13 18:55:56,549 [WARNING] ⚠️ HYPERLIQUID 限流保护 (429)! 休息 2s 后重试...
2026-02-13 18:55:58,988 [WARNING] ⚠️ HYPERLIQUID 限流保护 (429)! 休息 4s 后重试...
2026-02-13 18:55:59,737 [WARNING] ⚠️ HYPERLIQUID 限流保护 (429)! 休息 2s 后重试...
2026-02-13 18:56:20,925 [INFO] 🤫 静默锁定 5 个新目标
2026-02-13 18:57:35,916 [INFO] ⚡ HYNA-LTC/USDE:USDE 突破，二审中...
2026-02-13 18:57:37,134 [INFO] ✅ HYNA-LTC/USDE:USDE 二审通过！
2026-02-13 18:57:39,745 [INFO] 📧 邮件发送: 🚀 📈 向上突破 HYNA-LTC/USDE:USDE
2026-02-13 19:01:21,856 [INFO] ✅ HYNA-LTC/USDE:USDE 收线确认有效！(收盘:54.852 > 突破:54.612)
2026-02-13 19:01:24,522 [INFO] 📧 邮件发送: ✅ 1 个突破已确认有效
2026-02-13 19:34:46,145 [INFO] ⚡ AUDIO/USDT:USDT 突破，二审中...
2026-02-13 19:34:46,403 [INFO] ✅ AUDIO/USDT:USDT 二审通过！
2026-02-13 19:34:49,005 [INFO] 📧 邮件发送: 🚀 📈 向上突破 AUDIO/USDT:USDT
2026-02-13 19:56:20,929 [INFO] 📡 拉取全市场实时行情...
2026-02-13 19:56:31,246 [INFO] 🔍 扫描 679 个标的...
2026-02-13 19:56:58,160 [WARNING] ⚠️ HYPERLIQUID 限流保护 (429)! 休息 2s 后重试...
2026-02-13 19:56:58,769 [WARNING] ⚠️ HYPERLIQUID 限流保护 (429)! 休息 2s 后重试...
2026-02-13 19:57:32,582 [WARNING] ⚠️ HYPERLIQUID 限流保护 (429)! 休息 2s 后重试...
2026-02-13 19:57:33,814 [WARNING] ⚠️ HYPERLIQUID 限流保护 (429)! 休息 2s 后重试...
2026-02-13 19:57:35,620 [WARNING] ⚠️ HYPERLIQUID 限流保护 (429)! 休息 2s 后重试...
2026-02-13 19:57:36,584 [WARNING] ⚠️ HYPERLIQUID 限流保护 (429)! 休息 2s 后重试...
2026-02-13 19:57:37,938 [WARNING] ⚠️ HYPERLIQUID 限流保护 (429)! 休息 4s 后重试...
2026-02-13 19:57:41,991 [WARNING] ⚠️ HYPERLIQUID 限流保护 (429)! 休息 2s 后重试...
2026-02-13 19:57:43,949 [WARNING] ⚠️ HYPERLIQUID 限流保护 (429)! 休息 2s 后重试...
2026-02-13 19:57:44,754 [WARNING] ⚠️ HYPERLIQUID 限流保护 (429)! 休息 2s 后重试...
2026-02-13 19:57:46,265 [WARNING] ⚠️ HYPERLIQUID 限流保护 (429)! 休息 4s 后重试...
2026-02-13 19:57:47,087 [WARNING] ⚠️ HYPERLIQUID 限流保护 (429)! 休息 4s 后重试...
2026-02-13 19:57:51,820 [WARNING] ⚠️ HYPERLIQUID 限流保护 (429)! 休息 2s 后重试...
2026-02-13 19:57:53,282 [WARNING] ⚠️ HYPERLIQUID 限流保护 (429)! 休息 2s 后重试...
2026-02-13 19:57:54,140 [WARNING] ⚠️ HYPERLIQUID 限流保护 (429)! 休息 4s 后重试...
2026-02-13 19:57:55,596 [WARNING] ⚠️ HYPERLIQUID 限流保护 (429)! 休息 4s 后重试...
2026-02-13 19:57:58,779 [WARNING] ⚠️ HYPERLIQUID 限流保护 (429)! 休息 2s 后重试...
2026-02-13 19:58:19,834 [INFO] 🤫 静默锁定 4 个新目标
2026-02-13 19:59:55,657 [INFO] ⚡ AUDIO/USDT:USDT 突破，二审中...
2026-02-13 19:59:55,918 [INFO] ✅ AUDIO/USDT:USDT 二审通过！
2026-02-13 19:59:58,561 [INFO] 📧 邮件发送: 🚀 📈 向上突破 AUDIO/USDT:USDT
2026-02-13 20:01:25,012 [WARNING] ❌ AUDIO/USDT:USDT 假突破 (收盘:0.02142 未站稳)，已丢弃。
2026-02-13 20:58:19,836 [INFO] 📡 拉取全市场实时行情...
2026-02-13 20:59:24,483 [INFO] 🔍 扫描 677 个标的...
2026-02-13 21:00:51,869 [WARNING] ⚠️ HYPERLIQUID 限流保护 (429)! 休息 2s 后重试...
2026-02-13 21:00:52,546 [WARNING] ⚠️ HYPERLIQUID 限流保护 (429)! 休息 2s 后重试...
2026-02-13 21:00:54,637 [WARNING] ⚠️ HYPERLIQUID 限流保护 (429)! 休息 2s 后重试...
2026-02-13 21:00:55,322 [WARNING] ⚠️ HYPERLIQUID 限流保护 (429)! 休息 2s 后重试...
2026-02-13 21:00:56,952 [WARNING] ⚠️ HYPERLIQUID 限流保护 (429)! 休息 4s 后重试...
2026-02-13 21:00:59,539 [WARNING] ⚠️ HYPERLIQUID 限流保护 (429)! 休息 2s 后重试...
2026-02-13 21:01:30,224 [WARNING] ⚠️ HYPERLIQUID 限流保护 (429)! 休息 2s 后重试...
2026-02-13 21:01:31,353 [WARNING] ⚠️ HYPERLIQUID 限流保护 (429)! 休息 2s 后重试...
2026-02-13 21:01:32,555 [WARNING] ⚠️ HYPERLIQUID 限流保护 (429)! 休息 4s 后重试...
2026-02-13 21:01:34,193 [WARNING] ⚠️ HYPERLIQUID 限流保护 (429)! 休息 2s 后重试...
2026-02-13 21:01:36,878 [WARNING] ⚠️ HYPERLIQUID 限流保护 (429)! 休息 2s 后重试...
2026-02-13 21:01:39,291 [WARNING] ⚠️ HYPERLIQUID 限流保护 (429)! 休息 4s 后重试...
2026-02-13 21:01:39,462 [WARNING] ⚠️ HYPERLIQUID 限流保护 (429)! 休息 2s 后重试...
2026-02-13 21:01:41,784 [WARNING] ⚠️ HYPERLIQUID 限流保护 (429)! 休息 4s 后重试...
2026-02-13 21:01:44,519 [WARNING] ⚠️ HYPERLIQUID 限流保护 (429)! 休息 2s 后重试...
2026-02-13 21:01:46,833 [WARNING] ⚠️ HYPERLIQUID 限流保护 (429)! 休息 4s 后重试...
2026-02-13 21:01:47,032 [WARNING] ⚠️ HYPERLIQUID 限流保护 (429)! 休息 2s 后重试...
2026-02-13 21:01:49,402 [WARNING] ⚠️ HYPERLIQUID 限流保护 (429)! 休息 4s 后重试...
2026-02-13 21:01:51,912 [WARNING] ⚠️ HYPERLIQUID 限流保护 (429)! 休息 2s 后重试...
2026-02-13 21:01:54,032 [WARNING] ⚠️ HYPERLIQUID 限流保护 (429)! 休息 2s 后重试...
2026-02-13 21:01:54,233 [WARNING] ⚠️ HYPERLIQUID 限流保护 (429)! 休息 4s 后重试...
2026-02-13 21:01:56,347 [WARNING] ⚠️ HYPERLIQUID 限流保护 (429)! 休息 4s 后重试...
2026-02-13 21:02:22,499 [INFO] 🤫 静默锁定 68 个新目标
2026-02-13 21:06:32,901 [INFO] ⚡ OP/USDC:USDC 突破，二审中...
2026-02-13 21:06:46,388 [INFO] ⚡ ARB/USDC:USDC 突破，二审中...
2026-02-13 21:08:45,897 [INFO] ⚡ POLYX/USDC:USDC 突破，二审中...
2026-02-13 21:09:12,919 [INFO] ⚡ NEAR/USDC:USDC 突破，二审中...
2026-02-13 21:09:45,923 [INFO] ⚡ GMT/USDC:USDC 突破，二审中...
2026-02-13 21:11:32,900 [INFO] ⚡ CELO/USDC:USDC 突破，二审中...
2026-02-13 21:11:52,906 [INFO] ⚡ SCR/USDC:USDC 突破，二审中...
2026-02-13 21:12:45,914 [INFO] ⚡ PROMPT/USDC:USDC 突破，二审中...
2026-02-13 21:14:35,849 [WARNING] ❌ OP/USDC:USDC 二审失败
2026-02-13 21:14:36,049 [WARNING] ❌ ARB/USDC:USDC 二审失败
2026-02-13 21:14:36,252 [WARNING] ❌ POLYX/USDC:USDC 二审失败
2026-02-13 21:14:36,454 [WARNING] ❌ NEAR/USDC:USDC 二审失败
2026-02-13 21:14:36,647 [INFO] ✅ GMT/USDC:USDC 二审通过！
2026-02-13 21:14:36,850 [INFO] ✅ CELO/USDC:USDC 二审通过！
2026-02-13 21:14:37,051 [INFO] ✅ SCR/USDC:USDC 二审通过！
2026-02-13 21:14:37,280 [INFO] ✅ PROMPT/USDC:USDC 二审通过！
2026-02-13 21:14:39,404 [INFO] 📧 邮件发送: 🚀 📈 向上突破 GMT/USDC:USDC
2026-02-13 21:14:39,482 [INFO] 📧 邮件发送: 🚀 📈 向上突破 CELO/USDC:USDC
2026-02-13 21:14:39,863 [INFO] 📧 邮件发送: 🚀 📈 向上突破 SCR/USDC:USDC
2026-02-13 21:14:39,951 [INFO] 📧 邮件发送: 🚀 📈 向上突破 PROMPT/USDC:USDC
2026-02-13 21:17:40,672 [INFO] ⚡ APE/USDC:USDC 突破，二审中...
2026-02-13 21:18:00,680 [INFO] ⚡ KPEPE/USDC:USDC 突破，二审中...
2026-02-13 21:19:20,688 [INFO] ⚡ DOT/USDC:USDC 突破，二审中...
2026-02-13 21:24:30,695 [WARNING] ❌ APE/USDC:USDC 二审失败
2026-02-13 21:24:30,830 [WARNING] ❌ KPEPE/USDC:USDC 二审失败
2026-02-13 21:24:31,029 [WARNING] ❌ DOT/USDC:USDC 二审失败
2026-02-13 22:01:57,533 [INFO] ✅ GMT/USDC:USDC 收线确认有效！(收盘:0.012778 > 突破:0.012738)
2026-02-13 22:02:04,731 [WARNING] ❌ CELO/USDC:USDC 假突破 (收盘:0.086627 未站稳)，已丢弃。
2026-02-13 22:02:05,067 [WARNING] ❌ SCR/USDC:USDC 假突破 (收盘:0.05076 未站稳)，已丢弃。
2026-02-13 22:02:22,501 [INFO] 📡 拉取全市场实时行情...
2026-02-13 22:11:04,343 [WARNING] ❌ PROMPT/USDC:USDC 假突破 (收盘:0.049131 未站稳)，已丢弃。
2026-02-13 22:11:07,221 [INFO] 📧 邮件发送: ✅ 1 个突破已确认有效
2026-02-13 22:11:23,768 [INFO] 🔍 扫描 677 个标的...
2026-02-13 22:14:17,599 [INFO] ⚡ LDO/USDC:USDC 突破，二审中...
2026-02-13 22:20:59,251 [WARNING] ⚠️ HYPERLIQUID 限流保护 (429)! 休息 2s 后重试...
2026-02-13 22:21:32,694 [WARNING] ⚠️ HYPERLIQUID 限流保护 (429)! 休息 2s 后重试...
2026-02-13 22:21:33,235 [WARNING] ⚠️ HYPERLIQUID 限流保护 (429)! 休息 2s 后重试...
2026-02-13 22:21:35,657 [WARNING] ⚠️ HYPERLIQUID 限流保护 (429)! 休息 4s 后重试...
2026-02-13 22:21:37,259 [WARNING] ⚠️ HYPERLIQUID 限流保护 (429)! 休息 2s 后重试...
2026-02-13 22:21:39,582 [WARNING] ⚠️ HYPERLIQUID 限流保护 (429)! 休息 4s 后重试...
2026-02-13 22:21:41,937 [WARNING] ⚠️ HYPERLIQUID 限流保护 (429)! 休息 2s 后重试...
2026-02-13 22:21:44,215 [WARNING] ⚠️ HYPERLIQUID 限流保护 (429)! 休息 2s 后重试...
2026-02-13 22:21:44,884 [WARNING] ⚠️ HYPERLIQUID 限流保护 (429)! 休息 2s 后重试...
2026-02-13 22:21:46,534 [WARNING] ⚠️ HYPERLIQUID 限流保护 (429)! 休息 4s 后重试...
2026-02-13 22:21:47,654 [WARNING] ⚠️ HYPERLIQUID 限流保护 (429)! 休息 2s 后重试...
2026-02-13 22:21:51,272 [WARNING] ⚠️ HYPERLIQUID 限流保护 (429)! 休息 2s 后重试...
2026-02-13 22:21:51,527 [WARNING] ⚠️ HYPERLIQUID 限流保护 (429)! 休息 2s 后重试...
2026-02-13 22:21:53,588 [WARNING] ⚠️ HYPERLIQUID 限流保护 (429)! 休息 4s 后重试...
2026-02-13 22:21:53,847 [WARNING] ⚠️ HYPERLIQUID 限流保护 (429)! 休息 4s 后重试...
2026-02-13 22:21:58,367 [WARNING] ⚠️ HYPERLIQUID 限流保护 (429)! 休息 2s 后重试...
2026-02-13 22:21:58,563 [WARNING] ⚠️ HYPERLIQUID 限流保护 (429)! 休息 2s 后重试...
2026-02-13 22:22:03,146 [INFO] 🤫 静默锁定 118 个新目标
2026-02-13 22:22:03,271 [WARNING] ❌ LDO/USDC:USDC 二审失败
2026-02-13 22:34:12,653 [INFO] ⚡ ETC/USDC:USDC 突破，二审中...
2026-02-13 22:37:02,578 [WARNING] ❌ ETC/USDC:USDC 二审失败
2026-02-13 23:22:03,147 [INFO] 📡 拉取全市场实时行情...
2026-02-13 23:35:53,734 [INFO] 🔍 扫描 680 个标的...
2026-02-13 23:50:52,296 [WARNING] ⚠️ HYPERLIQUID 限流保护 (429)! 休息 2s 后重试...
2026-02-13 23:50:55,050 [WARNING] ⚠️ HYPERLIQUID 限流保护 (429)! 休息 2s 后重试...
2026-02-13 23:50:55,612 [WARNING] ⚠️ HYPERLIQUID 限流保护 (429)! 休息 2s 后重试...
2026-02-13 23:50:57,367 [WARNING] ⚠️ HYPERLIQUID 限流保护 (429)! 休息 4s 后重试...
2026-02-13 23:50:57,931 [WARNING] ⚠️ HYPERLIQUID 限流保护 (429)! 休息 4s 后重试...
2026-02-13 23:51:32,614 [INFO] 🤫 静默锁定 26 个新目标
2026-02-13 23:51:50,649 [WARNING] ⚠️ HYPERLIQUID 限流保护 (429)! 休息 2s 后重试...
2026-02-13 23:51:51,628 [WARNING] ⚠️ HYPERLIQUID 限流保护 (429)! 休息 2s 后重试...
2026-02-13 23:51:54,630 [WARNING] ⚠️ HYPERLIQUID 限流保护 (429)! 休息 4s 后重试...
2026-02-13 23:51:55,645 [WARNING] ⚠️ HYPERLIQUID 限流保护 (429)! 休息 4s 后重试...
